ARM GAS  C:\Users\SUZUKI~1\AppData\Local\Temp\ccQXjVZf.s 			page 1


   1              		.syntax unified
   2              		.cpu cortex-m3
   3              		.fpu softvfp
   4              		.eabi_attribute 20, 1
   5              		.eabi_attribute 21, 1
   6              		.eabi_attribute 23, 3
   7              		.eabi_attribute 24, 1
   8              		.eabi_attribute 25, 1
   9              		.eabi_attribute 26, 1
  10              		.eabi_attribute 30, 1
  11              		.eabi_attribute 34, 1
  12              		.eabi_attribute 18, 4
  13              		.thumb
  14              		.file	"cymetadata.c"
  15              		.text
  16              	.Ltext0:
  17              		.cfi_sections	.debug_frame
  18              		.global	cy_metadata
  19              		.global	cy_meta_flashprotect
  20              		.global	cy_meta_wonvl
  21              		.global	cy_meta_custnvl
  22              		.global	cy_meta_configecc
  23              		.section	.cyconfigecc,"a",%progbits
  24              		.align	2
  25              		.type	cy_meta_configecc, %object
  26              		.size	cy_meta_configecc, 340
  27              	cy_meta_configecc:
  28 0000 01       		.byte	1
  29 0001 52       		.byte	82
  30 0002 00       		.byte	0
  31 0003 40       		.byte	64
  32 0004 01       		.byte	1
  33 0005 5B       		.byte	91
  34 0006 00       		.byte	0
  35 0007 40       		.byte	64
  36 0008 01       		.byte	1
  37 0009 05       		.byte	5
  38 000a 01       		.byte	1
  39 000b 40       		.byte	64
  40 000c 01       		.byte	1
  41 000d 07       		.byte	7
  42 000e 01       		.byte	1
  43 000f 40       		.byte	64
  44 0010 01       		.byte	1
  45 0011 09       		.byte	9
  46 0012 01       		.byte	1
  47 0013 40       		.byte	64
  48 0014 01       		.byte	1
  49 0015 0B       		.byte	11
  50 0016 01       		.byte	1
  51 0017 40       		.byte	64
  52 0018 01       		.byte	1
  53 0019 15       		.byte	21
  54 001a 01       		.byte	1
  55 001b 40       		.byte	64
  56 001c 20       		.byte	32
  57 001d 1A       		.byte	26
ARM GAS  C:\Users\SUZUKI~1\AppData\Local\Temp\ccQXjVZf.s 			page 2


  58 001e 01       		.byte	1
  59 001f 40       		.byte	64
  60 0020 15       		.byte	21
  61 0021 1B       		.byte	27
  62 0022 01       		.byte	1
  63 0023 40       		.byte	64
  64 0024 08       		.byte	8
  65 0025 40       		.byte	64
  66 0026 01       		.byte	1
  67 0027 40       		.byte	64
  68 0028 03       		.byte	3
  69 0029 41       		.byte	65
  70 002a 01       		.byte	1
  71 002b 40       		.byte	64
  72 002c 04       		.byte	4
  73 002d 42       		.byte	66
  74 002e 01       		.byte	1
  75 002f 40       		.byte	64
  76 0030 03       		.byte	3
  77 0031 43       		.byte	67
  78 0032 01       		.byte	1
  79 0033 40       		.byte	64
  80 0034 05       		.byte	5
  81 0035 46       		.byte	70
  82 0036 01       		.byte	1
  83 0037 40       		.byte	64
  84 0038 04       		.byte	4
  85 0039 47       		.byte	71
  86 003a 01       		.byte	1
  87 003b 40       		.byte	64
  88 003c 04       		.byte	4
  89 003d 48       		.byte	72
  90 003e 01       		.byte	1
  91 003f 40       		.byte	64
  92 0040 01       		.byte	1
  93 0041 49       		.byte	73
  94 0042 01       		.byte	1
  95 0043 40       		.byte	64
  96 0044 02       		.byte	2
  97 0045 4C       		.byte	76
  98 0046 01       		.byte	1
  99 0047 40       		.byte	64
 100 0048 07       		.byte	7
 101 0049 4D       		.byte	77
 102 004a 01       		.byte	1
 103 004b 40       		.byte	64
 104 004c 02       		.byte	2
 105 004d 50       		.byte	80
 106 004e 01       		.byte	1
 107 004f 40       		.byte	64
 108 0050 02       		.byte	2
 109 0051 51       		.byte	81
 110 0052 01       		.byte	1
 111 0053 40       		.byte	64
 112 0054 61       		.byte	97
 113 0055 80       		.byte	-128
 114 0056 27       		.byte	39
ARM GAS  C:\Users\SUZUKI~1\AppData\Local\Temp\ccQXjVZf.s 			page 3


 115 0057 84       		.byte	-124
 116 0058 E2       		.byte	-30
 117 0059 40       		.byte	64
 118 005a EE       		.byte	-18
 119 005b 04       		.byte	4
 120 005c EE       		.byte	-18
 121 005d 04       		.byte	4
 122 005e E2       		.byte	-30
 123 005f 40       		.byte	64
 124 0060 EC       		.byte	-20
 125 0061 20       		.byte	32
 126 0062 06       		.byte	6
 127 0063 05       		.byte	5
 128 0064 12       		.byte	18
 129 0065 04       		.byte	4
 130 0066 24       		.byte	36
 131 0067 01       		.byte	1
 132 0068 2E       		.byte	46
 133 0069 02       		.byte	2
 134 006a 30       		.byte	48
 135 006b 04       		.byte	4
 136 006c 32       		.byte	50
 137 006d 01       		.byte	1
 138 006e 34       		.byte	52
 139 006f 02       		.byte	2
 140 0070 40       		.byte	64
 141 0071 20       		.byte	32
 142 0072 41       		.byte	65
 143 0073 05       		.byte	5
 144 0074 45       		.byte	69
 145 0075 01       		.byte	1
 146 0076 47       		.byte	71
 147 0077 20       		.byte	32
 148 0078 48       		.byte	72
 149 0079 21       		.byte	33
 150 007a 49       		.byte	73
 151 007b FF       		.byte	-1
 152 007c 4A       		.byte	74
 153 007d FF       		.byte	-1
 154 007e 4B       		.byte	75
 155 007f FF       		.byte	-1
 156 0080 4D       		.byte	77
 157 0081 A0       		.byte	-96
 158 0082 4F       		.byte	79
 159 0083 04       		.byte	4
 160 0084 50       		.byte	80
 161 0085 18       		.byte	24
 162 0086 52       		.byte	82
 163 0087 80       		.byte	-128
 164 0088 58       		.byte	88
 165 0089 04       		.byte	4
 166 008a 5A       		.byte	90
 167 008b 04       		.byte	4
 168 008c 5B       		.byte	91
 169 008d 04       		.byte	4
 170 008e 5F       		.byte	95
 171 008f 01       		.byte	1
ARM GAS  C:\Users\SUZUKI~1\AppData\Local\Temp\ccQXjVZf.s 			page 4


 172 0090 60       		.byte	96
 173 0091 40       		.byte	64
 174 0092 62       		.byte	98
 175 0093 C0       		.byte	-64
 176 0094 64       		.byte	100
 177 0095 40       		.byte	64
 178 0096 65       		.byte	101
 179 0097 40       		.byte	64
 180 0098 66       		.byte	102
 181 0099 C0       		.byte	-64
 182 009a 68       		.byte	104
 183 009b C0       		.byte	-64
 184 009c 6A       		.byte	106
 185 009d C0       		.byte	-64
 186 009e 6C       		.byte	108
 187 009f C0       		.byte	-64
 188 00a0 6E       		.byte	110
 189 00a1 C0       		.byte	-64
 190 00a2 00       		.byte	0
 191 00a3 04       		.byte	4
 192 00a4 09       		.byte	9
 193 00a5 02       		.byte	2
 194 00a6 10       		.byte	16
 195 00a7 20       		.byte	32
 196 00a8 13       		.byte	19
 197 00a9 40       		.byte	64
 198 00aa 18       		.byte	24
 199 00ab 14       		.byte	20
 200 00ac 1B       		.byte	27
 201 00ad 02       		.byte	2
 202 00ae 40       		.byte	64
 203 00af 04       		.byte	4
 204 00b0 48       		.byte	72
 205 00b1 22       		.byte	34
 206 00b2 50       		.byte	80
 207 00b3 02       		.byte	2
 208 00b4 51       		.byte	81
 209 00b5 02       		.byte	2
 210 00b6 73       		.byte	115
 211 00b7 40       		.byte	64
 212 00b8 80       		.byte	-128
 213 00b9 10       		.byte	16
 214 00ba 87       		.byte	-121
 215 00bb 02       		.byte	2
 216 00bc C0       		.byte	-64
 217 00bd 04       		.byte	4
 218 00be C2       		.byte	-62
 219 00bf 08       		.byte	8
 220 00c0 C4       		.byte	-60
 221 00c1 05       		.byte	5
 222 00c2 D0       		.byte	-48
 223 00c3 04       		.byte	4
 224 00c4 D2       		.byte	-46
 225 00c5 08       		.byte	8
 226 00c6 E0       		.byte	-32
 227 00c7 08       		.byte	8
 228 00c8 E4       		.byte	-28
ARM GAS  C:\Users\SUZUKI~1\AppData\Local\Temp\ccQXjVZf.s 			page 5


 229 00c9 01       		.byte	1
 230 00ca EC       		.byte	-20
 231 00cb 20       		.byte	32
 232 00cc 13       		.byte	19
 233 00cd 04       		.byte	4
 234 00ce 33       		.byte	51
 235 00cf 20       		.byte	32
 236 00d0 37       		.byte	55
 237 00d1 80       		.byte	-128
 238 00d2 3B       		.byte	59
 239 00d3 04       		.byte	4
 240 00d4 3C       		.byte	60
 241 00d5 40       		.byte	64
 242 00d6 C4       		.byte	-60
 243 00d7 10       		.byte	16
 244 00d8 CC       		.byte	-52
 245 00d9 30       		.byte	48
 246 00da CE       		.byte	-50
 247 00db 60       		.byte	96
 248 00dc 94       		.byte	-108
 249 00dd 40       		.byte	64
 250 00de 9F       		.byte	-97
 251 00df 80       		.byte	-128
 252 00e0 A7       		.byte	-89
 253 00e1 20       		.byte	32
 254 00e2 8C       		.byte	-116
 255 00e3 40       		.byte	64
 256 00e4 94       		.byte	-108
 257 00e5 40       		.byte	64
 258 00e6 9F       		.byte	-97
 259 00e7 80       		.byte	-128
 260 00e8 A7       		.byte	-89
 261 00e9 20       		.byte	32
 262 00ea 9F       		.byte	-97
 263 00eb 80       		.byte	-128
 264 00ec AB       		.byte	-85
 265 00ed 20       		.byte	32
 266 00ee EE       		.byte	-18
 267 00ef 20       		.byte	32
 268 00f0 1A       		.byte	26
 269 00f1 20       		.byte	32
 270 00f2 1B       		.byte	27
 271 00f3 04       		.byte	4
 272 00f4 8E       		.byte	-114
 273 00f5 10       		.byte	16
 274 00f6 C6       		.byte	-58
 275 00f7 08       		.byte	8
 276 00f8 E2       		.byte	-30
 277 00f9 02       		.byte	2
 278 00fa 42       		.byte	66
 279 00fb 20       		.byte	32
 280 00fc 44       		.byte	68
 281 00fd 01       		.byte	1
 282 00fe AB       		.byte	-85
 283 00ff 04       		.byte	4
 284 0100 D0       		.byte	-48
 285 0101 06       		.byte	6
ARM GAS  C:\Users\SUZUKI~1\AppData\Local\Temp\ccQXjVZf.s 			page 6


 286 0102 20       		.byte	32
 287 0103 80       		.byte	-128
 288 0104 27       		.byte	39
 289 0105 80       		.byte	-128
 290 0106 9F       		.byte	-97
 291 0107 80       		.byte	-128
 292 0108 C8       		.byte	-56
 293 0109 C0       		.byte	-64
 294 010a B0       		.byte	-80
 295 010b 40       		.byte	64
 296 010c 9C       		.byte	-100
 297 010d 01       		.byte	1
 298 010e 9E       		.byte	-98
 299 010f 20       		.byte	32
 300 0110 70       		.byte	112
 301 0111 04       		.byte	4
 302 0112 80       		.byte	-128
 303 0113 04       		.byte	4
 304 0114 86       		.byte	-122
 305 0115 20       		.byte	32
 306 0116 9E       		.byte	-98
 307 0117 20       		.byte	32
 308 0118 B0       		.byte	-80
 309 0119 01       		.byte	1
 310 011a DC       		.byte	-36
 311 011b 01       		.byte	1
 312 011c EC       		.byte	-20
 313 011d 04       		.byte	4
 314 011e 10       		.byte	16
 315 011f 01       		.byte	1
 316 0120 1C       		.byte	28
 317 0121 01       		.byte	1
 318 0122 00       		.byte	0
 319 0123 0F       		.byte	15
 320 0124 10       		.byte	16
 321 0125 0A       		.byte	10
 322 0126 00       		.byte	0
 323 0127 00       		.byte	0
 324 0128 00       		.byte	0
 325 0129 B0       		.byte	-80
 326 012a B0       		.byte	-80
 327 012b 00       		.byte	0
 328 012c 80       		.byte	-128
 329 012d 00       		.byte	0
 330 012e 00       		.byte	0
 331 012f 00       		.byte	0
 332 0130 00       		.byte	0
 333 0131 00       		.byte	0
 334 0132 00       		.byte	0
 335 0133 00       		.byte	0
 336 0134 00       		.byte	0
 337 0135 00       		.byte	0
 338 0136 02       		.byte	2
 339 0137 00       		.byte	0
 340 0138 00       		.byte	0
 341 0139 D8       		.byte	-40
 342 013a D8       		.byte	-40
ARM GAS  C:\Users\SUZUKI~1\AppData\Local\Temp\ccQXjVZf.s 			page 7


 343 013b 00       		.byte	0
 344 013c 00       		.byte	0
 345 013d 00       		.byte	0
 346 013e 00       		.byte	0
 347 013f 00       		.byte	0
 348 0140 00       		.byte	0
 349 0141 DE       		.byte	-34
 350 0142 DE       		.byte	-34
 351 0143 00       		.byte	0
 352 0144 00       		.byte	0
 353 0145 00       		.byte	0
 354 0146 00       		.byte	0
 355 0147 00       		.byte	0
 356 0148 38       		.byte	56
 357 0149 00       		.byte	0
 358 014a 00       		.byte	0
 359 014b 38       		.byte	56
 360 014c 00       		.byte	0
 361 014d 00       		.byte	0
 362 014e 00       		.byte	0
 363 014f 00       		.byte	0
 364 0150 02       		.byte	2
 365 0151 00       		.byte	0
 366 0152 00       		.byte	0
 367 0153 00       		.byte	0
 368              		.section	.cywolatch,"a",%progbits
 369              		.align	2
 370              		.type	cy_meta_wonvl, %object
 371              		.size	cy_meta_wonvl, 4
 372              	cy_meta_wonvl:
 373 0000 BC       		.byte	-68
 374 0001 90       		.byte	-112
 375 0002 AC       		.byte	-84
 376 0003 AF       		.byte	-81
 377              		.section	.cycustnvl,"a",%progbits
 378              		.align	2
 379              		.type	cy_meta_custnvl, %object
 380              		.size	cy_meta_custnvl, 4
 381              	cy_meta_custnvl:
 382 0000 00       		.byte	0
 383 0001 00       		.byte	0
 384 0002 40       		.byte	64
 385 0003 05       		.byte	5
 386              		.section	.cymeta,"a",%progbits
 387              		.align	2
 388              		.type	cy_metadata, %object
 389              		.size	cy_metadata, 12
 390              	cy_metadata:
 391 0000 00       		.byte	0
 392 0001 01       		.byte	1
 393 0002 2E       		.byte	46
 394 0003 11       		.byte	17
 395 0004 E0       		.byte	-32
 396 0005 69       		.byte	105
 397 0006 00       		.byte	0
 398 0007 01       		.byte	1
 399 0008 00       		.byte	0
ARM GAS  C:\Users\SUZUKI~1\AppData\Local\Temp\ccQXjVZf.s 			page 8


 400 0009 00       		.byte	0
 401 000a 00       		.byte	0
 402 000b 00       		.byte	0
 403              		.section	.cyflashprotect,"a",%progbits
 404              		.align	2
 405              		.type	cy_meta_flashprotect, %object
 406              		.size	cy_meta_flashprotect, 256
 407              	cy_meta_flashprotect:
 408 0000 00000000 		.space	256
 408      00000000 
 408      00000000 
 408      00000000 
 408      00000000 
 409              		.text
 410              	.Letext0:
 411              		.file 1 ".\\Generated_Source\\PSoC5\\cymetadata.c"
 412              		.file 2 ".\\Generated_Source\\PSoC5\\cytypes.h"
 413              		.section	.debug_info,"",%progbits
 414              	.Ldebug_info0:
 415 0000 37010000 		.4byte	0x137
 416 0004 0400     		.2byte	0x4
 417 0006 00000000 		.4byte	.Ldebug_abbrev0
 418 000a 04       		.byte	0x4
 419 000b 01       		.uleb128 0x1
 420 000c D8000000 		.4byte	.LASF18
 421 0010 01       		.byte	0x1
 422 0011 44000000 		.4byte	.LASF19
 423 0015 00000000 		.4byte	.LASF20
 424 0019 00000000 		.4byte	.Ldebug_line0
 425 001d 02       		.uleb128 0x2
 426 001e 01       		.byte	0x1
 427 001f 06       		.byte	0x6
 428 0020 E2010000 		.4byte	.LASF0
 429 0024 02       		.uleb128 0x2
 430 0025 01       		.byte	0x1
 431 0026 08       		.byte	0x8
 432 0027 7C000000 		.4byte	.LASF1
 433 002b 02       		.uleb128 0x2
 434 002c 02       		.byte	0x2
 435 002d 05       		.byte	0x5
 436 002e C9010000 		.4byte	.LASF2
 437 0032 02       		.uleb128 0x2
 438 0033 02       		.byte	0x2
 439 0034 07       		.byte	0x7
 440 0035 9C000000 		.4byte	.LASF3
 441 0039 02       		.uleb128 0x2
 442 003a 04       		.byte	0x4
 443 003b 05       		.byte	0x5
 444 003c D9010000 		.4byte	.LASF4
 445 0040 02       		.uleb128 0x2
 446 0041 04       		.byte	0x4
 447 0042 07       		.byte	0x7
 448 0043 8A000000 		.4byte	.LASF5
 449 0047 02       		.uleb128 0x2
 450 0048 08       		.byte	0x8
 451 0049 05       		.byte	0x5
 452 004a B6010000 		.4byte	.LASF6
ARM GAS  C:\Users\SUZUKI~1\AppData\Local\Temp\ccQXjVZf.s 			page 9


 453 004e 02       		.uleb128 0x2
 454 004f 08       		.byte	0x8
 455 0050 07       		.byte	0x7
 456 0051 73010000 		.4byte	.LASF7
 457 0055 03       		.uleb128 0x3
 458 0056 04       		.byte	0x4
 459 0057 05       		.byte	0x5
 460 0058 696E7400 		.ascii	"int\000"
 461 005c 02       		.uleb128 0x2
 462 005d 04       		.byte	0x4
 463 005e 07       		.byte	0x7
 464 005f 66010000 		.4byte	.LASF8
 465 0063 04       		.uleb128 0x4
 466 0064 D3010000 		.4byte	.LASF21
 467 0068 02       		.byte	0x2
 468 0069 9201     		.2byte	0x192
 469 006b 24000000 		.4byte	0x24
 470 006f 02       		.uleb128 0x2
 471 0070 04       		.byte	0x4
 472 0071 04       		.byte	0x4
 473 0072 76000000 		.4byte	.LASF9
 474 0076 02       		.uleb128 0x2
 475 0077 08       		.byte	0x8
 476 0078 04       		.byte	0x4
 477 0079 AF000000 		.4byte	.LASF10
 478 007d 02       		.uleb128 0x2
 479 007e 01       		.byte	0x1
 480 007f 08       		.byte	0x8
 481 0080 C4010000 		.4byte	.LASF11
 482 0084 05       		.uleb128 0x5
 483 0085 63000000 		.4byte	0x63
 484 0089 95000000 		.4byte	0x95
 485 008d 06       		.uleb128 0x6
 486 008e 95000000 		.4byte	0x95
 487 0092 5301     		.2byte	0x153
 488 0094 00       		.byte	0
 489 0095 02       		.uleb128 0x2
 490 0096 04       		.byte	0x4
 491 0097 07       		.byte	0x7
 492 0098 AD010000 		.4byte	.LASF12
 493 009c 07       		.uleb128 0x7
 494 009d C6000000 		.4byte	.LASF13
 495 00a1 01       		.byte	0x1
 496 00a2 1F       		.byte	0x1f
 497 00a3 AD000000 		.4byte	0xad
 498 00a7 05       		.uleb128 0x5
 499 00a8 03       		.byte	0x3
 500 00a9 00000000 		.4byte	cy_meta_configecc
 501 00ad 08       		.uleb128 0x8
 502 00ae 84000000 		.4byte	0x84
 503 00b2 05       		.uleb128 0x5
 504 00b3 63000000 		.4byte	0x63
 505 00b7 C2000000 		.4byte	0xc2
 506 00bb 09       		.uleb128 0x9
 507 00bc 95000000 		.4byte	0x95
 508 00c0 03       		.byte	0x3
 509 00c1 00       		.byte	0
ARM GAS  C:\Users\SUZUKI~1\AppData\Local\Temp\ccQXjVZf.s 			page 10


 510 00c2 07       		.uleb128 0x7
 511 00c3 B6000000 		.4byte	.LASF14
 512 00c7 01       		.byte	0x1
 513 00c8 57       		.byte	0x57
 514 00c9 D3000000 		.4byte	0xd3
 515 00cd 05       		.uleb128 0x5
 516 00ce 03       		.byte	0x3
 517 00cf 00000000 		.4byte	cy_meta_custnvl
 518 00d3 08       		.uleb128 0x8
 519 00d4 B2000000 		.4byte	0xb2
 520 00d8 07       		.uleb128 0x7
 521 00d9 9F010000 		.4byte	.LASF15
 522 00dd 01       		.byte	0x1
 523 00de 65       		.byte	0x65
 524 00df E9000000 		.4byte	0xe9
 525 00e3 05       		.uleb128 0x5
 526 00e4 03       		.byte	0x3
 527 00e5 00000000 		.4byte	cy_meta_wonvl
 528 00e9 08       		.uleb128 0x8
 529 00ea B2000000 		.4byte	0xb2
 530 00ee 05       		.uleb128 0x5
 531 00ef 63000000 		.4byte	0x63
 532 00f3 FE000000 		.4byte	0xfe
 533 00f7 09       		.uleb128 0x9
 534 00f8 95000000 		.4byte	0x95
 535 00fc FF       		.byte	0xff
 536 00fd 00       		.byte	0
 537 00fe 07       		.uleb128 0x7
 538 00ff 8A010000 		.4byte	.LASF16
 539 0103 01       		.byte	0x1
 540 0104 73       		.byte	0x73
 541 0105 0F010000 		.4byte	0x10f
 542 0109 05       		.uleb128 0x5
 543 010a 03       		.byte	0x3
 544 010b 00000000 		.4byte	cy_meta_flashprotect
 545 010f 08       		.uleb128 0x8
 546 0110 EE000000 		.4byte	0xee
 547 0114 05       		.uleb128 0x5
 548 0115 63000000 		.4byte	0x63
 549 0119 24010000 		.4byte	0x124
 550 011d 09       		.uleb128 0x9
 551 011e 95000000 		.4byte	0x95
 552 0122 0B       		.byte	0xb
 553 0123 00       		.byte	0
 554 0124 07       		.uleb128 0x7
 555 0125 6A000000 		.4byte	.LASF17
 556 0129 01       		.byte	0x1
 557 012a A0       		.byte	0xa0
 558 012b 35010000 		.4byte	0x135
 559 012f 05       		.uleb128 0x5
 560 0130 03       		.byte	0x3
 561 0131 00000000 		.4byte	cy_metadata
 562 0135 08       		.uleb128 0x8
 563 0136 14010000 		.4byte	0x114
 564 013a 00       		.byte	0
 565              		.section	.debug_abbrev,"",%progbits
 566              	.Ldebug_abbrev0:
ARM GAS  C:\Users\SUZUKI~1\AppData\Local\Temp\ccQXjVZf.s 			page 11


 567 0000 01       		.uleb128 0x1
 568 0001 11       		.uleb128 0x11
 569 0002 01       		.byte	0x1
 570 0003 25       		.uleb128 0x25
 571 0004 0E       		.uleb128 0xe
 572 0005 13       		.uleb128 0x13
 573 0006 0B       		.uleb128 0xb
 574 0007 03       		.uleb128 0x3
 575 0008 0E       		.uleb128 0xe
 576 0009 1B       		.uleb128 0x1b
 577 000a 0E       		.uleb128 0xe
 578 000b 10       		.uleb128 0x10
 579 000c 17       		.uleb128 0x17
 580 000d 00       		.byte	0
 581 000e 00       		.byte	0
 582 000f 02       		.uleb128 0x2
 583 0010 24       		.uleb128 0x24
 584 0011 00       		.byte	0
 585 0012 0B       		.uleb128 0xb
 586 0013 0B       		.uleb128 0xb
 587 0014 3E       		.uleb128 0x3e
 588 0015 0B       		.uleb128 0xb
 589 0016 03       		.uleb128 0x3
 590 0017 0E       		.uleb128 0xe
 591 0018 00       		.byte	0
 592 0019 00       		.byte	0
 593 001a 03       		.uleb128 0x3
 594 001b 24       		.uleb128 0x24
 595 001c 00       		.byte	0
 596 001d 0B       		.uleb128 0xb
 597 001e 0B       		.uleb128 0xb
 598 001f 3E       		.uleb128 0x3e
 599 0020 0B       		.uleb128 0xb
 600 0021 03       		.uleb128 0x3
 601 0022 08       		.uleb128 0x8
 602 0023 00       		.byte	0
 603 0024 00       		.byte	0
 604 0025 04       		.uleb128 0x4
 605 0026 16       		.uleb128 0x16
 606 0027 00       		.byte	0
 607 0028 03       		.uleb128 0x3
 608 0029 0E       		.uleb128 0xe
 609 002a 3A       		.uleb128 0x3a
 610 002b 0B       		.uleb128 0xb
 611 002c 3B       		.uleb128 0x3b
 612 002d 05       		.uleb128 0x5
 613 002e 49       		.uleb128 0x49
 614 002f 13       		.uleb128 0x13
 615 0030 00       		.byte	0
 616 0031 00       		.byte	0
 617 0032 05       		.uleb128 0x5
 618 0033 01       		.uleb128 0x1
 619 0034 01       		.byte	0x1
 620 0035 49       		.uleb128 0x49
 621 0036 13       		.uleb128 0x13
 622 0037 01       		.uleb128 0x1
 623 0038 13       		.uleb128 0x13
ARM GAS  C:\Users\SUZUKI~1\AppData\Local\Temp\ccQXjVZf.s 			page 12


 624 0039 00       		.byte	0
 625 003a 00       		.byte	0
 626 003b 06       		.uleb128 0x6
 627 003c 21       		.uleb128 0x21
 628 003d 00       		.byte	0
 629 003e 49       		.uleb128 0x49
 630 003f 13       		.uleb128 0x13
 631 0040 2F       		.uleb128 0x2f
 632 0041 05       		.uleb128 0x5
 633 0042 00       		.byte	0
 634 0043 00       		.byte	0
 635 0044 07       		.uleb128 0x7
 636 0045 34       		.uleb128 0x34
 637 0046 00       		.byte	0
 638 0047 03       		.uleb128 0x3
 639 0048 0E       		.uleb128 0xe
 640 0049 3A       		.uleb128 0x3a
 641 004a 0B       		.uleb128 0xb
 642 004b 3B       		.uleb128 0x3b
 643 004c 0B       		.uleb128 0xb
 644 004d 49       		.uleb128 0x49
 645 004e 13       		.uleb128 0x13
 646 004f 3F       		.uleb128 0x3f
 647 0050 19       		.uleb128 0x19
 648 0051 02       		.uleb128 0x2
 649 0052 18       		.uleb128 0x18
 650 0053 00       		.byte	0
 651 0054 00       		.byte	0
 652 0055 08       		.uleb128 0x8
 653 0056 26       		.uleb128 0x26
 654 0057 00       		.byte	0
 655 0058 49       		.uleb128 0x49
 656 0059 13       		.uleb128 0x13
 657 005a 00       		.byte	0
 658 005b 00       		.byte	0
 659 005c 09       		.uleb128 0x9
 660 005d 21       		.uleb128 0x21
 661 005e 00       		.byte	0
 662 005f 49       		.uleb128 0x49
 663 0060 13       		.uleb128 0x13
 664 0061 2F       		.uleb128 0x2f
 665 0062 0B       		.uleb128 0xb
 666 0063 00       		.byte	0
 667 0064 00       		.byte	0
 668 0065 00       		.byte	0
 669              		.section	.debug_aranges,"",%progbits
 670 0000 14000000 		.4byte	0x14
 671 0004 0200     		.2byte	0x2
 672 0006 00000000 		.4byte	.Ldebug_info0
 673 000a 04       		.byte	0x4
 674 000b 00       		.byte	0
 675 000c 0000     		.2byte	0
 676 000e 0000     		.2byte	0
 677 0010 00000000 		.4byte	0
 678 0014 00000000 		.4byte	0
 679              		.section	.debug_line,"",%progbits
 680              	.Ldebug_line0:
ARM GAS  C:\Users\SUZUKI~1\AppData\Local\Temp\ccQXjVZf.s 			page 13


 681 0000 4F000000 		.section	.debug_str,"MS",%progbits,1
 681      02004900 
 681      00000201 
 681      FB0E0D00 
 681      01010101 
 682              	.LASF20:
 683 0000 433A5C55 		.ascii	"C:\\Users\\suzukihajime\\Documents\\PSoC Creator\\b"
 683      73657273 
 683      5C73757A 
 683      756B6968 
 683      616A696D 
 684 002e 6F6F7374 		.ascii	"oost\\boost.soft.cydsn\000"
 684      5C626F6F 
 684      73742E73 
 684      6F66742E 
 684      63796473 
 685              	.LASF19:
 686 0044 2E5C4765 		.ascii	".\\Generated_Source\\PSoC5\\cymetadata.c\000"
 686      6E657261 
 686      7465645F 
 686      536F7572 
 686      63655C50 
 687              	.LASF17:
 688 006a 63795F6D 		.ascii	"cy_metadata\000"
 688      65746164 
 688      61746100 
 689              	.LASF9:
 690 0076 666C6F61 		.ascii	"float\000"
 690      7400
 691              	.LASF1:
 692 007c 756E7369 		.ascii	"unsigned char\000"
 692      676E6564 
 692      20636861 
 692      7200
 693              	.LASF5:
 694 008a 6C6F6E67 		.ascii	"long unsigned int\000"
 694      20756E73 
 694      69676E65 
 694      6420696E 
 694      7400
 695              	.LASF3:
 696 009c 73686F72 		.ascii	"short unsigned int\000"
 696      7420756E 
 696      7369676E 
 696      65642069 
 696      6E7400
 697              	.LASF10:
 698 00af 646F7562 		.ascii	"double\000"
 698      6C6500
 699              	.LASF14:
 700 00b6 63795F6D 		.ascii	"cy_meta_custnvl\000"
 700      6574615F 
 700      63757374 
 700      6E766C00 
 701              	.LASF13:
 702 00c6 63795F6D 		.ascii	"cy_meta_configecc\000"
 702      6574615F 
ARM GAS  C:\Users\SUZUKI~1\AppData\Local\Temp\ccQXjVZf.s 			page 14


 702      636F6E66 
 702      69676563 
 702      6300
 703              	.LASF18:
 704 00d8 474E5520 		.ascii	"GNU C 4.9.3 20150303 (release) [ARM/embedded-4_9-br"
 704      4320342E 
 704      392E3320 
 704      32303135 
 704      30333033 
 705 010b 616E6368 		.ascii	"anch revision 221220] -mcpu=cortex-m3 -mthumb -g -O"
 705      20726576 
 705      6973696F 
 705      6E203232 
 705      31323230 
 706 013e 67202D66 		.ascii	"g -ffunction-sections -ffat-lto-objects\000"
 706      66756E63 
 706      74696F6E 
 706      2D736563 
 706      74696F6E 
 707              	.LASF8:
 708 0166 756E7369 		.ascii	"unsigned int\000"
 708      676E6564 
 708      20696E74 
 708      00
 709              	.LASF7:
 710 0173 6C6F6E67 		.ascii	"long long unsigned int\000"
 710      206C6F6E 
 710      6720756E 
 710      7369676E 
 710      65642069 
 711              	.LASF16:
 712 018a 63795F6D 		.ascii	"cy_meta_flashprotect\000"
 712      6574615F 
 712      666C6173 
 712      6870726F 
 712      74656374 
 713              	.LASF15:
 714 019f 63795F6D 		.ascii	"cy_meta_wonvl\000"
 714      6574615F 
 714      776F6E76 
 714      6C00
 715              	.LASF12:
 716 01ad 73697A65 		.ascii	"sizetype\000"
 716      74797065 
 716      00
 717              	.LASF6:
 718 01b6 6C6F6E67 		.ascii	"long long int\000"
 718      206C6F6E 
 718      6720696E 
 718      7400
 719              	.LASF11:
 720 01c4 63686172 		.ascii	"char\000"
 720      00
 721              	.LASF2:
 722 01c9 73686F72 		.ascii	"short int\000"
 722      7420696E 
 722      7400
ARM GAS  C:\Users\SUZUKI~1\AppData\Local\Temp\ccQXjVZf.s 			page 15


 723              	.LASF21:
 724 01d3 75696E74 		.ascii	"uint8\000"
 724      3800
 725              	.LASF4:
 726 01d9 6C6F6E67 		.ascii	"long int\000"
 726      20696E74 
 726      00
 727              	.LASF0:
 728 01e2 7369676E 		.ascii	"signed char\000"
 728      65642063 
 728      68617200 
 729              		.ident	"GCC: (GNU Tools for ARM Embedded Processors) 4.9.3 20150303 (release) [ARM/embedded-4_9-br
