ARM GAS  C:\Users\SUZUKI~1\AppData\Local\Temp\cczt5ekG.s 			page 1


   1              		.syntax unified
   2              		.cpu cortex-m3
   3              		.fpu softvfp
   4              		.eabi_attribute 20, 1
   5              		.eabi_attribute 21, 1
   6              		.eabi_attribute 23, 3
   7              		.eabi_attribute 24, 1
   8              		.eabi_attribute 25, 1
   9              		.eabi_attribute 26, 1
  10              		.eabi_attribute 30, 1
  11              		.eabi_attribute 34, 1
  12              		.eabi_attribute 18, 4
  13              		.thumb
  14              		.file	"clock_clock24.c"
  15              		.text
  16              	.Ltext0:
  17              		.cfi_sections	.debug_frame
  18              		.section	.text.clock_Start,"ax",%progbits
  19              		.align	2
  20              		.global	clock_Start
  21              		.thumb
  22              		.thumb_func
  23              		.type	clock_Start, %function
  24              	clock_Start:
  25              	.LFB0:
  26              		.file 1 ".\\Generated_Source\\PSoC5\\clock_clock24.c"
   1:.\Generated_Source\PSoC5/clock_clock24.c **** /* ========================================
   2:.\Generated_Source\PSoC5/clock_clock24.c ****  *
   3:.\Generated_Source\PSoC5/clock_clock24.c ****  * Copyright YOUR COMPANY, THE YEAR
   4:.\Generated_Source\PSoC5/clock_clock24.c ****  * All Rights Reserved
   5:.\Generated_Source\PSoC5/clock_clock24.c ****  * UNPUBLISHED, LICENSED SOFTWARE.
   6:.\Generated_Source\PSoC5/clock_clock24.c ****  *
   7:.\Generated_Source\PSoC5/clock_clock24.c ****  * CONFIDENTIAL AND PROPRIETARY INFORMATION
   8:.\Generated_Source\PSoC5/clock_clock24.c ****  * WHICH IS THE PROPERTY OF your company.
   9:.\Generated_Source\PSoC5/clock_clock24.c ****  *
  10:.\Generated_Source\PSoC5/clock_clock24.c ****  * ========================================
  11:.\Generated_Source\PSoC5/clock_clock24.c **** */
  12:.\Generated_Source\PSoC5/clock_clock24.c **** 
  13:.\Generated_Source\PSoC5/clock_clock24.c **** #include <stdint.h>
  14:.\Generated_Source\PSoC5/clock_clock24.c **** #include <CYLIB.H>
  15:.\Generated_Source\PSoC5/clock_clock24.c **** #include <CYDMAC.H>
  16:.\Generated_Source\PSoC5/clock_clock24.c **** #include "clock_clock24.h"
  17:.\Generated_Source\PSoC5/clock_clock24.c **** #include "clock_ml_addr_dma.h"
  18:.\Generated_Source\PSoC5/clock_clock24.c **** #include "clock_mh_addr_dma.h"
  19:.\Generated_Source\PSoC5/clock_clock24.c **** #include "clock_hl_addr_dma.h"
  20:.\Generated_Source\PSoC5/clock_clock24.c **** #include "clock_hh_addr_dma.h"
  21:.\Generated_Source\PSoC5/clock_clock24.c **** #include "clock_creg.h"
  22:.\Generated_Source\PSoC5/clock_clock24.c **** 
  23:.\Generated_Source\PSoC5/clock_clock24.c **** /* counter value to 7seg conversion table */ 
  24:.\Generated_Source\PSoC5/clock_clock24.c **** static uint8_t conv_ml[64] __attribute__(( aligned(256) )) = {
  25:.\Generated_Source\PSoC5/clock_clock24.c **** 	0
  26:.\Generated_Source\PSoC5/clock_clock24.c **** };
  27:.\Generated_Source\PSoC5/clock_clock24.c **** static uint8_t conv_mh[64] __attribute__(( aligned(256) )) = {
  28:.\Generated_Source\PSoC5/clock_clock24.c **** 	0
  29:.\Generated_Source\PSoC5/clock_clock24.c **** };
  30:.\Generated_Source\PSoC5/clock_clock24.c **** static uint8_t conv_hl[64] __attribute__(( aligned(256) )) = {
  31:.\Generated_Source\PSoC5/clock_clock24.c **** 	0
ARM GAS  C:\Users\SUZUKI~1\AppData\Local\Temp\cczt5ekG.s 			page 2


  32:.\Generated_Source\PSoC5/clock_clock24.c **** };
  33:.\Generated_Source\PSoC5/clock_clock24.c **** static uint8_t conv_hh[64] __attribute__(( aligned(256) )) = {
  34:.\Generated_Source\PSoC5/clock_clock24.c **** 	0
  35:.\Generated_Source\PSoC5/clock_clock24.c **** };
  36:.\Generated_Source\PSoC5/clock_clock24.c **** /* dma instances */
  37:.\Generated_Source\PSoC5/clock_clock24.c **** static uint8_t ml_addr_chan, ml_data_chan;
  38:.\Generated_Source\PSoC5/clock_clock24.c **** static uint8_t mh_addr_chan, mh_data_chan;
  39:.\Generated_Source\PSoC5/clock_clock24.c **** static uint8_t hl_addr_chan, hl_data_chan;
  40:.\Generated_Source\PSoC5/clock_clock24.c **** static uint8_t hh_addr_chan, hh_data_chan;
  41:.\Generated_Source\PSoC5/clock_clock24.c **** static uint8_t ml_addr_td[1], ml_data_td[1];
  42:.\Generated_Source\PSoC5/clock_clock24.c **** static uint8_t mh_addr_td[1], mh_data_td[1];
  43:.\Generated_Source\PSoC5/clock_clock24.c **** static uint8_t hl_addr_td[1], hl_data_td[1];
  44:.\Generated_Source\PSoC5/clock_clock24.c **** static uint8_t hh_addr_td[1], hh_data_td[1];
  45:.\Generated_Source\PSoC5/clock_clock24.c **** 
  46:.\Generated_Source\PSoC5/clock_clock24.c **** void clock_Start(void)
  47:.\Generated_Source\PSoC5/clock_clock24.c **** {
  27              		.loc 1 47 0
  28              		.cfi_startproc
  29              		@ args = 0, pretend = 0, frame = 0
  30              		@ frame_needed = 0, uses_anonymous_args = 0
  31 0000 10B5     		push	{r4, lr}
  32              		.cfi_def_cfa_offset 8
  33              		.cfi_offset 4, -8
  34              		.cfi_offset 14, -4
  48:.\Generated_Source\PSoC5/clock_clock24.c **** 	/* initialize four dmas */
  49:.\Generated_Source\PSoC5/clock_clock24.c **** 	ml_addr_chan = clock_ml_addr_DmaInitialize(1, 0, HI16(CYDEV_PERIPH_BASE), HI16(CYDEV_PERIPH_BASE))
  35              		.loc 1 49 0
  36 0002 0120     		movs	r0, #1
  37 0004 0021     		movs	r1, #0
  38 0006 4FF48042 		mov	r2, #16384
  39 000a 1346     		mov	r3, r2
  40 000c FFF7FEFF 		bl	clock_ml_addr_DmaInitialize
  41              	.LVL0:
  42 0010 414C     		ldr	r4, .L3
  43 0012 2070     		strb	r0, [r4]
  50:.\Generated_Source\PSoC5/clock_clock24.c **** 	ml_addr_td[0] = CyDmaTdAllocate();
  44              		.loc 1 50 0
  45 0014 FFF7FEFF 		bl	CyDmaTdAllocate
  46              	.LVL1:
  47 0018 2071     		strb	r0, [r4, #4]
  51:.\Generated_Source\PSoC5/clock_clock24.c **** 	CyDmaTdSetConfiguration(ml_addr_td[0], 1, DMA_INVALID_TD, clock_ml_addr__TD_TERMOUT_EN);
  48              		.loc 1 51 0
  49 001a 0121     		movs	r1, #1
  50 001c FF22     		movs	r2, #255
  51 001e 0023     		movs	r3, #0
  52 0020 FFF7FEFF 		bl	CyDmaTdSetConfiguration
  53              	.LVL2:
  52:.\Generated_Source\PSoC5/clock_clock24.c **** 	CyDmaTdSetAddress(ml_addr_td[0], LO16((uint32)clock_cmod_minute_counter__A0_REG), LO16((uint32)clo
  54              		.loc 1 52 0
  55 0024 2079     		ldrb	r0, [r4, #4]	@ zero_extendqisi2
  56 0026 46F20841 		movw	r1, #25608
  57 002a 46F27942 		movw	r2, #25721
  58 002e FFF7FEFF 		bl	CyDmaTdSetAddress
  59              	.LVL3:
  53:.\Generated_Source\PSoC5/clock_clock24.c **** 	CyDmaChSetInitialTd(ml_addr_chan, ml_addr_td[0]);
  60              		.loc 1 53 0
  61 0032 2078     		ldrb	r0, [r4]	@ zero_extendqisi2
ARM GAS  C:\Users\SUZUKI~1\AppData\Local\Temp\cczt5ekG.s 			page 3


  62 0034 2179     		ldrb	r1, [r4, #4]	@ zero_extendqisi2
  63 0036 FFF7FEFF 		bl	CyDmaChSetInitialTd
  64              	.LVL4:
  54:.\Generated_Source\PSoC5/clock_clock24.c **** 	CyDmaChEnable(ml_addr_chan, 1);
  65              		.loc 1 54 0
  66 003a 2078     		ldrb	r0, [r4]	@ zero_extendqisi2
  67 003c 0121     		movs	r1, #1
  68 003e FFF7FEFF 		bl	CyDmaChEnable
  69              	.LVL5:
  55:.\Generated_Source\PSoC5/clock_clock24.c **** 	CyDmaClearPendingDrq(ml_addr_chan);
  70              		.loc 1 55 0
  71 0042 2078     		ldrb	r0, [r4]	@ zero_extendqisi2
  72 0044 FFF7FEFF 		bl	CyDmaClearPendingDrq
  73              	.LVL6:
  56:.\Generated_Source\PSoC5/clock_clock24.c **** 
  57:.\Generated_Source\PSoC5/clock_clock24.c **** 	mh_addr_chan = clock_mh_addr_DmaInitialize(1, 0, HI16(CYDEV_PERIPH_BASE), HI16(CYDEV_PERIPH_BASE))
  74              		.loc 1 57 0
  75 0048 0120     		movs	r0, #1
  76 004a 0021     		movs	r1, #0
  77 004c 4FF48042 		mov	r2, #16384
  78 0050 1346     		mov	r3, r2
  79 0052 FFF7FEFF 		bl	clock_mh_addr_DmaInitialize
  80              	.LVL7:
  81 0056 6071     		strb	r0, [r4, #5]
  58:.\Generated_Source\PSoC5/clock_clock24.c **** 	mh_addr_td[0] = CyDmaTdAllocate();
  82              		.loc 1 58 0
  83 0058 FFF7FEFF 		bl	CyDmaTdAllocate
  84              	.LVL8:
  85 005c 2072     		strb	r0, [r4, #8]
  59:.\Generated_Source\PSoC5/clock_clock24.c **** 	CyDmaTdSetConfiguration(mh_addr_td[0], 1, DMA_INVALID_TD, clock_mh_addr__TD_TERMOUT_EN);
  86              		.loc 1 59 0
  87 005e 0121     		movs	r1, #1
  88 0060 FF22     		movs	r2, #255
  89 0062 0023     		movs	r3, #0
  90 0064 FFF7FEFF 		bl	CyDmaTdSetConfiguration
  91              	.LVL9:
  60:.\Generated_Source\PSoC5/clock_clock24.c **** 	CyDmaTdSetAddress(mh_addr_td[0], LO16((uint32)clock_cmod_minute_counter__A0_REG), LO16((uint32)clo
  92              		.loc 1 60 0
  93 0068 207A     		ldrb	r0, [r4, #8]	@ zero_extendqisi2
  94 006a 46F20841 		movw	r1, #25608
  95 006e 46F27942 		movw	r2, #25721
  96 0072 FFF7FEFF 		bl	CyDmaTdSetAddress
  97              	.LVL10:
  61:.\Generated_Source\PSoC5/clock_clock24.c **** 	CyDmaChSetInitialTd(mh_addr_chan, mh_addr_td[0]);
  98              		.loc 1 61 0
  99 0076 6079     		ldrb	r0, [r4, #5]	@ zero_extendqisi2
 100 0078 217A     		ldrb	r1, [r4, #8]	@ zero_extendqisi2
 101 007a FFF7FEFF 		bl	CyDmaChSetInitialTd
 102              	.LVL11:
  62:.\Generated_Source\PSoC5/clock_clock24.c **** 	CyDmaChEnable(mh_addr_chan, 1);
 103              		.loc 1 62 0
 104 007e 6079     		ldrb	r0, [r4, #5]	@ zero_extendqisi2
 105 0080 0121     		movs	r1, #1
 106 0082 FFF7FEFF 		bl	CyDmaChEnable
 107              	.LVL12:
  63:.\Generated_Source\PSoC5/clock_clock24.c **** 	CyDmaClearPendingDrq(mh_addr_chan);
 108              		.loc 1 63 0
ARM GAS  C:\Users\SUZUKI~1\AppData\Local\Temp\cczt5ekG.s 			page 4


 109 0086 6079     		ldrb	r0, [r4, #5]	@ zero_extendqisi2
 110 0088 FFF7FEFF 		bl	CyDmaClearPendingDrq
 111              	.LVL13:
  64:.\Generated_Source\PSoC5/clock_clock24.c **** 
  65:.\Generated_Source\PSoC5/clock_clock24.c **** 	hl_addr_chan = clock_hl_addr_DmaInitialize(1, 0, HI16(CYDEV_PERIPH_BASE), HI16(CYDEV_PERIPH_BASE))
 112              		.loc 1 65 0
 113 008c 0120     		movs	r0, #1
 114 008e 0021     		movs	r1, #0
 115 0090 4FF48042 		mov	r2, #16384
 116 0094 1346     		mov	r3, r2
 117 0096 FFF7FEFF 		bl	clock_hl_addr_DmaInitialize
 118              	.LVL14:
 119 009a 6072     		strb	r0, [r4, #9]
  66:.\Generated_Source\PSoC5/clock_clock24.c **** 	hl_addr_td[0] = CyDmaTdAllocate();
 120              		.loc 1 66 0
 121 009c FFF7FEFF 		bl	CyDmaTdAllocate
 122              	.LVL15:
 123 00a0 2073     		strb	r0, [r4, #12]
  67:.\Generated_Source\PSoC5/clock_clock24.c **** 	CyDmaTdSetConfiguration(hl_addr_td[0], 1, DMA_INVALID_TD, clock_hl_addr__TD_TERMOUT_EN);
 124              		.loc 1 67 0
 125 00a2 0121     		movs	r1, #1
 126 00a4 FF22     		movs	r2, #255
 127 00a6 0023     		movs	r3, #0
 128 00a8 FFF7FEFF 		bl	CyDmaTdSetConfiguration
 129              	.LVL16:
  68:.\Generated_Source\PSoC5/clock_clock24.c **** 	CyDmaTdSetAddress(hl_addr_td[0], LO16((uint32)clock_cmod_hour_counter__A0_REG), LO16((uint32)clock
 130              		.loc 1 68 0
 131 00ac 207B     		ldrb	r0, [r4, #12]	@ zero_extendqisi2
 132 00ae 46F20851 		movw	r1, #25864
 133 00b2 46F27942 		movw	r2, #25721
 134 00b6 FFF7FEFF 		bl	CyDmaTdSetAddress
 135              	.LVL17:
  69:.\Generated_Source\PSoC5/clock_clock24.c **** 	CyDmaChSetInitialTd(hl_addr_chan, hl_addr_td[0]);
 136              		.loc 1 69 0
 137 00ba 607A     		ldrb	r0, [r4, #9]	@ zero_extendqisi2
 138 00bc 217B     		ldrb	r1, [r4, #12]	@ zero_extendqisi2
 139 00be FFF7FEFF 		bl	CyDmaChSetInitialTd
 140              	.LVL18:
  70:.\Generated_Source\PSoC5/clock_clock24.c **** 	CyDmaChEnable(hl_addr_chan, 1);
 141              		.loc 1 70 0
 142 00c2 607A     		ldrb	r0, [r4, #9]	@ zero_extendqisi2
 143 00c4 0121     		movs	r1, #1
 144 00c6 FFF7FEFF 		bl	CyDmaChEnable
 145              	.LVL19:
  71:.\Generated_Source\PSoC5/clock_clock24.c **** 	CyDmaClearPendingDrq(hl_addr_chan);
 146              		.loc 1 71 0
 147 00ca 607A     		ldrb	r0, [r4, #9]	@ zero_extendqisi2
 148 00cc FFF7FEFF 		bl	CyDmaClearPendingDrq
 149              	.LVL20:
  72:.\Generated_Source\PSoC5/clock_clock24.c **** 
  73:.\Generated_Source\PSoC5/clock_clock24.c **** 	hh_addr_chan = clock_hh_addr_DmaInitialize(1, 0, HI16(CYDEV_PERIPH_BASE), HI16(CYDEV_PERIPH_BASE))
 150              		.loc 1 73 0
 151 00d0 0120     		movs	r0, #1
 152 00d2 0021     		movs	r1, #0
 153 00d4 4FF48042 		mov	r2, #16384
 154 00d8 1346     		mov	r3, r2
 155 00da FFF7FEFF 		bl	clock_hh_addr_DmaInitialize
ARM GAS  C:\Users\SUZUKI~1\AppData\Local\Temp\cczt5ekG.s 			page 5


 156              	.LVL21:
 157 00de 6073     		strb	r0, [r4, #13]
  74:.\Generated_Source\PSoC5/clock_clock24.c **** 	hh_addr_td[0] = CyDmaTdAllocate();
 158              		.loc 1 74 0
 159 00e0 FFF7FEFF 		bl	CyDmaTdAllocate
 160              	.LVL22:
 161 00e4 2074     		strb	r0, [r4, #16]
  75:.\Generated_Source\PSoC5/clock_clock24.c **** 	CyDmaTdSetConfiguration(hh_addr_td[0], 1, DMA_INVALID_TD, clock_hh_addr__TD_TERMOUT_EN);
 162              		.loc 1 75 0
 163 00e6 0121     		movs	r1, #1
 164 00e8 FF22     		movs	r2, #255
 165 00ea 0023     		movs	r3, #0
 166 00ec FFF7FEFF 		bl	CyDmaTdSetConfiguration
 167              	.LVL23:
  76:.\Generated_Source\PSoC5/clock_clock24.c **** 	CyDmaTdSetAddress(hh_addr_td[0], LO16((uint32)clock_cmod_hour_counter__A0_REG), LO16((uint32)clock
 168              		.loc 1 76 0
 169 00f0 207C     		ldrb	r0, [r4, #16]	@ zero_extendqisi2
 170 00f2 46F20851 		movw	r1, #25864
 171 00f6 46F27942 		movw	r2, #25721
 172 00fa FFF7FEFF 		bl	CyDmaTdSetAddress
 173              	.LVL24:
  77:.\Generated_Source\PSoC5/clock_clock24.c **** 	CyDmaChSetInitialTd(hh_addr_chan, hh_addr_td[0]);
 174              		.loc 1 77 0
 175 00fe 607B     		ldrb	r0, [r4, #13]	@ zero_extendqisi2
 176 0100 217C     		ldrb	r1, [r4, #16]	@ zero_extendqisi2
 177 0102 FFF7FEFF 		bl	CyDmaChSetInitialTd
 178              	.LVL25:
  78:.\Generated_Source\PSoC5/clock_clock24.c **** 	CyDmaChEnable(hh_addr_chan, 1);
 179              		.loc 1 78 0
 180 0106 607B     		ldrb	r0, [r4, #13]	@ zero_extendqisi2
 181 0108 0121     		movs	r1, #1
 182 010a FFF7FEFF 		bl	CyDmaChEnable
 183              	.LVL26:
  79:.\Generated_Source\PSoC5/clock_clock24.c **** 	CyDmaClearPendingDrq(hh_addr_chan);
 184              		.loc 1 79 0
 185 010e 607B     		ldrb	r0, [r4, #13]	@ zero_extendqisi2
 186 0110 FFF7FEFF 		bl	CyDmaClearPendingDrq
 187              	.LVL27:
 188 0114 10BD     		pop	{r4, pc}
 189              	.L4:
 190 0116 00BF     		.align	2
 191              	.L3:
 192 0118 00000000 		.word	.LANCHOR0
 193              		.cfi_endproc
 194              	.LFE0:
 195              		.size	clock_Start, .-clock_Start
 196              		.section	.text.clock_Stop,"ax",%progbits
 197              		.align	2
 198              		.global	clock_Stop
 199              		.thumb
 200              		.thumb_func
 201              		.type	clock_Stop, %function
 202              	clock_Stop:
 203              	.LFB1:
  80:.\Generated_Source\PSoC5/clock_clock24.c **** 	return;
  81:.\Generated_Source\PSoC5/clock_clock24.c **** }
  82:.\Generated_Source\PSoC5/clock_clock24.c **** 
ARM GAS  C:\Users\SUZUKI~1\AppData\Local\Temp\cczt5ekG.s 			page 6


  83:.\Generated_Source\PSoC5/clock_clock24.c **** void clock_Stop(void)
  84:.\Generated_Source\PSoC5/clock_clock24.c **** {
 204              		.loc 1 84 0
 205              		.cfi_startproc
 206              		@ args = 0, pretend = 0, frame = 0
 207              		@ frame_needed = 0, uses_anonymous_args = 0
 208              		@ link register save eliminated.
 209 0000 7047     		bx	lr
 210              		.cfi_endproc
 211              	.LFE1:
 212              		.size	clock_Stop, .-clock_Stop
 213 0002 00BF     		.bss
 214              		.align	2
 215              		.set	.LANCHOR0,. + 0
 216              		.type	ml_addr_chan, %object
 217              		.size	ml_addr_chan, 1
 218              	ml_addr_chan:
 219 0000 00       		.space	1
 220 0001 000000   		.space	3
 221              		.type	ml_addr_td, %object
 222              		.size	ml_addr_td, 1
 223              	ml_addr_td:
 224 0004 00       		.space	1
 225              		.type	mh_addr_chan, %object
 226              		.size	mh_addr_chan, 1
 227              	mh_addr_chan:
 228 0005 00       		.space	1
 229 0006 0000     		.space	2
 230              		.type	mh_addr_td, %object
 231              		.size	mh_addr_td, 1
 232              	mh_addr_td:
 233 0008 00       		.space	1
 234              		.type	hl_addr_chan, %object
 235              		.size	hl_addr_chan, 1
 236              	hl_addr_chan:
 237 0009 00       		.space	1
 238 000a 0000     		.space	2
 239              		.type	hl_addr_td, %object
 240              		.size	hl_addr_td, 1
 241              	hl_addr_td:
 242 000c 00       		.space	1
 243              		.type	hh_addr_chan, %object
 244              		.size	hh_addr_chan, 1
 245              	hh_addr_chan:
 246 000d 00       		.space	1
 247 000e 0000     		.space	2
 248              		.type	hh_addr_td, %object
 249              		.size	hh_addr_td, 1
 250              	hh_addr_td:
 251 0010 00       		.space	1
 252 0011 000000   		.text
 253              	.Letext0:
 254              		.file 2 "c:\\program files (x86)\\cypress\\psoc creator\\3.3\\psoc creator\\import\\gnu\\arm\\4.9.
 255              		.file 3 "c:\\program files (x86)\\cypress\\psoc creator\\3.3\\psoc creator\\import\\gnu\\arm\\4.9.
 256              		.file 4 "Generated_Source\\PSoC5/cytypes.h"
 257              		.file 5 ".\\Generated_Source\\PSoC5\\clock_ml_addr_dma.h"
 258              		.file 6 "Generated_Source\\PSoC5/CYDMAC.H"
ARM GAS  C:\Users\SUZUKI~1\AppData\Local\Temp\cczt5ekG.s 			page 7


 259              		.file 7 ".\\Generated_Source\\PSoC5\\clock_mh_addr_dma.h"
 260              		.file 8 ".\\Generated_Source\\PSoC5\\clock_hl_addr_dma.h"
 261              		.file 9 ".\\Generated_Source\\PSoC5\\clock_hh_addr_dma.h"
 262              		.section	.debug_info,"",%progbits
 263              	.Ldebug_info0:
 264 0000 8D060000 		.4byte	0x68d
 265 0004 0400     		.2byte	0x4
 266 0006 00000000 		.4byte	.Ldebug_abbrev0
 267 000a 04       		.byte	0x4
 268 000b 01       		.uleb128 0x1
 269 000c AF010000 		.4byte	.LASF48
 270 0010 01       		.byte	0x1
 271 0011 4F010000 		.4byte	.LASF49
 272 0015 62030000 		.4byte	.LASF50
 273 0019 00000000 		.4byte	.Ldebug_ranges0+0
 274 001d 00000000 		.4byte	0
 275 0021 00000000 		.4byte	.Ldebug_line0
 276 0025 02       		.uleb128 0x2
 277 0026 01       		.byte	0x1
 278 0027 06       		.byte	0x6
 279 0028 32030000 		.4byte	.LASF0
 280 002c 03       		.uleb128 0x3
 281 002d 09000000 		.4byte	.LASF9
 282 0031 02       		.byte	0x2
 283 0032 1D       		.byte	0x1d
 284 0033 37000000 		.4byte	0x37
 285 0037 02       		.uleb128 0x2
 286 0038 01       		.byte	0x1
 287 0039 08       		.byte	0x8
 288 003a D8000000 		.4byte	.LASF1
 289 003e 02       		.uleb128 0x2
 290 003f 02       		.byte	0x2
 291 0040 05       		.byte	0x5
 292 0041 ED020000 		.4byte	.LASF2
 293 0045 02       		.uleb128 0x2
 294 0046 02       		.byte	0x2
 295 0047 07       		.byte	0x7
 296 0048 45000000 		.4byte	.LASF3
 297 004c 02       		.uleb128 0x2
 298 004d 04       		.byte	0x4
 299 004e 05       		.byte	0x5
 300 004f 29030000 		.4byte	.LASF4
 301 0053 02       		.uleb128 0x2
 302 0054 04       		.byte	0x4
 303 0055 07       		.byte	0x7
 304 0056 03010000 		.4byte	.LASF5
 305 005a 02       		.uleb128 0x2
 306 005b 08       		.byte	0x8
 307 005c 05       		.byte	0x5
 308 005d DA020000 		.4byte	.LASF6
 309 0061 02       		.uleb128 0x2
 310 0062 08       		.byte	0x8
 311 0063 07       		.byte	0x7
 312 0064 55020000 		.4byte	.LASF7
 313 0068 04       		.uleb128 0x4
 314 0069 04       		.byte	0x4
 315 006a 05       		.byte	0x5
ARM GAS  C:\Users\SUZUKI~1\AppData\Local\Temp\cczt5ekG.s 			page 8


 316 006b 696E7400 		.ascii	"int\000"
 317 006f 02       		.uleb128 0x2
 318 0070 04       		.byte	0x4
 319 0071 07       		.byte	0x7
 320 0072 3D020000 		.4byte	.LASF8
 321 0076 03       		.uleb128 0x3
 322 0077 6C020000 		.4byte	.LASF10
 323 007b 03       		.byte	0x3
 324 007c 15       		.byte	0x15
 325 007d 2C000000 		.4byte	0x2c
 326 0081 02       		.uleb128 0x2
 327 0082 04       		.byte	0x4
 328 0083 07       		.byte	0x7
 329 0084 D1020000 		.4byte	.LASF11
 330 0088 02       		.uleb128 0x2
 331 0089 01       		.byte	0x1
 332 008a 08       		.byte	0x8
 333 008b E8020000 		.4byte	.LASF12
 334 008f 05       		.uleb128 0x5
 335 0090 15010000 		.4byte	.LASF13
 336 0094 04       		.byte	0x4
 337 0095 9201     		.2byte	0x192
 338 0097 37000000 		.4byte	0x37
 339 009b 05       		.uleb128 0x5
 340 009c 8E010000 		.4byte	.LASF14
 341 00a0 04       		.byte	0x4
 342 00a1 9301     		.2byte	0x193
 343 00a3 45000000 		.4byte	0x45
 344 00a7 05       		.uleb128 0x5
 345 00a8 A8010000 		.4byte	.LASF15
 346 00ac 04       		.byte	0x4
 347 00ad 9401     		.2byte	0x194
 348 00af 53000000 		.4byte	0x53
 349 00b3 02       		.uleb128 0x2
 350 00b4 04       		.byte	0x4
 351 00b5 04       		.byte	0x4
 352 00b6 C7000000 		.4byte	.LASF16
 353 00ba 02       		.uleb128 0x2
 354 00bb 08       		.byte	0x8
 355 00bc 04       		.byte	0x4
 356 00bd 3D010000 		.4byte	.LASF17
 357 00c1 05       		.uleb128 0x5
 358 00c2 00000000 		.4byte	.LASF18
 359 00c6 04       		.byte	0x4
 360 00c7 3402     		.2byte	0x234
 361 00c9 53000000 		.4byte	0x53
 362 00cd 05       		.uleb128 0x5
 363 00ce E6000000 		.4byte	.LASF19
 364 00d2 04       		.byte	0x4
 365 00d3 3C02     		.2byte	0x23c
 366 00d5 D9000000 		.4byte	0xd9
 367 00d9 06       		.uleb128 0x6
 368 00da 8F000000 		.4byte	0x8f
 369 00de 07       		.uleb128 0x7
 370 00df 56030000 		.4byte	.LASF51
 371 00e3 01       		.byte	0x1
 372 00e4 2E       		.byte	0x2e
ARM GAS  C:\Users\SUZUKI~1\AppData\Local\Temp\cczt5ekG.s 			page 9


 373 00e5 00000000 		.4byte	.LFB0
 374 00e9 1C010000 		.4byte	.LFE0-.LFB0
 375 00ed 01       		.uleb128 0x1
 376 00ee 9C       		.byte	0x9c
 377 00ef 2C030000 		.4byte	0x32c
 378 00f3 08       		.uleb128 0x8
 379 00f4 10000000 		.4byte	.LVL0
 380 00f8 6D050000 		.4byte	0x56d
 381 00fc 19010000 		.4byte	0x119
 382 0100 09       		.uleb128 0x9
 383 0101 01       		.uleb128 0x1
 384 0102 53       		.byte	0x53
 385 0103 03       		.uleb128 0x3
 386 0104 0A       		.byte	0xa
 387 0105 0040     		.2byte	0x4000
 388 0107 09       		.uleb128 0x9
 389 0108 01       		.uleb128 0x1
 390 0109 52       		.byte	0x52
 391 010a 03       		.uleb128 0x3
 392 010b 0A       		.byte	0xa
 393 010c 0040     		.2byte	0x4000
 394 010e 09       		.uleb128 0x9
 395 010f 01       		.uleb128 0x1
 396 0110 51       		.byte	0x51
 397 0111 01       		.uleb128 0x1
 398 0112 30       		.byte	0x30
 399 0113 09       		.uleb128 0x9
 400 0114 01       		.uleb128 0x1
 401 0115 50       		.byte	0x50
 402 0116 01       		.uleb128 0x1
 403 0117 31       		.byte	0x31
 404 0118 00       		.byte	0
 405 0119 0A       		.uleb128 0xa
 406 011a 18000000 		.4byte	.LVL1
 407 011e 91050000 		.4byte	0x591
 408 0122 08       		.uleb128 0x8
 409 0123 24000000 		.4byte	.LVL2
 410 0127 9C050000 		.4byte	0x59c
 411 012b 40010000 		.4byte	0x140
 412 012f 09       		.uleb128 0x9
 413 0130 01       		.uleb128 0x1
 414 0131 53       		.byte	0x53
 415 0132 01       		.uleb128 0x1
 416 0133 30       		.byte	0x30
 417 0134 09       		.uleb128 0x9
 418 0135 01       		.uleb128 0x1
 419 0136 52       		.byte	0x52
 420 0137 02       		.uleb128 0x2
 421 0138 09       		.byte	0x9
 422 0139 FF       		.byte	0xff
 423 013a 09       		.uleb128 0x9
 424 013b 01       		.uleb128 0x1
 425 013c 51       		.byte	0x51
 426 013d 01       		.uleb128 0x1
 427 013e 31       		.byte	0x31
 428 013f 00       		.byte	0
 429 0140 08       		.uleb128 0x8
ARM GAS  C:\Users\SUZUKI~1\AppData\Local\Temp\cczt5ekG.s 			page 10


 430 0141 32000000 		.4byte	.LVL3
 431 0145 C0050000 		.4byte	0x5c0
 432 0149 5C010000 		.4byte	0x15c
 433 014d 09       		.uleb128 0x9
 434 014e 01       		.uleb128 0x1
 435 014f 52       		.byte	0x52
 436 0150 03       		.uleb128 0x3
 437 0151 0A       		.byte	0xa
 438 0152 7964     		.2byte	0x6479
 439 0154 09       		.uleb128 0x9
 440 0155 01       		.uleb128 0x1
 441 0156 51       		.byte	0x51
 442 0157 03       		.uleb128 0x3
 443 0158 0A       		.byte	0xa
 444 0159 0864     		.2byte	0x6408
 445 015b 00       		.byte	0
 446 015c 0A       		.uleb128 0xa
 447 015d 3A000000 		.4byte	.LVL4
 448 0161 DF050000 		.4byte	0x5df
 449 0165 08       		.uleb128 0x8
 450 0166 42000000 		.4byte	.LVL5
 451 016a F9050000 		.4byte	0x5f9
 452 016e 78010000 		.4byte	0x178
 453 0172 09       		.uleb128 0x9
 454 0173 01       		.uleb128 0x1
 455 0174 51       		.byte	0x51
 456 0175 01       		.uleb128 0x1
 457 0176 31       		.byte	0x31
 458 0177 00       		.byte	0
 459 0178 0A       		.uleb128 0xa
 460 0179 48000000 		.4byte	.LVL6
 461 017d 13060000 		.4byte	0x613
 462 0181 08       		.uleb128 0x8
 463 0182 56000000 		.4byte	.LVL7
 464 0186 28060000 		.4byte	0x628
 465 018a A7010000 		.4byte	0x1a7
 466 018e 09       		.uleb128 0x9
 467 018f 01       		.uleb128 0x1
 468 0190 53       		.byte	0x53
 469 0191 03       		.uleb128 0x3
 470 0192 0A       		.byte	0xa
 471 0193 0040     		.2byte	0x4000
 472 0195 09       		.uleb128 0x9
 473 0196 01       		.uleb128 0x1
 474 0197 52       		.byte	0x52
 475 0198 03       		.uleb128 0x3
 476 0199 0A       		.byte	0xa
 477 019a 0040     		.2byte	0x4000
 478 019c 09       		.uleb128 0x9
 479 019d 01       		.uleb128 0x1
 480 019e 51       		.byte	0x51
 481 019f 01       		.uleb128 0x1
 482 01a0 30       		.byte	0x30
 483 01a1 09       		.uleb128 0x9
 484 01a2 01       		.uleb128 0x1
 485 01a3 50       		.byte	0x50
 486 01a4 01       		.uleb128 0x1
ARM GAS  C:\Users\SUZUKI~1\AppData\Local\Temp\cczt5ekG.s 			page 11


 487 01a5 31       		.byte	0x31
 488 01a6 00       		.byte	0
 489 01a7 0A       		.uleb128 0xa
 490 01a8 5C000000 		.4byte	.LVL8
 491 01ac 91050000 		.4byte	0x591
 492 01b0 08       		.uleb128 0x8
 493 01b1 68000000 		.4byte	.LVL9
 494 01b5 9C050000 		.4byte	0x59c
 495 01b9 CE010000 		.4byte	0x1ce
 496 01bd 09       		.uleb128 0x9
 497 01be 01       		.uleb128 0x1
 498 01bf 53       		.byte	0x53
 499 01c0 01       		.uleb128 0x1
 500 01c1 30       		.byte	0x30
 501 01c2 09       		.uleb128 0x9
 502 01c3 01       		.uleb128 0x1
 503 01c4 52       		.byte	0x52
 504 01c5 02       		.uleb128 0x2
 505 01c6 09       		.byte	0x9
 506 01c7 FF       		.byte	0xff
 507 01c8 09       		.uleb128 0x9
 508 01c9 01       		.uleb128 0x1
 509 01ca 51       		.byte	0x51
 510 01cb 01       		.uleb128 0x1
 511 01cc 31       		.byte	0x31
 512 01cd 00       		.byte	0
 513 01ce 08       		.uleb128 0x8
 514 01cf 76000000 		.4byte	.LVL10
 515 01d3 C0050000 		.4byte	0x5c0
 516 01d7 EA010000 		.4byte	0x1ea
 517 01db 09       		.uleb128 0x9
 518 01dc 01       		.uleb128 0x1
 519 01dd 52       		.byte	0x52
 520 01de 03       		.uleb128 0x3
 521 01df 0A       		.byte	0xa
 522 01e0 7964     		.2byte	0x6479
 523 01e2 09       		.uleb128 0x9
 524 01e3 01       		.uleb128 0x1
 525 01e4 51       		.byte	0x51
 526 01e5 03       		.uleb128 0x3
 527 01e6 0A       		.byte	0xa
 528 01e7 0864     		.2byte	0x6408
 529 01e9 00       		.byte	0
 530 01ea 0A       		.uleb128 0xa
 531 01eb 7E000000 		.4byte	.LVL11
 532 01ef DF050000 		.4byte	0x5df
 533 01f3 08       		.uleb128 0x8
 534 01f4 86000000 		.4byte	.LVL12
 535 01f8 F9050000 		.4byte	0x5f9
 536 01fc 06020000 		.4byte	0x206
 537 0200 09       		.uleb128 0x9
 538 0201 01       		.uleb128 0x1
 539 0202 51       		.byte	0x51
 540 0203 01       		.uleb128 0x1
 541 0204 31       		.byte	0x31
 542 0205 00       		.byte	0
 543 0206 0A       		.uleb128 0xa
ARM GAS  C:\Users\SUZUKI~1\AppData\Local\Temp\cczt5ekG.s 			page 12


 544 0207 8C000000 		.4byte	.LVL13
 545 020b 13060000 		.4byte	0x613
 546 020f 08       		.uleb128 0x8
 547 0210 9A000000 		.4byte	.LVL14
 548 0214 4C060000 		.4byte	0x64c
 549 0218 35020000 		.4byte	0x235
 550 021c 09       		.uleb128 0x9
 551 021d 01       		.uleb128 0x1
 552 021e 53       		.byte	0x53
 553 021f 03       		.uleb128 0x3
 554 0220 0A       		.byte	0xa
 555 0221 0040     		.2byte	0x4000
 556 0223 09       		.uleb128 0x9
 557 0224 01       		.uleb128 0x1
 558 0225 52       		.byte	0x52
 559 0226 03       		.uleb128 0x3
 560 0227 0A       		.byte	0xa
 561 0228 0040     		.2byte	0x4000
 562 022a 09       		.uleb128 0x9
 563 022b 01       		.uleb128 0x1
 564 022c 51       		.byte	0x51
 565 022d 01       		.uleb128 0x1
 566 022e 30       		.byte	0x30
 567 022f 09       		.uleb128 0x9
 568 0230 01       		.uleb128 0x1
 569 0231 50       		.byte	0x50
 570 0232 01       		.uleb128 0x1
 571 0233 31       		.byte	0x31
 572 0234 00       		.byte	0
 573 0235 0A       		.uleb128 0xa
 574 0236 A0000000 		.4byte	.LVL15
 575 023a 91050000 		.4byte	0x591
 576 023e 08       		.uleb128 0x8
 577 023f AC000000 		.4byte	.LVL16
 578 0243 9C050000 		.4byte	0x59c
 579 0247 5C020000 		.4byte	0x25c
 580 024b 09       		.uleb128 0x9
 581 024c 01       		.uleb128 0x1
 582 024d 53       		.byte	0x53
 583 024e 01       		.uleb128 0x1
 584 024f 30       		.byte	0x30
 585 0250 09       		.uleb128 0x9
 586 0251 01       		.uleb128 0x1
 587 0252 52       		.byte	0x52
 588 0253 02       		.uleb128 0x2
 589 0254 09       		.byte	0x9
 590 0255 FF       		.byte	0xff
 591 0256 09       		.uleb128 0x9
 592 0257 01       		.uleb128 0x1
 593 0258 51       		.byte	0x51
 594 0259 01       		.uleb128 0x1
 595 025a 31       		.byte	0x31
 596 025b 00       		.byte	0
 597 025c 08       		.uleb128 0x8
 598 025d BA000000 		.4byte	.LVL17
 599 0261 C0050000 		.4byte	0x5c0
 600 0265 78020000 		.4byte	0x278
ARM GAS  C:\Users\SUZUKI~1\AppData\Local\Temp\cczt5ekG.s 			page 13


 601 0269 09       		.uleb128 0x9
 602 026a 01       		.uleb128 0x1
 603 026b 52       		.byte	0x52
 604 026c 03       		.uleb128 0x3
 605 026d 0A       		.byte	0xa
 606 026e 7964     		.2byte	0x6479
 607 0270 09       		.uleb128 0x9
 608 0271 01       		.uleb128 0x1
 609 0272 51       		.byte	0x51
 610 0273 03       		.uleb128 0x3
 611 0274 0A       		.byte	0xa
 612 0275 0865     		.2byte	0x6508
 613 0277 00       		.byte	0
 614 0278 0A       		.uleb128 0xa
 615 0279 C2000000 		.4byte	.LVL18
 616 027d DF050000 		.4byte	0x5df
 617 0281 08       		.uleb128 0x8
 618 0282 CA000000 		.4byte	.LVL19
 619 0286 F9050000 		.4byte	0x5f9
 620 028a 94020000 		.4byte	0x294
 621 028e 09       		.uleb128 0x9
 622 028f 01       		.uleb128 0x1
 623 0290 51       		.byte	0x51
 624 0291 01       		.uleb128 0x1
 625 0292 31       		.byte	0x31
 626 0293 00       		.byte	0
 627 0294 0A       		.uleb128 0xa
 628 0295 D0000000 		.4byte	.LVL20
 629 0299 13060000 		.4byte	0x613
 630 029d 08       		.uleb128 0x8
 631 029e DE000000 		.4byte	.LVL21
 632 02a2 70060000 		.4byte	0x670
 633 02a6 C3020000 		.4byte	0x2c3
 634 02aa 09       		.uleb128 0x9
 635 02ab 01       		.uleb128 0x1
 636 02ac 53       		.byte	0x53
 637 02ad 03       		.uleb128 0x3
 638 02ae 0A       		.byte	0xa
 639 02af 0040     		.2byte	0x4000
 640 02b1 09       		.uleb128 0x9
 641 02b2 01       		.uleb128 0x1
 642 02b3 52       		.byte	0x52
 643 02b4 03       		.uleb128 0x3
 644 02b5 0A       		.byte	0xa
 645 02b6 0040     		.2byte	0x4000
 646 02b8 09       		.uleb128 0x9
 647 02b9 01       		.uleb128 0x1
 648 02ba 51       		.byte	0x51
 649 02bb 01       		.uleb128 0x1
 650 02bc 30       		.byte	0x30
 651 02bd 09       		.uleb128 0x9
 652 02be 01       		.uleb128 0x1
 653 02bf 50       		.byte	0x50
 654 02c0 01       		.uleb128 0x1
 655 02c1 31       		.byte	0x31
 656 02c2 00       		.byte	0
 657 02c3 0A       		.uleb128 0xa
ARM GAS  C:\Users\SUZUKI~1\AppData\Local\Temp\cczt5ekG.s 			page 14


 658 02c4 E4000000 		.4byte	.LVL22
 659 02c8 91050000 		.4byte	0x591
 660 02cc 08       		.uleb128 0x8
 661 02cd F0000000 		.4byte	.LVL23
 662 02d1 9C050000 		.4byte	0x59c
 663 02d5 EA020000 		.4byte	0x2ea
 664 02d9 09       		.uleb128 0x9
 665 02da 01       		.uleb128 0x1
 666 02db 53       		.byte	0x53
 667 02dc 01       		.uleb128 0x1
 668 02dd 30       		.byte	0x30
 669 02de 09       		.uleb128 0x9
 670 02df 01       		.uleb128 0x1
 671 02e0 52       		.byte	0x52
 672 02e1 02       		.uleb128 0x2
 673 02e2 09       		.byte	0x9
 674 02e3 FF       		.byte	0xff
 675 02e4 09       		.uleb128 0x9
 676 02e5 01       		.uleb128 0x1
 677 02e6 51       		.byte	0x51
 678 02e7 01       		.uleb128 0x1
 679 02e8 31       		.byte	0x31
 680 02e9 00       		.byte	0
 681 02ea 08       		.uleb128 0x8
 682 02eb FE000000 		.4byte	.LVL24
 683 02ef C0050000 		.4byte	0x5c0
 684 02f3 06030000 		.4byte	0x306
 685 02f7 09       		.uleb128 0x9
 686 02f8 01       		.uleb128 0x1
 687 02f9 52       		.byte	0x52
 688 02fa 03       		.uleb128 0x3
 689 02fb 0A       		.byte	0xa
 690 02fc 7964     		.2byte	0x6479
 691 02fe 09       		.uleb128 0x9
 692 02ff 01       		.uleb128 0x1
 693 0300 51       		.byte	0x51
 694 0301 03       		.uleb128 0x3
 695 0302 0A       		.byte	0xa
 696 0303 0865     		.2byte	0x6508
 697 0305 00       		.byte	0
 698 0306 0A       		.uleb128 0xa
 699 0307 06010000 		.4byte	.LVL25
 700 030b DF050000 		.4byte	0x5df
 701 030f 08       		.uleb128 0x8
 702 0310 0E010000 		.4byte	.LVL26
 703 0314 F9050000 		.4byte	0x5f9
 704 0318 22030000 		.4byte	0x322
 705 031c 09       		.uleb128 0x9
 706 031d 01       		.uleb128 0x1
 707 031e 51       		.byte	0x51
 708 031f 01       		.uleb128 0x1
 709 0320 31       		.byte	0x31
 710 0321 00       		.byte	0
 711 0322 0A       		.uleb128 0xa
 712 0323 14010000 		.4byte	.LVL27
 713 0327 13060000 		.4byte	0x613
 714 032b 00       		.byte	0
ARM GAS  C:\Users\SUZUKI~1\AppData\Local\Temp\cczt5ekG.s 			page 15


 715 032c 0B       		.uleb128 0xb
 716 032d 95010000 		.4byte	.LASF52
 717 0331 01       		.byte	0x1
 718 0332 53       		.byte	0x53
 719 0333 00000000 		.4byte	.LFB1
 720 0337 02000000 		.4byte	.LFE1-.LFB1
 721 033b 01       		.uleb128 0x1
 722 033c 9C       		.byte	0x9c
 723 033d 0C       		.uleb128 0xc
 724 033e 76000000 		.4byte	0x76
 725 0342 4D030000 		.4byte	0x34d
 726 0346 0D       		.uleb128 0xd
 727 0347 81000000 		.4byte	0x81
 728 034b 3F       		.byte	0x3f
 729 034c 00       		.byte	0
 730 034d 0E       		.uleb128 0xe
 731 034e 6C000000 		.4byte	.LASF20
 732 0352 01       		.byte	0x1
 733 0353 18       		.byte	0x18
 734 0354 3D030000 		.4byte	0x33d
 735 0358 40       		.byte	0x40
 736 0359 00       		.byte	0
 737 035a 00       		.byte	0
 738 035b 00       		.byte	0
 739 035c 00       		.byte	0
 740 035d 00       		.byte	0
 741 035e 00       		.byte	0
 742 035f 00       		.byte	0
 743 0360 00       		.byte	0
 744 0361 00       		.byte	0
 745 0362 00       		.byte	0
 746 0363 00       		.byte	0
 747 0364 00       		.byte	0
 748 0365 00       		.byte	0
 749 0366 00       		.byte	0
 750 0367 00       		.byte	0
 751 0368 00       		.byte	0
 752 0369 00       		.byte	0
 753 036a 00       		.byte	0
 754 036b 00       		.byte	0
 755 036c 00       		.byte	0
 756 036d 00       		.byte	0
 757 036e 00       		.byte	0
 758 036f 00       		.byte	0
 759 0370 00       		.byte	0
 760 0371 00       		.byte	0
 761 0372 00       		.byte	0
 762 0373 00       		.byte	0
 763 0374 00       		.byte	0
 764 0375 00       		.byte	0
 765 0376 00       		.byte	0
 766 0377 00       		.byte	0
 767 0378 00       		.byte	0
 768 0379 00       		.byte	0
 769 037a 00       		.byte	0
 770 037b 00       		.byte	0
 771 037c 00       		.byte	0
ARM GAS  C:\Users\SUZUKI~1\AppData\Local\Temp\cczt5ekG.s 			page 16


 772 037d 00       		.byte	0
 773 037e 00       		.byte	0
 774 037f 00       		.byte	0
 775 0380 00       		.byte	0
 776 0381 00       		.byte	0
 777 0382 00       		.byte	0
 778 0383 00       		.byte	0
 779 0384 00       		.byte	0
 780 0385 00       		.byte	0
 781 0386 00       		.byte	0
 782 0387 00       		.byte	0
 783 0388 00       		.byte	0
 784 0389 00       		.byte	0
 785 038a 00       		.byte	0
 786 038b 00       		.byte	0
 787 038c 00       		.byte	0
 788 038d 00       		.byte	0
 789 038e 00       		.byte	0
 790 038f 00       		.byte	0
 791 0390 00       		.byte	0
 792 0391 00       		.byte	0
 793 0392 00       		.byte	0
 794 0393 00       		.byte	0
 795 0394 00       		.byte	0
 796 0395 00       		.byte	0
 797 0396 00       		.byte	0
 798 0397 00       		.byte	0
 799 0398 00       		.byte	0
 800 0399 0E       		.uleb128 0xe
 801 039a 3D000000 		.4byte	.LASF21
 802 039e 01       		.byte	0x1
 803 039f 1B       		.byte	0x1b
 804 03a0 3D030000 		.4byte	0x33d
 805 03a4 40       		.byte	0x40
 806 03a5 00       		.byte	0
 807 03a6 00       		.byte	0
 808 03a7 00       		.byte	0
 809 03a8 00       		.byte	0
 810 03a9 00       		.byte	0
 811 03aa 00       		.byte	0
 812 03ab 00       		.byte	0
 813 03ac 00       		.byte	0
 814 03ad 00       		.byte	0
 815 03ae 00       		.byte	0
 816 03af 00       		.byte	0
 817 03b0 00       		.byte	0
 818 03b1 00       		.byte	0
 819 03b2 00       		.byte	0
 820 03b3 00       		.byte	0
 821 03b4 00       		.byte	0
 822 03b5 00       		.byte	0
 823 03b6 00       		.byte	0
 824 03b7 00       		.byte	0
 825 03b8 00       		.byte	0
 826 03b9 00       		.byte	0
 827 03ba 00       		.byte	0
 828 03bb 00       		.byte	0
ARM GAS  C:\Users\SUZUKI~1\AppData\Local\Temp\cczt5ekG.s 			page 17


 829 03bc 00       		.byte	0
 830 03bd 00       		.byte	0
 831 03be 00       		.byte	0
 832 03bf 00       		.byte	0
 833 03c0 00       		.byte	0
 834 03c1 00       		.byte	0
 835 03c2 00       		.byte	0
 836 03c3 00       		.byte	0
 837 03c4 00       		.byte	0
 838 03c5 00       		.byte	0
 839 03c6 00       		.byte	0
 840 03c7 00       		.byte	0
 841 03c8 00       		.byte	0
 842 03c9 00       		.byte	0
 843 03ca 00       		.byte	0
 844 03cb 00       		.byte	0
 845 03cc 00       		.byte	0
 846 03cd 00       		.byte	0
 847 03ce 00       		.byte	0
 848 03cf 00       		.byte	0
 849 03d0 00       		.byte	0
 850 03d1 00       		.byte	0
 851 03d2 00       		.byte	0
 852 03d3 00       		.byte	0
 853 03d4 00       		.byte	0
 854 03d5 00       		.byte	0
 855 03d6 00       		.byte	0
 856 03d7 00       		.byte	0
 857 03d8 00       		.byte	0
 858 03d9 00       		.byte	0
 859 03da 00       		.byte	0
 860 03db 00       		.byte	0
 861 03dc 00       		.byte	0
 862 03dd 00       		.byte	0
 863 03de 00       		.byte	0
 864 03df 00       		.byte	0
 865 03e0 00       		.byte	0
 866 03e1 00       		.byte	0
 867 03e2 00       		.byte	0
 868 03e3 00       		.byte	0
 869 03e4 00       		.byte	0
 870 03e5 0E       		.uleb128 0xe
 871 03e6 A0010000 		.4byte	.LASF22
 872 03ea 01       		.byte	0x1
 873 03eb 1E       		.byte	0x1e
 874 03ec 3D030000 		.4byte	0x33d
 875 03f0 40       		.byte	0x40
 876 03f1 00       		.byte	0
 877 03f2 00       		.byte	0
 878 03f3 00       		.byte	0
 879 03f4 00       		.byte	0
 880 03f5 00       		.byte	0
 881 03f6 00       		.byte	0
 882 03f7 00       		.byte	0
 883 03f8 00       		.byte	0
 884 03f9 00       		.byte	0
 885 03fa 00       		.byte	0
ARM GAS  C:\Users\SUZUKI~1\AppData\Local\Temp\cczt5ekG.s 			page 18


 886 03fb 00       		.byte	0
 887 03fc 00       		.byte	0
 888 03fd 00       		.byte	0
 889 03fe 00       		.byte	0
 890 03ff 00       		.byte	0
 891 0400 00       		.byte	0
 892 0401 00       		.byte	0
 893 0402 00       		.byte	0
 894 0403 00       		.byte	0
 895 0404 00       		.byte	0
 896 0405 00       		.byte	0
 897 0406 00       		.byte	0
 898 0407 00       		.byte	0
 899 0408 00       		.byte	0
 900 0409 00       		.byte	0
 901 040a 00       		.byte	0
 902 040b 00       		.byte	0
 903 040c 00       		.byte	0
 904 040d 00       		.byte	0
 905 040e 00       		.byte	0
 906 040f 00       		.byte	0
 907 0410 00       		.byte	0
 908 0411 00       		.byte	0
 909 0412 00       		.byte	0
 910 0413 00       		.byte	0
 911 0414 00       		.byte	0
 912 0415 00       		.byte	0
 913 0416 00       		.byte	0
 914 0417 00       		.byte	0
 915 0418 00       		.byte	0
 916 0419 00       		.byte	0
 917 041a 00       		.byte	0
 918 041b 00       		.byte	0
 919 041c 00       		.byte	0
 920 041d 00       		.byte	0
 921 041e 00       		.byte	0
 922 041f 00       		.byte	0
 923 0420 00       		.byte	0
 924 0421 00       		.byte	0
 925 0422 00       		.byte	0
 926 0423 00       		.byte	0
 927 0424 00       		.byte	0
 928 0425 00       		.byte	0
 929 0426 00       		.byte	0
 930 0427 00       		.byte	0
 931 0428 00       		.byte	0
 932 0429 00       		.byte	0
 933 042a 00       		.byte	0
 934 042b 00       		.byte	0
 935 042c 00       		.byte	0
 936 042d 00       		.byte	0
 937 042e 00       		.byte	0
 938 042f 00       		.byte	0
 939 0430 00       		.byte	0
 940 0431 0E       		.uleb128 0xe
 941 0432 78010000 		.4byte	.LASF23
 942 0436 01       		.byte	0x1
ARM GAS  C:\Users\SUZUKI~1\AppData\Local\Temp\cczt5ekG.s 			page 19


 943 0437 21       		.byte	0x21
 944 0438 3D030000 		.4byte	0x33d
 945 043c 40       		.byte	0x40
 946 043d 00       		.byte	0
 947 043e 00       		.byte	0
 948 043f 00       		.byte	0
 949 0440 00       		.byte	0
 950 0441 00       		.byte	0
 951 0442 00       		.byte	0
 952 0443 00       		.byte	0
 953 0444 00       		.byte	0
 954 0445 00       		.byte	0
 955 0446 00       		.byte	0
 956 0447 00       		.byte	0
 957 0448 00       		.byte	0
 958 0449 00       		.byte	0
 959 044a 00       		.byte	0
 960 044b 00       		.byte	0
 961 044c 00       		.byte	0
 962 044d 00       		.byte	0
 963 044e 00       		.byte	0
 964 044f 00       		.byte	0
 965 0450 00       		.byte	0
 966 0451 00       		.byte	0
 967 0452 00       		.byte	0
 968 0453 00       		.byte	0
 969 0454 00       		.byte	0
 970 0455 00       		.byte	0
 971 0456 00       		.byte	0
 972 0457 00       		.byte	0
 973 0458 00       		.byte	0
 974 0459 00       		.byte	0
 975 045a 00       		.byte	0
 976 045b 00       		.byte	0
 977 045c 00       		.byte	0
 978 045d 00       		.byte	0
 979 045e 00       		.byte	0
 980 045f 00       		.byte	0
 981 0460 00       		.byte	0
 982 0461 00       		.byte	0
 983 0462 00       		.byte	0
 984 0463 00       		.byte	0
 985 0464 00       		.byte	0
 986 0465 00       		.byte	0
 987 0466 00       		.byte	0
 988 0467 00       		.byte	0
 989 0468 00       		.byte	0
 990 0469 00       		.byte	0
 991 046a 00       		.byte	0
 992 046b 00       		.byte	0
 993 046c 00       		.byte	0
 994 046d 00       		.byte	0
 995 046e 00       		.byte	0
 996 046f 00       		.byte	0
 997 0470 00       		.byte	0
 998 0471 00       		.byte	0
 999 0472 00       		.byte	0
ARM GAS  C:\Users\SUZUKI~1\AppData\Local\Temp\cczt5ekG.s 			page 20


 1000 0473 00       		.byte	0
 1001 0474 00       		.byte	0
 1002 0475 00       		.byte	0
 1003 0476 00       		.byte	0
 1004 0477 00       		.byte	0
 1005 0478 00       		.byte	0
 1006 0479 00       		.byte	0
 1007 047a 00       		.byte	0
 1008 047b 00       		.byte	0
 1009 047c 00       		.byte	0
 1010 047d 0F       		.uleb128 0xf
 1011 047e 1C030000 		.4byte	.LASF24
 1012 0482 01       		.byte	0x1
 1013 0483 25       		.byte	0x25
 1014 0484 76000000 		.4byte	0x76
 1015 0488 05       		.uleb128 0x5
 1016 0489 03       		.byte	0x3
 1017 048a 00000000 		.4byte	ml_addr_chan
 1018 048e 10       		.uleb128 0x10
 1019 048f B9020000 		.4byte	.LASF26
 1020 0493 01       		.byte	0x1
 1021 0494 25       		.byte	0x25
 1022 0495 76000000 		.4byte	0x76
 1023 0499 0F       		.uleb128 0xf
 1024 049a 1E000000 		.4byte	.LASF25
 1025 049e 01       		.byte	0x1
 1026 049f 26       		.byte	0x26
 1027 04a0 76000000 		.4byte	0x76
 1028 04a4 05       		.uleb128 0x5
 1029 04a5 03       		.byte	0x3
 1030 04a6 05000000 		.4byte	mh_addr_chan
 1031 04aa 10       		.uleb128 0x10
 1032 04ab 0F030000 		.4byte	.LASF27
 1033 04af 01       		.byte	0x1
 1034 04b0 26       		.byte	0x26
 1035 04b1 76000000 		.4byte	0x76
 1036 04b5 0F       		.uleb128 0xf
 1037 04b6 49030000 		.4byte	.LASF28
 1038 04ba 01       		.byte	0x1
 1039 04bb 27       		.byte	0x27
 1040 04bc 76000000 		.4byte	0x76
 1041 04c0 05       		.uleb128 0x5
 1042 04c1 03       		.byte	0x3
 1043 04c2 09000000 		.4byte	hl_addr_chan
 1044 04c6 10       		.uleb128 0x10
 1045 04c7 30010000 		.4byte	.LASF29
 1046 04cb 01       		.byte	0x1
 1047 04cc 27       		.byte	0x27
 1048 04cd 76000000 		.4byte	0x76
 1049 04d1 0F       		.uleb128 0xf
 1050 04d2 02030000 		.4byte	.LASF30
 1051 04d6 01       		.byte	0x1
 1052 04d7 28       		.byte	0x28
 1053 04d8 76000000 		.4byte	0x76
 1054 04dc 05       		.uleb128 0x5
 1055 04dd 03       		.byte	0x3
 1056 04de 0D000000 		.4byte	hh_addr_chan
ARM GAS  C:\Users\SUZUKI~1\AppData\Local\Temp\cczt5ekG.s 			page 21


 1057 04e2 10       		.uleb128 0x10
 1058 04e3 90020000 		.4byte	.LASF31
 1059 04e7 01       		.byte	0x1
 1060 04e8 28       		.byte	0x28
 1061 04e9 76000000 		.4byte	0x76
 1062 04ed 0C       		.uleb128 0xc
 1063 04ee 76000000 		.4byte	0x76
 1064 04f2 FD040000 		.4byte	0x4fd
 1065 04f6 0D       		.uleb128 0xd
 1066 04f7 81000000 		.4byte	0x81
 1067 04fb 00       		.byte	0
 1068 04fc 00       		.byte	0
 1069 04fd 0F       		.uleb128 0xf
 1070 04fe F7020000 		.4byte	.LASF32
 1071 0502 01       		.byte	0x1
 1072 0503 29       		.byte	0x29
 1073 0504 ED040000 		.4byte	0x4ed
 1074 0508 05       		.uleb128 0x5
 1075 0509 03       		.byte	0x3
 1076 050a 04000000 		.4byte	ml_addr_td
 1077 050e 10       		.uleb128 0x10
 1078 050f 44010000 		.4byte	.LASF33
 1079 0513 01       		.byte	0x1
 1080 0514 29       		.byte	0x29
 1081 0515 ED040000 		.4byte	0x4ed
 1082 0519 0F       		.uleb128 0xf
 1083 051a CD000000 		.4byte	.LASF34
 1084 051e 01       		.byte	0x1
 1085 051f 2A       		.byte	0x2a
 1086 0520 ED040000 		.4byte	0x4ed
 1087 0524 05       		.uleb128 0x5
 1088 0525 03       		.byte	0x3
 1089 0526 08000000 		.4byte	mh_addr_td
 1090 052a 10       		.uleb128 0x10
 1091 052b 3E030000 		.4byte	.LASF35
 1092 052f 01       		.byte	0x1
 1093 0530 2A       		.byte	0x2a
 1094 0531 ED040000 		.4byte	0x4ed
 1095 0535 0F       		.uleb128 0xf
 1096 0536 4A020000 		.4byte	.LASF36
 1097 053a 01       		.byte	0x1
 1098 053b 2B       		.byte	0x2b
 1099 053c ED040000 		.4byte	0x4ed
 1100 0540 05       		.uleb128 0x5
 1101 0541 03       		.byte	0x3
 1102 0542 0C000000 		.4byte	hl_addr_td
 1103 0546 10       		.uleb128 0x10
 1104 0547 90000000 		.4byte	.LASF37
 1105 054b 01       		.byte	0x1
 1106 054c 2B       		.byte	0x2b
 1107 054d ED040000 		.4byte	0x4ed
 1108 0551 0F       		.uleb128 0xf
 1109 0552 13000000 		.4byte	.LASF38
 1110 0556 01       		.byte	0x1
 1111 0557 2C       		.byte	0x2c
 1112 0558 ED040000 		.4byte	0x4ed
 1113 055c 05       		.uleb128 0x5
ARM GAS  C:\Users\SUZUKI~1\AppData\Local\Temp\cczt5ekG.s 			page 22


 1114 055d 03       		.byte	0x3
 1115 055e 10000000 		.4byte	hh_addr_td
 1116 0562 10       		.uleb128 0x10
 1117 0563 C6020000 		.4byte	.LASF39
 1118 0567 01       		.byte	0x1
 1119 0568 2C       		.byte	0x2c
 1120 0569 ED040000 		.4byte	0x4ed
 1121 056d 11       		.uleb128 0x11
 1122 056e 9B000000 		.4byte	.LASF40
 1123 0572 05       		.byte	0x5
 1124 0573 1E       		.byte	0x1e
 1125 0574 8F000000 		.4byte	0x8f
 1126 0578 91050000 		.4byte	0x591
 1127 057c 12       		.uleb128 0x12
 1128 057d 8F000000 		.4byte	0x8f
 1129 0581 12       		.uleb128 0x12
 1130 0582 8F000000 		.4byte	0x8f
 1131 0586 12       		.uleb128 0x12
 1132 0587 9B000000 		.4byte	0x9b
 1133 058b 12       		.uleb128 0x12
 1134 058c 9B000000 		.4byte	0x9b
 1135 0590 00       		.byte	0
 1136 0591 13       		.uleb128 0x13
 1137 0592 B7000000 		.4byte	.LASF53
 1138 0596 06       		.byte	0x6
 1139 0597 38       		.byte	0x38
 1140 0598 8F000000 		.4byte	0x8f
 1141 059c 11       		.uleb128 0x11
 1142 059d EB000000 		.4byte	.LASF41
 1143 05a1 06       		.byte	0x6
 1144 05a2 3B       		.byte	0x3b
 1145 05a3 C1000000 		.4byte	0xc1
 1146 05a7 C0050000 		.4byte	0x5c0
 1147 05ab 12       		.uleb128 0x12
 1148 05ac 8F000000 		.4byte	0x8f
 1149 05b0 12       		.uleb128 0x12
 1150 05b1 9B000000 		.4byte	0x9b
 1151 05b5 12       		.uleb128 0x12
 1152 05b6 8F000000 		.4byte	0x8f
 1153 05ba 12       		.uleb128 0x12
 1154 05bb 8F000000 		.4byte	0x8f
 1155 05bf 00       		.byte	0
 1156 05c0 11       		.uleb128 0x11
 1157 05c1 2B000000 		.4byte	.LASF42
 1158 05c5 06       		.byte	0x6
 1159 05c6 3F       		.byte	0x3f
 1160 05c7 C1000000 		.4byte	0xc1
 1161 05cb DF050000 		.4byte	0x5df
 1162 05cf 12       		.uleb128 0x12
 1163 05d0 8F000000 		.4byte	0x8f
 1164 05d4 12       		.uleb128 0x12
 1165 05d5 9B000000 		.4byte	0x9b
 1166 05d9 12       		.uleb128 0x12
 1167 05da 9B000000 		.4byte	0x9b
 1168 05de 00       		.byte	0
 1169 05df 11       		.uleb128 0x11
 1170 05e0 58000000 		.4byte	.LASF43
ARM GAS  C:\Users\SUZUKI~1\AppData\Local\Temp\cczt5ekG.s 			page 23


 1171 05e4 06       		.byte	0x6
 1172 05e5 2F       		.byte	0x2f
 1173 05e6 C1000000 		.4byte	0xc1
 1174 05ea F9050000 		.4byte	0x5f9
 1175 05ee 12       		.uleb128 0x12
 1176 05ef 8F000000 		.4byte	0x8f
 1177 05f3 12       		.uleb128 0x12
 1178 05f4 8F000000 		.4byte	0x8f
 1179 05f8 00       		.byte	0
 1180 05f9 11       		.uleb128 0x11
 1181 05fa 80010000 		.4byte	.LASF44
 1182 05fe 06       		.byte	0x6
 1183 05ff 29       		.byte	0x29
 1184 0600 C1000000 		.4byte	0xc1
 1185 0604 13060000 		.4byte	0x613
 1186 0608 12       		.uleb128 0x12
 1187 0609 8F000000 		.4byte	0x8f
 1188 060d 12       		.uleb128 0x12
 1189 060e 8F000000 		.4byte	0x8f
 1190 0612 00       		.byte	0
 1191 0613 11       		.uleb128 0x11
 1192 0614 1B010000 		.4byte	.LASF45
 1193 0618 06       		.byte	0x6
 1194 0619 2B       		.byte	0x2b
 1195 061a C1000000 		.4byte	0xc1
 1196 061e 28060000 		.4byte	0x628
 1197 0622 12       		.uleb128 0x12
 1198 0623 8F000000 		.4byte	0x8f
 1199 0627 00       		.byte	0
 1200 0628 11       		.uleb128 0x11
 1201 0629 74020000 		.4byte	.LASF46
 1202 062d 07       		.byte	0x7
 1203 062e 1E       		.byte	0x1e
 1204 062f 8F000000 		.4byte	0x8f
 1205 0633 4C060000 		.4byte	0x64c
 1206 0637 12       		.uleb128 0x12
 1207 0638 8F000000 		.4byte	0x8f
 1208 063c 12       		.uleb128 0x12
 1209 063d 8F000000 		.4byte	0x8f
 1210 0641 12       		.uleb128 0x12
 1211 0642 9B000000 		.4byte	0x9b
 1212 0646 12       		.uleb128 0x12
 1213 0647 9B000000 		.4byte	0x9b
 1214 064b 00       		.byte	0
 1215 064c 11       		.uleb128 0x11
 1216 064d 9D020000 		.4byte	.LASF47
 1217 0651 08       		.byte	0x8
 1218 0652 1E       		.byte	0x1e
 1219 0653 8F000000 		.4byte	0x8f
 1220 0657 70060000 		.4byte	0x670
 1221 065b 12       		.uleb128 0x12
 1222 065c 8F000000 		.4byte	0x8f
 1223 0660 12       		.uleb128 0x12
 1224 0661 8F000000 		.4byte	0x8f
 1225 0665 12       		.uleb128 0x12
 1226 0666 9B000000 		.4byte	0x9b
 1227 066a 12       		.uleb128 0x12
ARM GAS  C:\Users\SUZUKI~1\AppData\Local\Temp\cczt5ekG.s 			page 24


 1228 066b 9B000000 		.4byte	0x9b
 1229 066f 00       		.byte	0
 1230 0670 14       		.uleb128 0x14
 1231 0671 74000000 		.4byte	.LASF54
 1232 0675 09       		.byte	0x9
 1233 0676 1E       		.byte	0x1e
 1234 0677 8F000000 		.4byte	0x8f
 1235 067b 12       		.uleb128 0x12
 1236 067c 8F000000 		.4byte	0x8f
 1237 0680 12       		.uleb128 0x12
 1238 0681 8F000000 		.4byte	0x8f
 1239 0685 12       		.uleb128 0x12
 1240 0686 9B000000 		.4byte	0x9b
 1241 068a 12       		.uleb128 0x12
 1242 068b 9B000000 		.4byte	0x9b
 1243 068f 00       		.byte	0
 1244 0690 00       		.byte	0
 1245              		.section	.debug_abbrev,"",%progbits
 1246              	.Ldebug_abbrev0:
 1247 0000 01       		.uleb128 0x1
 1248 0001 11       		.uleb128 0x11
 1249 0002 01       		.byte	0x1
 1250 0003 25       		.uleb128 0x25
 1251 0004 0E       		.uleb128 0xe
 1252 0005 13       		.uleb128 0x13
 1253 0006 0B       		.uleb128 0xb
 1254 0007 03       		.uleb128 0x3
 1255 0008 0E       		.uleb128 0xe
 1256 0009 1B       		.uleb128 0x1b
 1257 000a 0E       		.uleb128 0xe
 1258 000b 55       		.uleb128 0x55
 1259 000c 17       		.uleb128 0x17
 1260 000d 11       		.uleb128 0x11
 1261 000e 01       		.uleb128 0x1
 1262 000f 10       		.uleb128 0x10
 1263 0010 17       		.uleb128 0x17
 1264 0011 00       		.byte	0
 1265 0012 00       		.byte	0
 1266 0013 02       		.uleb128 0x2
 1267 0014 24       		.uleb128 0x24
 1268 0015 00       		.byte	0
 1269 0016 0B       		.uleb128 0xb
 1270 0017 0B       		.uleb128 0xb
 1271 0018 3E       		.uleb128 0x3e
 1272 0019 0B       		.uleb128 0xb
 1273 001a 03       		.uleb128 0x3
 1274 001b 0E       		.uleb128 0xe
 1275 001c 00       		.byte	0
 1276 001d 00       		.byte	0
 1277 001e 03       		.uleb128 0x3
 1278 001f 16       		.uleb128 0x16
 1279 0020 00       		.byte	0
 1280 0021 03       		.uleb128 0x3
 1281 0022 0E       		.uleb128 0xe
 1282 0023 3A       		.uleb128 0x3a
 1283 0024 0B       		.uleb128 0xb
 1284 0025 3B       		.uleb128 0x3b
ARM GAS  C:\Users\SUZUKI~1\AppData\Local\Temp\cczt5ekG.s 			page 25


 1285 0026 0B       		.uleb128 0xb
 1286 0027 49       		.uleb128 0x49
 1287 0028 13       		.uleb128 0x13
 1288 0029 00       		.byte	0
 1289 002a 00       		.byte	0
 1290 002b 04       		.uleb128 0x4
 1291 002c 24       		.uleb128 0x24
 1292 002d 00       		.byte	0
 1293 002e 0B       		.uleb128 0xb
 1294 002f 0B       		.uleb128 0xb
 1295 0030 3E       		.uleb128 0x3e
 1296 0031 0B       		.uleb128 0xb
 1297 0032 03       		.uleb128 0x3
 1298 0033 08       		.uleb128 0x8
 1299 0034 00       		.byte	0
 1300 0035 00       		.byte	0
 1301 0036 05       		.uleb128 0x5
 1302 0037 16       		.uleb128 0x16
 1303 0038 00       		.byte	0
 1304 0039 03       		.uleb128 0x3
 1305 003a 0E       		.uleb128 0xe
 1306 003b 3A       		.uleb128 0x3a
 1307 003c 0B       		.uleb128 0xb
 1308 003d 3B       		.uleb128 0x3b
 1309 003e 05       		.uleb128 0x5
 1310 003f 49       		.uleb128 0x49
 1311 0040 13       		.uleb128 0x13
 1312 0041 00       		.byte	0
 1313 0042 00       		.byte	0
 1314 0043 06       		.uleb128 0x6
 1315 0044 35       		.uleb128 0x35
 1316 0045 00       		.byte	0
 1317 0046 49       		.uleb128 0x49
 1318 0047 13       		.uleb128 0x13
 1319 0048 00       		.byte	0
 1320 0049 00       		.byte	0
 1321 004a 07       		.uleb128 0x7
 1322 004b 2E       		.uleb128 0x2e
 1323 004c 01       		.byte	0x1
 1324 004d 3F       		.uleb128 0x3f
 1325 004e 19       		.uleb128 0x19
 1326 004f 03       		.uleb128 0x3
 1327 0050 0E       		.uleb128 0xe
 1328 0051 3A       		.uleb128 0x3a
 1329 0052 0B       		.uleb128 0xb
 1330 0053 3B       		.uleb128 0x3b
 1331 0054 0B       		.uleb128 0xb
 1332 0055 27       		.uleb128 0x27
 1333 0056 19       		.uleb128 0x19
 1334 0057 11       		.uleb128 0x11
 1335 0058 01       		.uleb128 0x1
 1336 0059 12       		.uleb128 0x12
 1337 005a 06       		.uleb128 0x6
 1338 005b 40       		.uleb128 0x40
 1339 005c 18       		.uleb128 0x18
 1340 005d 9742     		.uleb128 0x2117
 1341 005f 19       		.uleb128 0x19
ARM GAS  C:\Users\SUZUKI~1\AppData\Local\Temp\cczt5ekG.s 			page 26


 1342 0060 01       		.uleb128 0x1
 1343 0061 13       		.uleb128 0x13
 1344 0062 00       		.byte	0
 1345 0063 00       		.byte	0
 1346 0064 08       		.uleb128 0x8
 1347 0065 898201   		.uleb128 0x4109
 1348 0068 01       		.byte	0x1
 1349 0069 11       		.uleb128 0x11
 1350 006a 01       		.uleb128 0x1
 1351 006b 31       		.uleb128 0x31
 1352 006c 13       		.uleb128 0x13
 1353 006d 01       		.uleb128 0x1
 1354 006e 13       		.uleb128 0x13
 1355 006f 00       		.byte	0
 1356 0070 00       		.byte	0
 1357 0071 09       		.uleb128 0x9
 1358 0072 8A8201   		.uleb128 0x410a
 1359 0075 00       		.byte	0
 1360 0076 02       		.uleb128 0x2
 1361 0077 18       		.uleb128 0x18
 1362 0078 9142     		.uleb128 0x2111
 1363 007a 18       		.uleb128 0x18
 1364 007b 00       		.byte	0
 1365 007c 00       		.byte	0
 1366 007d 0A       		.uleb128 0xa
 1367 007e 898201   		.uleb128 0x4109
 1368 0081 00       		.byte	0
 1369 0082 11       		.uleb128 0x11
 1370 0083 01       		.uleb128 0x1
 1371 0084 31       		.uleb128 0x31
 1372 0085 13       		.uleb128 0x13
 1373 0086 00       		.byte	0
 1374 0087 00       		.byte	0
 1375 0088 0B       		.uleb128 0xb
 1376 0089 2E       		.uleb128 0x2e
 1377 008a 00       		.byte	0
 1378 008b 3F       		.uleb128 0x3f
 1379 008c 19       		.uleb128 0x19
 1380 008d 03       		.uleb128 0x3
 1381 008e 0E       		.uleb128 0xe
 1382 008f 3A       		.uleb128 0x3a
 1383 0090 0B       		.uleb128 0xb
 1384 0091 3B       		.uleb128 0x3b
 1385 0092 0B       		.uleb128 0xb
 1386 0093 27       		.uleb128 0x27
 1387 0094 19       		.uleb128 0x19
 1388 0095 11       		.uleb128 0x11
 1389 0096 01       		.uleb128 0x1
 1390 0097 12       		.uleb128 0x12
 1391 0098 06       		.uleb128 0x6
 1392 0099 40       		.uleb128 0x40
 1393 009a 18       		.uleb128 0x18
 1394 009b 9742     		.uleb128 0x2117
 1395 009d 19       		.uleb128 0x19
 1396 009e 00       		.byte	0
 1397 009f 00       		.byte	0
 1398 00a0 0C       		.uleb128 0xc
ARM GAS  C:\Users\SUZUKI~1\AppData\Local\Temp\cczt5ekG.s 			page 27


 1399 00a1 01       		.uleb128 0x1
 1400 00a2 01       		.byte	0x1
 1401 00a3 49       		.uleb128 0x49
 1402 00a4 13       		.uleb128 0x13
 1403 00a5 01       		.uleb128 0x1
 1404 00a6 13       		.uleb128 0x13
 1405 00a7 00       		.byte	0
 1406 00a8 00       		.byte	0
 1407 00a9 0D       		.uleb128 0xd
 1408 00aa 21       		.uleb128 0x21
 1409 00ab 00       		.byte	0
 1410 00ac 49       		.uleb128 0x49
 1411 00ad 13       		.uleb128 0x13
 1412 00ae 2F       		.uleb128 0x2f
 1413 00af 0B       		.uleb128 0xb
 1414 00b0 00       		.byte	0
 1415 00b1 00       		.byte	0
 1416 00b2 0E       		.uleb128 0xe
 1417 00b3 34       		.uleb128 0x34
 1418 00b4 00       		.byte	0
 1419 00b5 03       		.uleb128 0x3
 1420 00b6 0E       		.uleb128 0xe
 1421 00b7 3A       		.uleb128 0x3a
 1422 00b8 0B       		.uleb128 0xb
 1423 00b9 3B       		.uleb128 0x3b
 1424 00ba 0B       		.uleb128 0xb
 1425 00bb 49       		.uleb128 0x49
 1426 00bc 13       		.uleb128 0x13
 1427 00bd 1C       		.uleb128 0x1c
 1428 00be 0A       		.uleb128 0xa
 1429 00bf 00       		.byte	0
 1430 00c0 00       		.byte	0
 1431 00c1 0F       		.uleb128 0xf
 1432 00c2 34       		.uleb128 0x34
 1433 00c3 00       		.byte	0
 1434 00c4 03       		.uleb128 0x3
 1435 00c5 0E       		.uleb128 0xe
 1436 00c6 3A       		.uleb128 0x3a
 1437 00c7 0B       		.uleb128 0xb
 1438 00c8 3B       		.uleb128 0x3b
 1439 00c9 0B       		.uleb128 0xb
 1440 00ca 49       		.uleb128 0x49
 1441 00cb 13       		.uleb128 0x13
 1442 00cc 02       		.uleb128 0x2
 1443 00cd 18       		.uleb128 0x18
 1444 00ce 00       		.byte	0
 1445 00cf 00       		.byte	0
 1446 00d0 10       		.uleb128 0x10
 1447 00d1 34       		.uleb128 0x34
 1448 00d2 00       		.byte	0
 1449 00d3 03       		.uleb128 0x3
 1450 00d4 0E       		.uleb128 0xe
 1451 00d5 3A       		.uleb128 0x3a
 1452 00d6 0B       		.uleb128 0xb
 1453 00d7 3B       		.uleb128 0x3b
 1454 00d8 0B       		.uleb128 0xb
 1455 00d9 49       		.uleb128 0x49
ARM GAS  C:\Users\SUZUKI~1\AppData\Local\Temp\cczt5ekG.s 			page 28


 1456 00da 13       		.uleb128 0x13
 1457 00db 00       		.byte	0
 1458 00dc 00       		.byte	0
 1459 00dd 11       		.uleb128 0x11
 1460 00de 2E       		.uleb128 0x2e
 1461 00df 01       		.byte	0x1
 1462 00e0 3F       		.uleb128 0x3f
 1463 00e1 19       		.uleb128 0x19
 1464 00e2 03       		.uleb128 0x3
 1465 00e3 0E       		.uleb128 0xe
 1466 00e4 3A       		.uleb128 0x3a
 1467 00e5 0B       		.uleb128 0xb
 1468 00e6 3B       		.uleb128 0x3b
 1469 00e7 0B       		.uleb128 0xb
 1470 00e8 27       		.uleb128 0x27
 1471 00e9 19       		.uleb128 0x19
 1472 00ea 49       		.uleb128 0x49
 1473 00eb 13       		.uleb128 0x13
 1474 00ec 3C       		.uleb128 0x3c
 1475 00ed 19       		.uleb128 0x19
 1476 00ee 01       		.uleb128 0x1
 1477 00ef 13       		.uleb128 0x13
 1478 00f0 00       		.byte	0
 1479 00f1 00       		.byte	0
 1480 00f2 12       		.uleb128 0x12
 1481 00f3 05       		.uleb128 0x5
 1482 00f4 00       		.byte	0
 1483 00f5 49       		.uleb128 0x49
 1484 00f6 13       		.uleb128 0x13
 1485 00f7 00       		.byte	0
 1486 00f8 00       		.byte	0
 1487 00f9 13       		.uleb128 0x13
 1488 00fa 2E       		.uleb128 0x2e
 1489 00fb 00       		.byte	0
 1490 00fc 3F       		.uleb128 0x3f
 1491 00fd 19       		.uleb128 0x19
 1492 00fe 03       		.uleb128 0x3
 1493 00ff 0E       		.uleb128 0xe
 1494 0100 3A       		.uleb128 0x3a
 1495 0101 0B       		.uleb128 0xb
 1496 0102 3B       		.uleb128 0x3b
 1497 0103 0B       		.uleb128 0xb
 1498 0104 27       		.uleb128 0x27
 1499 0105 19       		.uleb128 0x19
 1500 0106 49       		.uleb128 0x49
 1501 0107 13       		.uleb128 0x13
 1502 0108 3C       		.uleb128 0x3c
 1503 0109 19       		.uleb128 0x19
 1504 010a 00       		.byte	0
 1505 010b 00       		.byte	0
 1506 010c 14       		.uleb128 0x14
 1507 010d 2E       		.uleb128 0x2e
 1508 010e 01       		.byte	0x1
 1509 010f 3F       		.uleb128 0x3f
 1510 0110 19       		.uleb128 0x19
 1511 0111 03       		.uleb128 0x3
 1512 0112 0E       		.uleb128 0xe
ARM GAS  C:\Users\SUZUKI~1\AppData\Local\Temp\cczt5ekG.s 			page 29


 1513 0113 3A       		.uleb128 0x3a
 1514 0114 0B       		.uleb128 0xb
 1515 0115 3B       		.uleb128 0x3b
 1516 0116 0B       		.uleb128 0xb
 1517 0117 27       		.uleb128 0x27
 1518 0118 19       		.uleb128 0x19
 1519 0119 49       		.uleb128 0x49
 1520 011a 13       		.uleb128 0x13
 1521 011b 3C       		.uleb128 0x3c
 1522 011c 19       		.uleb128 0x19
 1523 011d 00       		.byte	0
 1524 011e 00       		.byte	0
 1525 011f 00       		.byte	0
 1526              		.section	.debug_aranges,"",%progbits
 1527 0000 24000000 		.4byte	0x24
 1528 0004 0200     		.2byte	0x2
 1529 0006 00000000 		.4byte	.Ldebug_info0
 1530 000a 04       		.byte	0x4
 1531 000b 00       		.byte	0
 1532 000c 0000     		.2byte	0
 1533 000e 0000     		.2byte	0
 1534 0010 00000000 		.4byte	.LFB0
 1535 0014 1C010000 		.4byte	.LFE0-.LFB0
 1536 0018 00000000 		.4byte	.LFB1
 1537 001c 02000000 		.4byte	.LFE1-.LFB1
 1538 0020 00000000 		.4byte	0
 1539 0024 00000000 		.4byte	0
 1540              		.section	.debug_ranges,"",%progbits
 1541              	.Ldebug_ranges0:
 1542 0000 00000000 		.4byte	.LFB0
 1543 0004 1C010000 		.4byte	.LFE0
 1544 0008 00000000 		.4byte	.LFB1
 1545 000c 02000000 		.4byte	.LFE1
 1546 0010 00000000 		.4byte	0
 1547 0014 00000000 		.4byte	0
 1548              		.section	.debug_line,"",%progbits
 1549              	.Ldebug_line0:
 1550 0000 04020000 		.section	.debug_str,"MS",%progbits,1
 1550      0200C301 
 1550      00000201 
 1550      FB0E0D00 
 1550      01010101 
 1551              	.LASF18:
 1552 0000 63797374 		.ascii	"cystatus\000"
 1552      61747573 
 1552      00
 1553              	.LASF9:
 1554 0009 5F5F7569 		.ascii	"__uint8_t\000"
 1554      6E74385F 
 1554      7400
 1555              	.LASF38:
 1556 0013 68685F61 		.ascii	"hh_addr_td\000"
 1556      6464725F 
 1556      746400
 1557              	.LASF25:
 1558 001e 6D685F61 		.ascii	"mh_addr_chan\000"
 1558      6464725F 
ARM GAS  C:\Users\SUZUKI~1\AppData\Local\Temp\cczt5ekG.s 			page 30


 1558      6368616E 
 1558      00
 1559              	.LASF42:
 1560 002b 4379446D 		.ascii	"CyDmaTdSetAddress\000"
 1560      61546453 
 1560      65744164 
 1560      64726573 
 1560      7300
 1561              	.LASF21:
 1562 003d 636F6E76 		.ascii	"conv_mh\000"
 1562      5F6D6800 
 1563              	.LASF3:
 1564 0045 73686F72 		.ascii	"short unsigned int\000"
 1564      7420756E 
 1564      7369676E 
 1564      65642069 
 1564      6E7400
 1565              	.LASF43:
 1566 0058 4379446D 		.ascii	"CyDmaChSetInitialTd\000"
 1566      61436853 
 1566      6574496E 
 1566      69746961 
 1566      6C546400 
 1567              	.LASF20:
 1568 006c 636F6E76 		.ascii	"conv_ml\000"
 1568      5F6D6C00 
 1569              	.LASF54:
 1570 0074 636C6F63 		.ascii	"clock_hh_addr_DmaInitialize\000"
 1570      6B5F6868 
 1570      5F616464 
 1570      725F446D 
 1570      61496E69 
 1571              	.LASF37:
 1572 0090 686C5F64 		.ascii	"hl_data_td\000"
 1572      6174615F 
 1572      746400
 1573              	.LASF40:
 1574 009b 636C6F63 		.ascii	"clock_ml_addr_DmaInitialize\000"
 1574      6B5F6D6C 
 1574      5F616464 
 1574      725F446D 
 1574      61496E69 
 1575              	.LASF53:
 1576 00b7 4379446D 		.ascii	"CyDmaTdAllocate\000"
 1576      61546441 
 1576      6C6C6F63 
 1576      61746500 
 1577              	.LASF16:
 1578 00c7 666C6F61 		.ascii	"float\000"
 1578      7400
 1579              	.LASF34:
 1580 00cd 6D685F61 		.ascii	"mh_addr_td\000"
 1580      6464725F 
 1580      746400
 1581              	.LASF1:
 1582 00d8 756E7369 		.ascii	"unsigned char\000"
 1582      676E6564 
ARM GAS  C:\Users\SUZUKI~1\AppData\Local\Temp\cczt5ekG.s 			page 31


 1582      20636861 
 1582      7200
 1583              	.LASF19:
 1584 00e6 72656738 		.ascii	"reg8\000"
 1584      00
 1585              	.LASF41:
 1586 00eb 4379446D 		.ascii	"CyDmaTdSetConfiguration\000"
 1586      61546453 
 1586      6574436F 
 1586      6E666967 
 1586      75726174 
 1587              	.LASF5:
 1588 0103 6C6F6E67 		.ascii	"long unsigned int\000"
 1588      20756E73 
 1588      69676E65 
 1588      6420696E 
 1588      7400
 1589              	.LASF13:
 1590 0115 75696E74 		.ascii	"uint8\000"
 1590      3800
 1591              	.LASF45:
 1592 011b 4379446D 		.ascii	"CyDmaClearPendingDrq\000"
 1592      61436C65 
 1592      61725065 
 1592      6E64696E 
 1592      67447271 
 1593              	.LASF29:
 1594 0130 686C5F64 		.ascii	"hl_data_chan\000"
 1594      6174615F 
 1594      6368616E 
 1594      00
 1595              	.LASF17:
 1596 013d 646F7562 		.ascii	"double\000"
 1596      6C6500
 1597              	.LASF33:
 1598 0144 6D6C5F64 		.ascii	"ml_data_td\000"
 1598      6174615F 
 1598      746400
 1599              	.LASF49:
 1600 014f 2E5C4765 		.ascii	".\\Generated_Source\\PSoC5\\clock_clock24.c\000"
 1600      6E657261 
 1600      7465645F 
 1600      536F7572 
 1600      63655C50 
 1601              	.LASF23:
 1602 0178 636F6E76 		.ascii	"conv_hh\000"
 1602      5F686800 
 1603              	.LASF44:
 1604 0180 4379446D 		.ascii	"CyDmaChEnable\000"
 1604      61436845 
 1604      6E61626C 
 1604      6500
 1605              	.LASF14:
 1606 018e 75696E74 		.ascii	"uint16\000"
 1606      313600
 1607              	.LASF52:
 1608 0195 636C6F63 		.ascii	"clock_Stop\000"
ARM GAS  C:\Users\SUZUKI~1\AppData\Local\Temp\cczt5ekG.s 			page 32


 1608      6B5F5374 
 1608      6F7000
 1609              	.LASF22:
 1610 01a0 636F6E76 		.ascii	"conv_hl\000"
 1610      5F686C00 
 1611              	.LASF15:
 1612 01a8 75696E74 		.ascii	"uint32\000"
 1612      333200
 1613              	.LASF48:
 1614 01af 474E5520 		.ascii	"GNU C 4.9.3 20150303 (release) [ARM/embedded-4_9-br"
 1614      4320342E 
 1614      392E3320 
 1614      32303135 
 1614      30333033 
 1615 01e2 616E6368 		.ascii	"anch revision 221220] -mcpu=cortex-m3 -mthumb -g -O"
 1615      20726576 
 1615      6973696F 
 1615      6E203232 
 1615      31323230 
 1616 0215 67202D66 		.ascii	"g -ffunction-sections -ffat-lto-objects\000"
 1616      66756E63 
 1616      74696F6E 
 1616      2D736563 
 1616      74696F6E 
 1617              	.LASF8:
 1618 023d 756E7369 		.ascii	"unsigned int\000"
 1618      676E6564 
 1618      20696E74 
 1618      00
 1619              	.LASF36:
 1620 024a 686C5F61 		.ascii	"hl_addr_td\000"
 1620      6464725F 
 1620      746400
 1621              	.LASF7:
 1622 0255 6C6F6E67 		.ascii	"long long unsigned int\000"
 1622      206C6F6E 
 1622      6720756E 
 1622      7369676E 
 1622      65642069 
 1623              	.LASF10:
 1624 026c 75696E74 		.ascii	"uint8_t\000"
 1624      385F7400 
 1625              	.LASF46:
 1626 0274 636C6F63 		.ascii	"clock_mh_addr_DmaInitialize\000"
 1626      6B5F6D68 
 1626      5F616464 
 1626      725F446D 
 1626      61496E69 
 1627              	.LASF31:
 1628 0290 68685F64 		.ascii	"hh_data_chan\000"
 1628      6174615F 
 1628      6368616E 
 1628      00
 1629              	.LASF47:
 1630 029d 636C6F63 		.ascii	"clock_hl_addr_DmaInitialize\000"
 1630      6B5F686C 
 1630      5F616464 
ARM GAS  C:\Users\SUZUKI~1\AppData\Local\Temp\cczt5ekG.s 			page 33


 1630      725F446D 
 1630      61496E69 
 1631              	.LASF26:
 1632 02b9 6D6C5F64 		.ascii	"ml_data_chan\000"
 1632      6174615F 
 1632      6368616E 
 1632      00
 1633              	.LASF39:
 1634 02c6 68685F64 		.ascii	"hh_data_td\000"
 1634      6174615F 
 1634      746400
 1635              	.LASF11:
 1636 02d1 73697A65 		.ascii	"sizetype\000"
 1636      74797065 
 1636      00
 1637              	.LASF6:
 1638 02da 6C6F6E67 		.ascii	"long long int\000"
 1638      206C6F6E 
 1638      6720696E 
 1638      7400
 1639              	.LASF12:
 1640 02e8 63686172 		.ascii	"char\000"
 1640      00
 1641              	.LASF2:
 1642 02ed 73686F72 		.ascii	"short int\000"
 1642      7420696E 
 1642      7400
 1643              	.LASF32:
 1644 02f7 6D6C5F61 		.ascii	"ml_addr_td\000"
 1644      6464725F 
 1644      746400
 1645              	.LASF30:
 1646 0302 68685F61 		.ascii	"hh_addr_chan\000"
 1646      6464725F 
 1646      6368616E 
 1646      00
 1647              	.LASF27:
 1648 030f 6D685F64 		.ascii	"mh_data_chan\000"
 1648      6174615F 
 1648      6368616E 
 1648      00
 1649              	.LASF24:
 1650 031c 6D6C5F61 		.ascii	"ml_addr_chan\000"
 1650      6464725F 
 1650      6368616E 
 1650      00
 1651              	.LASF4:
 1652 0329 6C6F6E67 		.ascii	"long int\000"
 1652      20696E74 
 1652      00
 1653              	.LASF0:
 1654 0332 7369676E 		.ascii	"signed char\000"
 1654      65642063 
 1654      68617200 
 1655              	.LASF35:
 1656 033e 6D685F64 		.ascii	"mh_data_td\000"
 1656      6174615F 
ARM GAS  C:\Users\SUZUKI~1\AppData\Local\Temp\cczt5ekG.s 			page 34


 1656      746400
 1657              	.LASF28:
 1658 0349 686C5F61 		.ascii	"hl_addr_chan\000"
 1658      6464725F 
 1658      6368616E 
 1658      00
 1659              	.LASF51:
 1660 0356 636C6F63 		.ascii	"clock_Start\000"
 1660      6B5F5374 
 1660      61727400 
 1661              	.LASF50:
 1662 0362 433A5C55 		.ascii	"C:\\Users\\suzukihajime\\Documents\\PSoC Creator\\b"
 1662      73657273 
 1662      5C73757A 
 1662      756B6968 
 1662      616A696D 
 1663 0390 6F6F7374 		.ascii	"oost\\boost.cydsn\000"
 1663      5C626F6F 
 1663      73742E63 
 1663      7964736E 
 1663      00
 1664              		.ident	"GCC: (GNU Tools for ARM Embedded Processors) 4.9.3 20150303 (release) [ARM/embedded-4_9-br
