ARM GAS  C:\Users\SUZUKI~1\AppData\Local\Temp\ccvHEg4p.s 			page 1


   1              		.syntax unified
   2              		.cpu cortex-m3
   3              		.fpu softvfp
   4              		.eabi_attribute 20, 1
   5              		.eabi_attribute 21, 1
   6              		.eabi_attribute 23, 3
   7              		.eabi_attribute 24, 1
   8              		.eabi_attribute 25, 1
   9              		.eabi_attribute 26, 1
  10              		.eabi_attribute 30, 1
  11              		.eabi_attribute 34, 1
  12              		.eabi_attribute 18, 4
  13              		.thumb
  14              		.file	"cymetadata.c"
  15              		.text
  16              	.Ltext0:
  17              		.cfi_sections	.debug_frame
  18              		.global	cy_metadata
  19              		.global	cy_meta_flashprotect
  20              		.global	cy_meta_wonvl
  21              		.global	cy_meta_custnvl
  22              		.global	cy_meta_configecc
  23              		.section	.cyconfigecc,"a",%progbits
  24              		.align	2
  25              		.type	cy_meta_configecc, %object
  26              		.size	cy_meta_configecc, 1156
  27              	cy_meta_configecc:
  28 0000 06       		.byte	6
  29 0001 52       		.byte	82
  30 0002 00       		.byte	0
  31 0003 40       		.byte	64
  32 0004 01       		.byte	1
  33 0005 5B       		.byte	91
  34 0006 00       		.byte	0
  35 0007 40       		.byte	64
  36 0008 01       		.byte	1
  37 0009 64       		.byte	100
  38 000a 00       		.byte	0
  39 000b 40       		.byte	64
  40 000c 03       		.byte	3
  41 000d 65       		.byte	101
  42 000e 00       		.byte	0
  43 000f 40       		.byte	64
  44 0010 02       		.byte	2
  45 0011 03       		.byte	3
  46 0012 01       		.byte	1
  47 0013 40       		.byte	64
  48 0014 3B       		.byte	59
  49 0015 08       		.byte	8
  50 0016 01       		.byte	1
  51 0017 40       		.byte	64
  52 0018 32       		.byte	50
  53 0019 09       		.byte	9
  54 001a 01       		.byte	1
  55 001b 40       		.byte	64
  56 001c 05       		.byte	5
  57 001d 0B       		.byte	11
ARM GAS  C:\Users\SUZUKI~1\AppData\Local\Temp\ccvHEg4p.s 			page 2


  58 001e 01       		.byte	1
  59 001f 40       		.byte	64
  60 0020 03       		.byte	3
  61 0021 0D       		.byte	13
  62 0022 01       		.byte	1
  63 0023 40       		.byte	64
  64 0024 03       		.byte	3
  65 0025 15       		.byte	21
  66 0026 01       		.byte	1
  67 0027 40       		.byte	64
  68 0028 02       		.byte	2
  69 0029 17       		.byte	23
  70 002a 01       		.byte	1
  71 002b 40       		.byte	64
  72 002c 43       		.byte	67
  73 002d 18       		.byte	24
  74 002e 01       		.byte	1
  75 002f 40       		.byte	64
  76 0030 3B       		.byte	59
  77 0031 19       		.byte	25
  78 0032 01       		.byte	1
  79 0033 40       		.byte	64
  80 0034 47       		.byte	71
  81 0035 1A       		.byte	26
  82 0036 01       		.byte	1
  83 0037 40       		.byte	64
  84 0038 31       		.byte	49
  85 0039 1B       		.byte	27
  86 003a 01       		.byte	1
  87 003b 40       		.byte	64
  88 003c 0C       		.byte	12
  89 003d 40       		.byte	64
  90 003e 01       		.byte	1
  91 003f 40       		.byte	64
  92 0040 09       		.byte	9
  93 0041 41       		.byte	65
  94 0042 01       		.byte	1
  95 0043 40       		.byte	64
  96 0044 03       		.byte	3
  97 0045 42       		.byte	66
  98 0046 01       		.byte	1
  99 0047 40       		.byte	64
 100 0048 03       		.byte	3
 101 0049 43       		.byte	67
 102 004a 01       		.byte	1
 103 004b 40       		.byte	64
 104 004c 02       		.byte	2
 105 004d 44       		.byte	68
 106 004e 01       		.byte	1
 107 004f 40       		.byte	64
 108 0050 0B       		.byte	11
 109 0051 45       		.byte	69
 110 0052 01       		.byte	1
 111 0053 40       		.byte	64
 112 0054 0B       		.byte	11
 113 0055 46       		.byte	70
 114 0056 01       		.byte	1
ARM GAS  C:\Users\SUZUKI~1\AppData\Local\Temp\ccvHEg4p.s 			page 3


 115 0057 40       		.byte	64
 116 0058 0C       		.byte	12
 117 0059 47       		.byte	71
 118 005a 01       		.byte	1
 119 005b 40       		.byte	64
 120 005c 07       		.byte	7
 121 005d 48       		.byte	72
 122 005e 01       		.byte	1
 123 005f 40       		.byte	64
 124 0060 0B       		.byte	11
 125 0061 49       		.byte	73
 126 0062 01       		.byte	1
 127 0063 40       		.byte	64
 128 0064 0F       		.byte	15
 129 0065 4C       		.byte	76
 130 0066 01       		.byte	1
 131 0067 40       		.byte	64
 132 0068 0D       		.byte	13
 133 0069 4D       		.byte	77
 134 006a 01       		.byte	1
 135 006b 40       		.byte	64
 136 006c 04       		.byte	4
 137 006d 50       		.byte	80
 138 006e 01       		.byte	1
 139 006f 40       		.byte	64
 140 0070 03       		.byte	3
 141 0071 51       		.byte	81
 142 0072 01       		.byte	1
 143 0073 40       		.byte	64
 144 0074 08       		.byte	8
 145 0075 98       		.byte	-104
 146 0076 09       		.byte	9
 147 0077 58       		.byte	88
 148 0078 10       		.byte	16
 149 0079 42       		.byte	66
 150 007a 11       		.byte	17
 151 007b C6       		.byte	-58
 152 007c 60       		.byte	96
 153 007d 80       		.byte	-128
 154 007e 61       		.byte	97
 155 007f 90       		.byte	-112
 156 0080 27       		.byte	39
 157 0081 84       		.byte	-124
 158 0082 88       		.byte	-120
 159 0083 02       		.byte	2
 160 0084 88       		.byte	-120
 161 0085 01       		.byte	1
 162 0086 89       		.byte	-119
 163 0087 7F       		.byte	127
 164 0088 8B       		.byte	-117
 165 0089 7F       		.byte	127
 166 008a E2       		.byte	-30
 167 008b 10       		.byte	16
 168 008c E6       		.byte	-26
 169 008d 04       		.byte	4
 170 008e 02       		.byte	2
 171 008f 02       		.byte	2
ARM GAS  C:\Users\SUZUKI~1\AppData\Local\Temp\ccvHEg4p.s 			page 4


 172 0090 03       		.byte	3
 173 0091 02       		.byte	2
 174 0092 04       		.byte	4
 175 0093 02       		.byte	2
 176 0094 07       		.byte	7
 177 0095 01       		.byte	1
 178 0096 0A       		.byte	10
 179 0097 04       		.byte	4
 180 0098 0B       		.byte	11
 181 0099 10       		.byte	16
 182 009a 0D       		.byte	13
 183 009b 01       		.byte	1
 184 009c 0F       		.byte	15
 185 009d 20       		.byte	32
 186 009e 10       		.byte	16
 187 009f 08       		.byte	8
 188 00a0 12       		.byte	18
 189 00a1 16       		.byte	22
 190 00a2 13       		.byte	19
 191 00a3 08       		.byte	8
 192 00a4 15       		.byte	21
 193 00a5 02       		.byte	2
 194 00a6 16       		.byte	22
 195 00a7 10       		.byte	16
 196 00a8 19       		.byte	25
 197 00a9 04       		.byte	4
 198 00aa 1C       		.byte	28
 199 00ab 01       		.byte	1
 200 00ac 1E       		.byte	30
 201 00ad 08       		.byte	8
 202 00ae 22       		.byte	34
 203 00af 08       		.byte	8
 204 00b0 24       		.byte	36
 205 00b1 01       		.byte	1
 206 00b2 27       		.byte	39
 207 00b3 40       		.byte	64
 208 00b4 28       		.byte	40
 209 00b5 04       		.byte	4
 210 00b6 29       		.byte	41
 211 00b7 08       		.byte	8
 212 00b8 2B       		.byte	43
 213 00b9 16       		.byte	22
 214 00ba 2E       		.byte	46
 215 00bb 20       		.byte	32
 216 00bc 2F       		.byte	47
 217 00bd 04       		.byte	4
 218 00be 30       		.byte	48
 219 00bf 01       		.byte	1
 220 00c0 31       		.byte	49
 221 00c1 01       		.byte	1
 222 00c2 32       		.byte	50
 223 00c3 20       		.byte	32
 224 00c4 33       		.byte	51
 225 00c5 20       		.byte	32
 226 00c6 34       		.byte	52
 227 00c7 1E       		.byte	30
 228 00c8 35       		.byte	53
ARM GAS  C:\Users\SUZUKI~1\AppData\Local\Temp\ccvHEg4p.s 			page 5


 229 00c9 1E       		.byte	30
 230 00ca 37       		.byte	55
 231 00cb 40       		.byte	64
 232 00cc 38       		.byte	56
 233 00cd 02       		.byte	2
 234 00ce 3E       		.byte	62
 235 00cf 11       		.byte	17
 236 00d0 3F       		.byte	63
 237 00d1 10       		.byte	16
 238 00d2 40       		.byte	64
 239 00d3 13       		.byte	19
 240 00d4 41       		.byte	65
 241 00d5 04       		.byte	4
 242 00d6 46       		.byte	70
 243 00d7 20       		.byte	32
 244 00d8 48       		.byte	72
 245 00d9 0A       		.byte	10
 246 00da 49       		.byte	73
 247 00db FF       		.byte	-1
 248 00dc 4A       		.byte	74
 249 00dd FF       		.byte	-1
 250 00de 4B       		.byte	75
 251 00df FF       		.byte	-1
 252 00e0 56       		.byte	86
 253 00e1 02       		.byte	2
 254 00e2 57       		.byte	87
 255 00e3 24       		.byte	36
 256 00e4 58       		.byte	88
 257 00e5 04       		.byte	4
 258 00e6 59       		.byte	89
 259 00e7 04       		.byte	4
 260 00e8 5A       		.byte	90
 261 00e9 04       		.byte	4
 262 00ea 5B       		.byte	91
 263 00eb 04       		.byte	4
 264 00ec 5C       		.byte	92
 265 00ed 32       		.byte	50
 266 00ee 5D       		.byte	93
 267 00ef 22       		.byte	34
 268 00f0 5F       		.byte	95
 269 00f1 01       		.byte	1
 270 00f2 62       		.byte	98
 271 00f3 40       		.byte	64
 272 00f4 63       		.byte	99
 273 00f5 30       		.byte	48
 274 00f6 66       		.byte	102
 275 00f7 40       		.byte	64
 276 00f8 67       		.byte	103
 277 00f9 40       		.byte	64
 278 00fa 6A       		.byte	106
 279 00fb 40       		.byte	64
 280 00fc 6B       		.byte	107
 281 00fd A8       		.byte	-88
 282 00fe 6E       		.byte	110
 283 00ff 80       		.byte	-128
 284 0100 DB       		.byte	-37
 285 0101 04       		.byte	4
ARM GAS  C:\Users\SUZUKI~1\AppData\Local\Temp\ccvHEg4p.s 			page 6


 286 0102 DF       		.byte	-33
 287 0103 01       		.byte	1
 288 0104 04       		.byte	4
 289 0105 11       		.byte	17
 290 0106 05       		.byte	5
 291 0107 04       		.byte	4
 292 0108 0E       		.byte	14
 293 0109 40       		.byte	64
 294 010a 0F       		.byte	15
 295 010b 21       		.byte	33
 296 010c 16       		.byte	22
 297 010d 50       		.byte	80
 298 010e 17       		.byte	23
 299 010f 61       		.byte	97
 300 0110 1C       		.byte	28
 301 0111 10       		.byte	16
 302 0112 1D       		.byte	29
 303 0113 2A       		.byte	42
 304 0114 25       		.byte	37
 305 0115 44       		.byte	68
 306 0116 27       		.byte	39
 307 0117 48       		.byte	72
 308 0118 2C       		.byte	44
 309 0119 01       		.byte	1
 310 011a 2E       		.byte	46
 311 011b 08       		.byte	8
 312 011c 2F       		.byte	47
 313 011d 08       		.byte	8
 314 011e 35       		.byte	53
 315 011f 04       		.byte	4
 316 0120 37       		.byte	55
 317 0121 21       		.byte	33
 318 0122 3C       		.byte	60
 319 0123 01       		.byte	1
 320 0124 3D       		.byte	61
 321 0125 88       		.byte	-120
 322 0126 3F       		.byte	63
 323 0127 20       		.byte	32
 324 0128 44       		.byte	68
 325 0129 01       		.byte	1
 326 012a 45       		.byte	69
 327 012b 02       		.byte	2
 328 012c 47       		.byte	71
 329 012d 08       		.byte	8
 330 012e 4F       		.byte	79
 331 012f 01       		.byte	1
 332 0130 56       		.byte	86
 333 0131 10       		.byte	16
 334 0132 66       		.byte	102
 335 0133 20       		.byte	32
 336 0134 68       		.byte	104
 337 0135 01       		.byte	1
 338 0136 6A       		.byte	106
 339 0137 02       		.byte	2
 340 0138 6B       		.byte	107
 341 0139 14       		.byte	20
 342 013a 6E       		.byte	110
ARM GAS  C:\Users\SUZUKI~1\AppData\Local\Temp\ccvHEg4p.s 			page 7


 343 013b 40       		.byte	64
 344 013c 6F       		.byte	111
 345 013d 08       		.byte	8
 346 013e 71       		.byte	113
 347 013f 10       		.byte	16
 348 0140 72       		.byte	114
 349 0141 02       		.byte	2
 350 0142 73       		.byte	115
 351 0143 50       		.byte	80
 352 0144 83       		.byte	-125
 353 0145 10       		.byte	16
 354 0146 86       		.byte	-122
 355 0147 01       		.byte	1
 356 0148 87       		.byte	-121
 357 0149 10       		.byte	16
 358 014a 8A       		.byte	-118
 359 014b 02       		.byte	2
 360 014c 94       		.byte	-108
 361 014d 08       		.byte	8
 362 014e 97       		.byte	-105
 363 014f 40       		.byte	64
 364 0150 9D       		.byte	-99
 365 0151 10       		.byte	16
 366 0152 A4       		.byte	-92
 367 0153 01       		.byte	1
 368 0154 C0       		.byte	-64
 369 0155 70       		.byte	112
 370 0156 C2       		.byte	-62
 371 0157 B0       		.byte	-80
 372 0158 C4       		.byte	-60
 373 0159 F0       		.byte	-16
 374 015a CA       		.byte	-54
 375 015b 70       		.byte	112
 376 015c CC       		.byte	-52
 377 015d E0       		.byte	-32
 378 015e CE       		.byte	-50
 379 015f F0       		.byte	-16
 380 0160 D0       		.byte	-48
 381 0161 D0       		.byte	-48
 382 0162 D8       		.byte	-40
 383 0163 20       		.byte	32
 384 0164 E0       		.byte	-32
 385 0165 0C       		.byte	12
 386 0166 E4       		.byte	-28
 387 0167 02       		.byte	2
 388 0168 84       		.byte	-124
 389 0169 01       		.byte	1
 390 016a 8B       		.byte	-117
 391 016b 40       		.byte	64
 392 016c 8D       		.byte	-115
 393 016d 10       		.byte	16
 394 016e 94       		.byte	-108
 395 016f 08       		.byte	8
 396 0170 E4       		.byte	-28
 397 0171 08       		.byte	8
 398 0172 8C       		.byte	-116
 399 0173 04       		.byte	4
ARM GAS  C:\Users\SUZUKI~1\AppData\Local\Temp\ccvHEg4p.s 			page 8


 400 0174 E2       		.byte	-30
 401 0175 10       		.byte	16
 402 0176 E6       		.byte	-26
 403 0177 04       		.byte	4
 404 0178 E4       		.byte	-28
 405 0179 42       		.byte	66
 406 017a E8       		.byte	-24
 407 017b 10       		.byte	16
 408 017c EC       		.byte	-20
 409 017d 20       		.byte	32
 410 017e E2       		.byte	-30
 411 017f A0       		.byte	-96
 412 0180 E6       		.byte	-26
 413 0181 20       		.byte	32
 414 0182 02       		.byte	2
 415 0183 02       		.byte	2
 416 0184 0B       		.byte	11
 417 0185 02       		.byte	2
 418 0186 0E       		.byte	14
 419 0187 08       		.byte	8
 420 0188 11       		.byte	17
 421 0189 01       		.byte	1
 422 018a 12       		.byte	18
 423 018b 04       		.byte	4
 424 018c 1C       		.byte	28
 425 018d 01       		.byte	1
 426 018e 24       		.byte	36
 427 018f 01       		.byte	1
 428 0190 2F       		.byte	47
 429 0191 01       		.byte	1
 430 0192 30       		.byte	48
 431 0193 08       		.byte	8
 432 0194 32       		.byte	50
 433 0195 02       		.byte	2
 434 0196 33       		.byte	51
 435 0197 02       		.byte	2
 436 0198 34       		.byte	52
 437 0199 01       		.byte	1
 438 019a 35       		.byte	53
 439 019b 01       		.byte	1
 440 019c 36       		.byte	54
 441 019d 04       		.byte	4
 442 019e 38       		.byte	56
 443 019f 20       		.byte	32
 444 01a0 3E       		.byte	62
 445 01a1 10       		.byte	16
 446 01a2 3F       		.byte	63
 447 01a3 10       		.byte	16
 448 01a4 40       		.byte	64
 449 01a5 32       		.byte	50
 450 01a6 41       		.byte	65
 451 01a7 06       		.byte	6
 452 01a8 46       		.byte	70
 453 01a9 20       		.byte	32
 454 01aa 48       		.byte	72
 455 01ab 0A       		.byte	10
 456 01ac 49       		.byte	73
ARM GAS  C:\Users\SUZUKI~1\AppData\Local\Temp\ccvHEg4p.s 			page 9


 457 01ad FF       		.byte	-1
 458 01ae 4A       		.byte	74
 459 01af FF       		.byte	-1
 460 01b0 4B       		.byte	75
 461 01b1 FF       		.byte	-1
 462 01b2 56       		.byte	86
 463 01b3 02       		.byte	2
 464 01b4 57       		.byte	87
 465 01b5 2C       		.byte	44
 466 01b6 58       		.byte	88
 467 01b7 04       		.byte	4
 468 01b8 59       		.byte	89
 469 01b9 04       		.byte	4
 470 01ba 5A       		.byte	90
 471 01bb 04       		.byte	4
 472 01bc 5B       		.byte	91
 473 01bd 04       		.byte	4
 474 01be 5C       		.byte	92
 475 01bf 22       		.byte	34
 476 01c0 5D       		.byte	93
 477 01c1 22       		.byte	34
 478 01c2 5F       		.byte	95
 479 01c3 01       		.byte	1
 480 01c4 62       		.byte	98
 481 01c5 40       		.byte	64
 482 01c6 63       		.byte	99
 483 01c7 30       		.byte	48
 484 01c8 66       		.byte	102
 485 01c9 40       		.byte	64
 486 01ca 67       		.byte	103
 487 01cb 40       		.byte	64
 488 01cc 6A       		.byte	106
 489 01cd 40       		.byte	64
 490 01ce 6B       		.byte	107
 491 01cf A8       		.byte	-88
 492 01d0 6E       		.byte	110
 493 01d1 80       		.byte	-128
 494 01d2 81       		.byte	-127
 495 01d3 02       		.byte	2
 496 01d4 83       		.byte	-125
 497 01d5 04       		.byte	4
 498 01d6 85       		.byte	-123
 499 01d7 04       		.byte	4
 500 01d8 86       		.byte	-122
 501 01d9 02       		.byte	2
 502 01da 87       		.byte	-121
 503 01db 02       		.byte	2
 504 01dc 93       		.byte	-109
 505 01dd 01       		.byte	1
 506 01de 99       		.byte	-103
 507 01df 01       		.byte	1
 508 01e0 A0       		.byte	-96
 509 01e1 04       		.byte	4
 510 01e2 A2       		.byte	-94
 511 01e3 01       		.byte	1
 512 01e4 A4       		.byte	-92
 513 01e5 04       		.byte	4
ARM GAS  C:\Users\SUZUKI~1\AppData\Local\Temp\ccvHEg4p.s 			page 10


 514 01e6 A6       		.byte	-90
 515 01e7 01       		.byte	1
 516 01e8 B1       		.byte	-79
 517 01e9 02       		.byte	2
 518 01ea B2       		.byte	-78
 519 01eb 04       		.byte	4
 520 01ec B3       		.byte	-77
 521 01ed 04       		.byte	4
 522 01ee B4       		.byte	-76
 523 01ef 01       		.byte	1
 524 01f0 B5       		.byte	-75
 525 01f1 01       		.byte	1
 526 01f2 B6       		.byte	-74
 527 01f3 02       		.byte	2
 528 01f4 BE       		.byte	-66
 529 01f5 14       		.byte	20
 530 01f6 BF       		.byte	-65
 531 01f7 05       		.byte	5
 532 01f8 D6       		.byte	-42
 533 01f9 02       		.byte	2
 534 01fa D7       		.byte	-41
 535 01fb 2C       		.byte	44
 536 01fc D8       		.byte	-40
 537 01fd 04       		.byte	4
 538 01fe D9       		.byte	-39
 539 01ff 04       		.byte	4
 540 0200 DB       		.byte	-37
 541 0201 04       		.byte	4
 542 0202 DC       		.byte	-36
 543 0203 32       		.byte	50
 544 0204 DD       		.byte	-35
 545 0205 20       		.byte	32
 546 0206 DF       		.byte	-33
 547 0207 01       		.byte	1
 548 0208 00       		.byte	0
 549 0209 04       		.byte	4
 550 020a 04       		.byte	4
 551 020b 01       		.byte	1
 552 020c 05       		.byte	5
 553 020d 40       		.byte	64
 554 020e 0E       		.byte	14
 555 020f 40       		.byte	64
 556 0210 0F       		.byte	15
 557 0211 01       		.byte	1
 558 0212 10       		.byte	16
 559 0213 A0       		.byte	-96
 560 0214 16       		.byte	22
 561 0215 10       		.byte	16
 562 0216 18       		.byte	24
 563 0217 09       		.byte	9
 564 0218 19       		.byte	25
 565 0219 10       		.byte	16
 566 021a 1B       		.byte	27
 567 021b 08       		.byte	8
 568 021c 1D       		.byte	29
 569 021d 04       		.byte	4
 570 021e 1E       		.byte	30
ARM GAS  C:\Users\SUZUKI~1\AppData\Local\Temp\ccvHEg4p.s 			page 11


 571 021f 42       		.byte	66
 572 0220 1F       		.byte	31
 573 0221 12       		.byte	18
 574 0222 20       		.byte	32
 575 0223 04       		.byte	4
 576 0224 21       		.byte	33
 577 0225 01       		.byte	1
 578 0226 22       		.byte	34
 579 0227 06       		.byte	6
 580 0228 27       		.byte	39
 581 0229 24       		.byte	36
 582 022a 2F       		.byte	47
 583 022b 02       		.byte	2
 584 022c 31       		.byte	49
 585 022d 02       		.byte	2
 586 022e 32       		.byte	50
 587 022f 20       		.byte	32
 588 0230 36       		.byte	54
 589 0231 01       		.byte	1
 590 0232 39       		.byte	57
 591 0233 05       		.byte	5
 592 0234 3B       		.byte	59
 593 0235 30       		.byte	48
 594 0236 3C       		.byte	60
 595 0237 10       		.byte	16
 596 0238 42       		.byte	66
 597 0239 20       		.byte	32
 598 023a 43       		.byte	67
 599 023b 04       		.byte	4
 600 023c 45       		.byte	69
 601 023d 28       		.byte	40
 602 023e 4F       		.byte	79
 603 023f 11       		.byte	17
 604 0240 56       		.byte	86
 605 0241 10       		.byte	16
 606 0242 61       		.byte	97
 607 0243 01       		.byte	1
 608 0244 67       		.byte	103
 609 0245 40       		.byte	64
 610 0246 68       		.byte	104
 611 0247 A0       		.byte	-96
 612 0248 69       		.byte	105
 613 0249 05       		.byte	5
 614 024a 73       		.byte	115
 615 024b 40       		.byte	64
 616 024c 76       		.byte	118
 617 024d 40       		.byte	64
 618 024e 8A       		.byte	-118
 619 024f 06       		.byte	6
 620 0250 8B       		.byte	-117
 621 0251 08       		.byte	8
 622 0252 8D       		.byte	-115
 623 0253 10       		.byte	16
 624 0254 90       		.byte	-112
 625 0255 10       		.byte	16
 626 0256 94       		.byte	-108
 627 0257 09       		.byte	9
ARM GAS  C:\Users\SUZUKI~1\AppData\Local\Temp\ccvHEg4p.s 			page 12


 628 0258 9D       		.byte	-99
 629 0259 04       		.byte	4
 630 025a 9E       		.byte	-98
 631 025b 68       		.byte	104
 632 025c 9F       		.byte	-97
 633 025d 20       		.byte	32
 634 025e A1       		.byte	-95
 635 025f 28       		.byte	40
 636 0260 A7       		.byte	-89
 637 0261 10       		.byte	16
 638 0262 B0       		.byte	-80
 639 0263 01       		.byte	1
 640 0264 B1       		.byte	-79
 641 0265 08       		.byte	8
 642 0266 B7       		.byte	-73
 643 0267 04       		.byte	4
 644 0268 C0       		.byte	-64
 645 0269 94       		.byte	-108
 646 026a C2       		.byte	-62
 647 026b 90       		.byte	-112
 648 026c C4       		.byte	-60
 649 026d 2C       		.byte	44
 650 026e CA       		.byte	-54
 651 026f 10       		.byte	16
 652 0270 CC       		.byte	-52
 653 0271 85       		.byte	-123
 654 0272 CE       		.byte	-50
 655 0273 23       		.byte	35
 656 0274 D0       		.byte	-48
 657 0275 60       		.byte	96
 658 0276 D2       		.byte	-46
 659 0277 20       		.byte	32
 660 0278 D8       		.byte	-40
 661 0279 81       		.byte	-127
 662 027a E2       		.byte	-30
 663 027b A0       		.byte	-96
 664 027c E6       		.byte	-26
 665 027d 20       		.byte	32
 666 027e 06       		.byte	6
 667 027f 05       		.byte	5
 668 0280 12       		.byte	18
 669 0281 02       		.byte	2
 670 0282 1B       		.byte	27
 671 0283 01       		.byte	1
 672 0284 24       		.byte	36
 673 0285 04       		.byte	4
 674 0286 2A       		.byte	42
 675 0287 01       		.byte	1
 676 0288 30       		.byte	48
 677 0289 01       		.byte	1
 678 028a 31       		.byte	49
 679 028b 01       		.byte	1
 680 028c 32       		.byte	50
 681 028d 04       		.byte	4
 682 028e 34       		.byte	52
 683 028f 02       		.byte	2
 684 0290 40       		.byte	64
ARM GAS  C:\Users\SUZUKI~1\AppData\Local\Temp\ccvHEg4p.s 			page 13


 685 0291 20       		.byte	32
 686 0292 41       		.byte	65
 687 0293 06       		.byte	6
 688 0294 45       		.byte	69
 689 0295 01       		.byte	1
 690 0296 47       		.byte	71
 691 0297 02       		.byte	2
 692 0298 48       		.byte	72
 693 0299 11       		.byte	17
 694 029a 49       		.byte	73
 695 029b FF       		.byte	-1
 696 029c 4A       		.byte	74
 697 029d FF       		.byte	-1
 698 029e 4B       		.byte	75
 699 029f FF       		.byte	-1
 700 02a0 4D       		.byte	77
 701 02a1 A0       		.byte	-96
 702 02a2 4F       		.byte	79
 703 02a3 04       		.byte	4
 704 02a4 50       		.byte	80
 705 02a5 18       		.byte	24
 706 02a6 52       		.byte	82
 707 02a7 80       		.byte	-128
 708 02a8 58       		.byte	88
 709 02a9 04       		.byte	4
 710 02aa 59       		.byte	89
 711 02ab 04       		.byte	4
 712 02ac 5A       		.byte	90
 713 02ad 04       		.byte	4
 714 02ae 5B       		.byte	91
 715 02af 04       		.byte	4
 716 02b0 5C       		.byte	92
 717 02b1 30       		.byte	48
 718 02b2 5F       		.byte	95
 719 02b3 01       		.byte	1
 720 02b4 60       		.byte	96
 721 02b5 40       		.byte	64
 722 02b6 62       		.byte	98
 723 02b7 C0       		.byte	-64
 724 02b8 64       		.byte	100
 725 02b9 40       		.byte	64
 726 02ba 65       		.byte	101
 727 02bb 40       		.byte	64
 728 02bc 66       		.byte	102
 729 02bd C0       		.byte	-64
 730 02be 68       		.byte	104
 731 02bf C0       		.byte	-64
 732 02c0 6A       		.byte	106
 733 02c1 C0       		.byte	-64
 734 02c2 6C       		.byte	108
 735 02c3 C0       		.byte	-64
 736 02c4 6E       		.byte	110
 737 02c5 C0       		.byte	-64
 738 02c6 82       		.byte	-126
 739 02c7 04       		.byte	4
 740 02c8 86       		.byte	-122
 741 02c9 02       		.byte	2
ARM GAS  C:\Users\SUZUKI~1\AppData\Local\Temp\ccvHEg4p.s 			page 14


 742 02ca 8C       		.byte	-116
 743 02cb 01       		.byte	1
 744 02cc 8F       		.byte	-113
 745 02cd 02       		.byte	2
 746 02ce 96       		.byte	-106
 747 02cf 04       		.byte	4
 748 02d0 A2       		.byte	-94
 749 02d1 01       		.byte	1
 750 02d2 AF       		.byte	-81
 751 02d3 01       		.byte	1
 752 02d4 B0       		.byte	-80
 753 02d5 02       		.byte	2
 754 02d6 B4       		.byte	-76
 755 02d7 04       		.byte	4
 756 02d8 B5       		.byte	-75
 757 02d9 02       		.byte	2
 758 02da B6       		.byte	-74
 759 02db 01       		.byte	1
 760 02dc B7       		.byte	-73
 761 02dd 01       		.byte	1
 762 02de BE       		.byte	-66
 763 02df 10       		.byte	16
 764 02e0 C0       		.byte	-64
 765 02e1 62       		.byte	98
 766 02e2 C6       		.byte	-58
 767 02e3 20       		.byte	32
 768 02e4 C8       		.byte	-56
 769 02e5 08       		.byte	8
 770 02e6 C9       		.byte	-55
 771 02e7 FF       		.byte	-1
 772 02e8 CA       		.byte	-54
 773 02e9 FF       		.byte	-1
 774 02ea CB       		.byte	-53
 775 02eb FF       		.byte	-1
 776 02ec D6       		.byte	-42
 777 02ed 02       		.byte	2
 778 02ee D8       		.byte	-40
 779 02ef 04       		.byte	4
 780 02f0 D9       		.byte	-39
 781 02f1 04       		.byte	4
 782 02f2 DA       		.byte	-38
 783 02f3 04       		.byte	4
 784 02f4 DB       		.byte	-37
 785 02f5 04       		.byte	4
 786 02f6 DC       		.byte	-36
 787 02f7 33       		.byte	51
 788 02f8 DD       		.byte	-35
 789 02f9 22       		.byte	34
 790 02fa DF       		.byte	-33
 791 02fb 01       		.byte	1
 792 02fc E0       		.byte	-32
 793 02fd 60       		.byte	96
 794 02fe E1       		.byte	-31
 795 02ff 18       		.byte	24
 796 0300 E2       		.byte	-30
 797 0301 40       		.byte	64
 798 0302 E3       		.byte	-29
ARM GAS  C:\Users\SUZUKI~1\AppData\Local\Temp\ccvHEg4p.s 			page 15


 799 0303 40       		.byte	64
 800 0304 E4       		.byte	-28
 801 0305 60       		.byte	96
 802 0306 E5       		.byte	-27
 803 0307 10       		.byte	16
 804 0308 E6       		.byte	-26
 805 0309 80       		.byte	-128
 806 030a E7       		.byte	-25
 807 030b 04       		.byte	4
 808 030c 00       		.byte	0
 809 030d 04       		.byte	4
 810 030e 04       		.byte	4
 811 030f 41       		.byte	65
 812 0310 06       		.byte	6
 813 0311 20       		.byte	32
 814 0312 0A       		.byte	10
 815 0313 40       		.byte	64
 816 0314 0D       		.byte	13
 817 0315 08       		.byte	8
 818 0316 10       		.byte	16
 819 0317 28       		.byte	40
 820 0318 17       		.byte	23
 821 0319 02       		.byte	2
 822 031a 18       		.byte	24
 823 031b 84       		.byte	-124
 824 031c 19       		.byte	25
 825 031d 04       		.byte	4
 826 031e 1C       		.byte	28
 827 031f 40       		.byte	64
 828 0320 1D       		.byte	29
 829 0321 60       		.byte	96
 830 0322 1F       		.byte	31
 831 0323 02       		.byte	2
 832 0324 21       		.byte	33
 833 0325 02       		.byte	2
 834 0326 26       		.byte	38
 835 0327 20       		.byte	32
 836 0328 27       		.byte	39
 837 0329 02       		.byte	2
 838 032a 2F       		.byte	47
 839 032b 02       		.byte	2
 840 032c 32       		.byte	50
 841 032d 20       		.byte	32
 842 032e 3F       		.byte	63
 843 032f 40       		.byte	64
 844 0330 40       		.byte	64
 845 0331 04       		.byte	4
 846 0332 45       		.byte	69
 847 0333 20       		.byte	32
 848 0334 48       		.byte	72
 849 0335 28       		.byte	40
 850 0336 4F       		.byte	79
 851 0337 20       		.byte	32
 852 0338 50       		.byte	80
 853 0339 08       		.byte	8
 854 033a 57       		.byte	87
 855 033b 10       		.byte	16
ARM GAS  C:\Users\SUZUKI~1\AppData\Local\Temp\ccvHEg4p.s 			page 16


 856 033c 72       		.byte	114
 857 033d 40       		.byte	64
 858 033e 75       		.byte	117
 859 033f 01       		.byte	1
 860 0340 81       		.byte	-127
 861 0341 04       		.byte	4
 862 0342 87       		.byte	-121
 863 0343 40       		.byte	64
 864 0344 8C       		.byte	-116
 865 0345 40       		.byte	64
 866 0346 8E       		.byte	-114
 867 0347 20       		.byte	32
 868 0348 90       		.byte	-112
 869 0349 01       		.byte	1
 870 034a 9D       		.byte	-99
 871 034b 41       		.byte	65
 872 034c A1       		.byte	-95
 873 034d 08       		.byte	8
 874 034e A5       		.byte	-91
 875 034f 02       		.byte	2
 876 0350 A6       		.byte	-90
 877 0351 20       		.byte	32
 878 0352 A7       		.byte	-89
 879 0353 10       		.byte	16
 880 0354 B1       		.byte	-79
 881 0355 01       		.byte	1
 882 0356 B6       		.byte	-74
 883 0357 08       		.byte	8
 884 0358 C0       		.byte	-64
 885 0359 B4       		.byte	-76
 886 035a C2       		.byte	-62
 887 035b 28       		.byte	40
 888 035c C4       		.byte	-60
 889 035d 16       		.byte	22
 890 035e CA       		.byte	-54
 891 035f 10       		.byte	16
 892 0360 CC       		.byte	-52
 893 0361 04       		.byte	4
 894 0362 CE       		.byte	-50
 895 0363 10       		.byte	16
 896 0364 D0       		.byte	-48
 897 0365 24       		.byte	36
 898 0366 D2       		.byte	-46
 899 0367 24       		.byte	36
 900 0368 E4       		.byte	-28
 901 0369 41       		.byte	65
 902 036a E8       		.byte	-24
 903 036b 10       		.byte	16
 904 036c EC       		.byte	-20
 905 036d 20       		.byte	32
 906 036e 13       		.byte	19
 907 036f 04       		.byte	4
 908 0370 31       		.byte	49
 909 0371 10       		.byte	16
 910 0372 3B       		.byte	59
 911 0373 04       		.byte	4
 912 0374 3C       		.byte	60
ARM GAS  C:\Users\SUZUKI~1\AppData\Local\Temp\ccvHEg4p.s 			page 17


 913 0375 40       		.byte	64
 914 0376 3D       		.byte	61
 915 0377 02       		.byte	2
 916 0378 40       		.byte	64
 917 0379 08       		.byte	8
 918 037a 60       		.byte	96
 919 037b 40       		.byte	64
 920 037c 61       		.byte	97
 921 037d 10       		.byte	16
 922 037e C4       		.byte	-60
 923 037f 10       		.byte	16
 924 0380 CC       		.byte	-52
 925 0381 10       		.byte	16
 926 0382 CE       		.byte	-50
 927 0383 E0       		.byte	-32
 928 0384 D0       		.byte	-48
 929 0385 10       		.byte	16
 930 0386 39       		.byte	57
 931 0387 04       		.byte	4
 932 0388 3D       		.byte	61
 933 0389 80       		.byte	-128
 934 038a 81       		.byte	-127
 935 038b 10       		.byte	16
 936 038c 8D       		.byte	-115
 937 038d 01       		.byte	1
 938 038e 9C       		.byte	-100
 939 038f 08       		.byte	8
 940 0390 9D       		.byte	-99
 941 0391 10       		.byte	16
 942 0392 A5       		.byte	-91
 943 0393 01       		.byte	1
 944 0394 CE       		.byte	-50
 945 0395 60       		.byte	96
 946 0396 E6       		.byte	-26
 947 0397 20       		.byte	32
 948 0398 95       		.byte	-107
 949 0399 04       		.byte	4
 950 039a 9C       		.byte	-100
 951 039b 08       		.byte	8
 952 039c A5       		.byte	-91
 953 039d 40       		.byte	64
 954 039e 95       		.byte	-107
 955 039f 04       		.byte	4
 956 03a0 9C       		.byte	-100
 957 03a1 08       		.byte	8
 958 03a2 A5       		.byte	-91
 959 03a3 40       		.byte	64
 960 03a4 7B       		.byte	123
 961 03a5 01       		.byte	1
 962 03a6 DC       		.byte	-36
 963 03a7 01       		.byte	1
 964 03a8 53       		.byte	83
 965 03a9 80       		.byte	-128
 966 03aa 58       		.byte	88
 967 03ab 08       		.byte	8
 968 03ac 59       		.byte	89
 969 03ad 80       		.byte	-128
ARM GAS  C:\Users\SUZUKI~1\AppData\Local\Temp\ccvHEg4p.s 			page 18


 970 03ae 5D       		.byte	93
 971 03af 20       		.byte	32
 972 03b0 63       		.byte	99
 973 03b1 80       		.byte	-128
 974 03b2 67       		.byte	103
 975 03b3 20       		.byte	32
 976 03b4 82       		.byte	-126
 977 03b5 10       		.byte	16
 978 03b6 A7       		.byte	-89
 979 03b7 01       		.byte	1
 980 03b8 D4       		.byte	-44
 981 03b9 05       		.byte	5
 982 03ba D6       		.byte	-42
 983 03bb 06       		.byte	6
 984 03bc D8       		.byte	-40
 985 03bd 03       		.byte	3
 986 03be 1A       		.byte	26
 987 03bf 20       		.byte	32
 988 03c0 87       		.byte	-121
 989 03c1 01       		.byte	1
 990 03c2 89       		.byte	-119
 991 03c3 20       		.byte	32
 992 03c4 8F       		.byte	-113
 993 03c5 80       		.byte	-128
 994 03c6 96       		.byte	-106
 995 03c7 20       		.byte	32
 996 03c8 97       		.byte	-105
 997 03c9 20       		.byte	32
 998 03ca 9C       		.byte	-100
 999 03cb 08       		.byte	8
 1000 03cc 9D       		.byte	-99
 1001 03cd A0       		.byte	-96
 1002 03ce A7       		.byte	-89
 1003 03cf C1       		.byte	-63
 1004 03d0 C6       		.byte	-58
 1005 03d1 08       		.byte	8
 1006 03d2 E0       		.byte	-32
 1007 03d3 06       		.byte	6
 1008 03d4 43       		.byte	67
 1009 03d5 04       		.byte	4
 1010 03d6 45       		.byte	69
 1011 03d7 40       		.byte	64
 1012 03d8 83       		.byte	-125
 1013 03d9 40       		.byte	64
 1014 03da 85       		.byte	-123
 1015 03db 80       		.byte	-128
 1016 03dc 87       		.byte	-121
 1017 03dd 10       		.byte	16
 1018 03de 88       		.byte	-120
 1019 03df 08       		.byte	8
 1020 03e0 97       		.byte	-105
 1021 03e1 20       		.byte	32
 1022 03e2 9C       		.byte	-100
 1023 03e3 08       		.byte	8
 1024 03e4 9D       		.byte	-99
 1025 03e5 80       		.byte	-128
 1026 03e6 A7       		.byte	-89
ARM GAS  C:\Users\SUZUKI~1\AppData\Local\Temp\ccvHEg4p.s 			page 19


 1027 03e7 40       		.byte	64
 1028 03e8 D0       		.byte	-48
 1029 03e9 06       		.byte	6
 1030 03ea E0       		.byte	-32
 1031 03eb 01       		.byte	1
 1032 03ec 23       		.byte	35
 1033 03ed 20       		.byte	32
 1034 03ee 88       		.byte	-120
 1035 03ef 08       		.byte	8
 1036 03f0 89       		.byte	-119
 1037 03f1 44       		.byte	68
 1038 03f2 95       		.byte	-107
 1039 03f3 04       		.byte	4
 1040 03f4 9C       		.byte	-100
 1041 03f5 08       		.byte	8
 1042 03f6 A5       		.byte	-91
 1043 03f7 40       		.byte	64
 1044 03f8 C8       		.byte	-56
 1045 03f9 40       		.byte	64
 1046 03fa 05       		.byte	5
 1047 03fb 20       		.byte	32
 1048 03fc 0B       		.byte	11
 1049 03fd 40       		.byte	64
 1050 03fe 0C       		.byte	12
 1051 03ff 02       		.byte	2
 1052 0400 87       		.byte	-121
 1053 0401 40       		.byte	64
 1054 0402 8C       		.byte	-116
 1055 0403 02       		.byte	2
 1056 0404 9D       		.byte	-99
 1057 0405 20       		.byte	32
 1058 0406 B3       		.byte	-77
 1059 0407 20       		.byte	32
 1060 0408 B5       		.byte	-75
 1061 0409 20       		.byte	32
 1062 040a C0       		.byte	-64
 1063 040b 80       		.byte	-128
 1064 040c C2       		.byte	-62
 1065 040d 30       		.byte	48
 1066 040e E4       		.byte	-28
 1067 040f 40       		.byte	64
 1068 0410 5D       		.byte	93
 1069 0411 08       		.byte	8
 1070 0412 5E       		.byte	94
 1071 0413 80       		.byte	-128
 1072 0414 60       		.byte	96
 1073 0415 20       		.byte	32
 1074 0416 64       		.byte	100
 1075 0417 10       		.byte	16
 1076 0418 88       		.byte	-120
 1077 0419 20       		.byte	32
 1078 041a 8A       		.byte	-118
 1079 041b 40       		.byte	64
 1080 041c 8D       		.byte	-115
 1081 041d 08       		.byte	8
 1082 041e 9F       		.byte	-97
 1083 041f 04       		.byte	4
ARM GAS  C:\Users\SUZUKI~1\AppData\Local\Temp\ccvHEg4p.s 			page 20


 1084 0420 A0       		.byte	-96
 1085 0421 08       		.byte	8
 1086 0422 A5       		.byte	-91
 1087 0423 40       		.byte	64
 1088 0424 B4       		.byte	-76
 1089 0425 08       		.byte	8
 1090 0426 D6       		.byte	-42
 1091 0427 05       		.byte	5
 1092 0428 D8       		.byte	-40
 1093 0429 03       		.byte	3
 1094 042a E0       		.byte	-32
 1095 042b 07       		.byte	7
 1096 042c EC       		.byte	-20
 1097 042d 08       		.byte	8
 1098 042e 70       		.byte	112
 1099 042f 08       		.byte	8
 1100 0430 7C       		.byte	124
 1101 0431 80       		.byte	-128
 1102 0432 80       		.byte	-128
 1103 0433 80       		.byte	-128
 1104 0434 8F       		.byte	-113
 1105 0435 04       		.byte	4
 1106 0436 9F       		.byte	-97
 1107 0437 04       		.byte	4
 1108 0438 A0       		.byte	-96
 1109 0439 08       		.byte	8
 1110 043a B0       		.byte	-80
 1111 043b 10       		.byte	16
 1112 043c B1       		.byte	-79
 1113 043d 40       		.byte	64
 1114 043e DC       		.byte	-36
 1115 043f 01       		.byte	1
 1116 0440 DE       		.byte	-34
 1117 0441 04       		.byte	4
 1118 0442 E4       		.byte	-28
 1119 0443 08       		.byte	8
 1120 0444 E8       		.byte	-24
 1121 0445 04       		.byte	4
 1122 0446 EC       		.byte	-20
 1123 0447 04       		.byte	4
 1124 0448 00       		.byte	0
 1125 0449 0C       		.byte	12
 1126 044a 0C       		.byte	12
 1127 044b 0C       		.byte	12
 1128 044c 10       		.byte	16
 1129 044d 0D       		.byte	13
 1130 044e 1C       		.byte	28
 1131 044f 0D       		.byte	13
 1132 0450 00       		.byte	0
 1133 0451 03       		.byte	3
 1134 0452 10       		.byte	16
 1135 0453 AA       		.byte	-86
 1136 0454 11       		.byte	17
 1137 0455 0A       		.byte	10
 1138 0456 00       		.byte	0
 1139 0457 00       		.byte	0
 1140 0458 00       		.byte	0
ARM GAS  C:\Users\SUZUKI~1\AppData\Local\Temp\ccvHEg4p.s 			page 21


 1141 0459 B0       		.byte	-80
 1142 045a B0       		.byte	-80
 1143 045b 00       		.byte	0
 1144 045c B0       		.byte	-80
 1145 045d 00       		.byte	0
 1146 045e 00       		.byte	0
 1147 045f 00       		.byte	0
 1148 0460 00       		.byte	0
 1149 0461 00       		.byte	0
 1150 0462 00       		.byte	0
 1151 0463 00       		.byte	0
 1152 0464 00       		.byte	0
 1153 0465 00       		.byte	0
 1154 0466 02       		.byte	2
 1155 0467 00       		.byte	0
 1156 0468 00       		.byte	0
 1157 0469 D8       		.byte	-40
 1158 046a D8       		.byte	-40
 1159 046b 00       		.byte	0
 1160 046c D8       		.byte	-40
 1161 046d 00       		.byte	0
 1162 046e 00       		.byte	0
 1163 046f 00       		.byte	0
 1164 0470 00       		.byte	0
 1165 0471 DE       		.byte	-34
 1166 0472 DE       		.byte	-34
 1167 0473 00       		.byte	0
 1168 0474 DE       		.byte	-34
 1169 0475 00       		.byte	0
 1170 0476 00       		.byte	0
 1171 0477 00       		.byte	0
 1172 0478 38       		.byte	56
 1173 0479 00       		.byte	0
 1174 047a 00       		.byte	0
 1175 047b 38       		.byte	56
 1176 047c 00       		.byte	0
 1177 047d 00       		.byte	0
 1178 047e 00       		.byte	0
 1179 047f 00       		.byte	0
 1180 0480 02       		.byte	2
 1181 0481 00       		.byte	0
 1182 0482 00       		.byte	0
 1183 0483 00       		.byte	0
 1184              		.section	.cywolatch,"a",%progbits
 1185              		.align	2
 1186              		.type	cy_meta_wonvl, %object
 1187              		.size	cy_meta_wonvl, 4
 1188              	cy_meta_wonvl:
 1189 0000 BC       		.byte	-68
 1190 0001 90       		.byte	-112
 1191 0002 AC       		.byte	-84
 1192 0003 AF       		.byte	-81
 1193              		.section	.cycustnvl,"a",%progbits
 1194              		.align	2
 1195              		.type	cy_meta_custnvl, %object
 1196              		.size	cy_meta_custnvl, 4
 1197              	cy_meta_custnvl:
ARM GAS  C:\Users\SUZUKI~1\AppData\Local\Temp\ccvHEg4p.s 			page 22


 1198 0000 00       		.byte	0
 1199 0001 00       		.byte	0
 1200 0002 40       		.byte	64
 1201 0003 05       		.byte	5
 1202              		.section	.cymeta,"a",%progbits
 1203              		.align	2
 1204              		.type	cy_metadata, %object
 1205              		.size	cy_metadata, 12
 1206              	cy_metadata:
 1207 0000 00       		.byte	0
 1208 0001 01       		.byte	1
 1209 0002 2E       		.byte	46
 1210 0003 11       		.byte	17
 1211 0004 E0       		.byte	-32
 1212 0005 69       		.byte	105
 1213 0006 00       		.byte	0
 1214 0007 01       		.byte	1
 1215 0008 00       		.byte	0
 1216 0009 00       		.byte	0
 1217 000a 00       		.byte	0
 1218 000b 00       		.byte	0
 1219              		.section	.cyflashprotect,"a",%progbits
 1220              		.align	2
 1221              		.type	cy_meta_flashprotect, %object
 1222              		.size	cy_meta_flashprotect, 256
 1223              	cy_meta_flashprotect:
 1224 0000 00000000 		.space	256
 1224      00000000 
 1224      00000000 
 1224      00000000 
 1224      00000000 
 1225              		.text
 1226              	.Letext0:
 1227              		.file 1 ".\\Generated_Source\\PSoC5\\cymetadata.c"
 1228              		.file 2 ".\\Generated_Source\\PSoC5\\cytypes.h"
 1229              		.section	.debug_info,"",%progbits
 1230              	.Ldebug_info0:
 1231 0000 38010000 		.4byte	0x138
 1232 0004 0400     		.2byte	0x4
 1233 0006 00000000 		.4byte	.Ldebug_abbrev0
 1234 000a 04       		.byte	0x4
 1235 000b 01       		.uleb128 0x1
 1236 000c 94000000 		.4byte	.LASF18
 1237 0010 01       		.byte	0x1
 1238 0011 00000000 		.4byte	.LASF19
 1239 0015 AA010000 		.4byte	.LASF20
 1240 0019 00000000 		.4byte	.Ldebug_line0
 1241 001d 02       		.uleb128 0x2
 1242 001e 01       		.byte	0x1
 1243 001f 06       		.byte	0x6
 1244 0020 9E010000 		.4byte	.LASF0
 1245 0024 02       		.uleb128 0x2
 1246 0025 01       		.byte	0x1
 1247 0026 08       		.byte	0x8
 1248 0027 38000000 		.4byte	.LASF1
 1249 002b 02       		.uleb128 0x2
 1250 002c 02       		.byte	0x2
ARM GAS  C:\Users\SUZUKI~1\AppData\Local\Temp\ccvHEg4p.s 			page 23


 1251 002d 05       		.byte	0x5
 1252 002e 85010000 		.4byte	.LASF2
 1253 0032 02       		.uleb128 0x2
 1254 0033 02       		.byte	0x2
 1255 0034 07       		.byte	0x7
 1256 0035 58000000 		.4byte	.LASF3
 1257 0039 02       		.uleb128 0x2
 1258 003a 04       		.byte	0x4
 1259 003b 05       		.byte	0x5
 1260 003c 95010000 		.4byte	.LASF4
 1261 0040 02       		.uleb128 0x2
 1262 0041 04       		.byte	0x4
 1263 0042 07       		.byte	0x7
 1264 0043 46000000 		.4byte	.LASF5
 1265 0047 02       		.uleb128 0x2
 1266 0048 08       		.byte	0x8
 1267 0049 05       		.byte	0x5
 1268 004a 72010000 		.4byte	.LASF6
 1269 004e 02       		.uleb128 0x2
 1270 004f 08       		.byte	0x8
 1271 0050 07       		.byte	0x7
 1272 0051 2F010000 		.4byte	.LASF7
 1273 0055 03       		.uleb128 0x3
 1274 0056 04       		.byte	0x4
 1275 0057 05       		.byte	0x5
 1276 0058 696E7400 		.ascii	"int\000"
 1277 005c 02       		.uleb128 0x2
 1278 005d 04       		.byte	0x4
 1279 005e 07       		.byte	0x7
 1280 005f 22010000 		.4byte	.LASF8
 1281 0063 04       		.uleb128 0x4
 1282 0064 8F010000 		.4byte	.LASF21
 1283 0068 02       		.byte	0x2
 1284 0069 9201     		.2byte	0x192
 1285 006b 24000000 		.4byte	0x24
 1286 006f 02       		.uleb128 0x2
 1287 0070 04       		.byte	0x4
 1288 0071 04       		.byte	0x4
 1289 0072 32000000 		.4byte	.LASF9
 1290 0076 02       		.uleb128 0x2
 1291 0077 08       		.byte	0x8
 1292 0078 04       		.byte	0x4
 1293 0079 6B000000 		.4byte	.LASF10
 1294 007d 02       		.uleb128 0x2
 1295 007e 01       		.byte	0x1
 1296 007f 08       		.byte	0x8
 1297 0080 80010000 		.4byte	.LASF11
 1298 0084 05       		.uleb128 0x5
 1299 0085 63000000 		.4byte	0x63
 1300 0089 95000000 		.4byte	0x95
 1301 008d 06       		.uleb128 0x6
 1302 008e 95000000 		.4byte	0x95
 1303 0092 8304     		.2byte	0x483
 1304 0094 00       		.byte	0
 1305 0095 02       		.uleb128 0x2
 1306 0096 04       		.byte	0x4
 1307 0097 07       		.byte	0x7
ARM GAS  C:\Users\SUZUKI~1\AppData\Local\Temp\ccvHEg4p.s 			page 24


 1308 0098 69010000 		.4byte	.LASF12
 1309 009c 07       		.uleb128 0x7
 1310 009d 82000000 		.4byte	.LASF13
 1311 00a1 01       		.byte	0x1
 1312 00a2 1F       		.byte	0x1f
 1313 00a3 AD000000 		.4byte	0xad
 1314 00a7 05       		.uleb128 0x5
 1315 00a8 03       		.byte	0x3
 1316 00a9 00000000 		.4byte	cy_meta_configecc
 1317 00ad 08       		.uleb128 0x8
 1318 00ae 84000000 		.4byte	0x84
 1319 00b2 05       		.uleb128 0x5
 1320 00b3 63000000 		.4byte	0x63
 1321 00b7 C2000000 		.4byte	0xc2
 1322 00bb 09       		.uleb128 0x9
 1323 00bc 95000000 		.4byte	0x95
 1324 00c0 03       		.byte	0x3
 1325 00c1 00       		.byte	0
 1326 00c2 07       		.uleb128 0x7
 1327 00c3 72000000 		.4byte	.LASF14
 1328 00c7 01       		.byte	0x1
 1329 00c8 BD       		.byte	0xbd
 1330 00c9 D3000000 		.4byte	0xd3
 1331 00cd 05       		.uleb128 0x5
 1332 00ce 03       		.byte	0x3
 1333 00cf 00000000 		.4byte	cy_meta_custnvl
 1334 00d3 08       		.uleb128 0x8
 1335 00d4 B2000000 		.4byte	0xb2
 1336 00d8 07       		.uleb128 0x7
 1337 00d9 5B010000 		.4byte	.LASF15
 1338 00dd 01       		.byte	0x1
 1339 00de CB       		.byte	0xcb
 1340 00df E9000000 		.4byte	0xe9
 1341 00e3 05       		.uleb128 0x5
 1342 00e4 03       		.byte	0x3
 1343 00e5 00000000 		.4byte	cy_meta_wonvl
 1344 00e9 08       		.uleb128 0x8
 1345 00ea B2000000 		.4byte	0xb2
 1346 00ee 05       		.uleb128 0x5
 1347 00ef 63000000 		.4byte	0x63
 1348 00f3 FE000000 		.4byte	0xfe
 1349 00f7 09       		.uleb128 0x9
 1350 00f8 95000000 		.4byte	0x95
 1351 00fc FF       		.byte	0xff
 1352 00fd 00       		.byte	0
 1353 00fe 07       		.uleb128 0x7
 1354 00ff 46010000 		.4byte	.LASF16
 1355 0103 01       		.byte	0x1
 1356 0104 D9       		.byte	0xd9
 1357 0105 0F010000 		.4byte	0x10f
 1358 0109 05       		.uleb128 0x5
 1359 010a 03       		.byte	0x3
 1360 010b 00000000 		.4byte	cy_meta_flashprotect
 1361 010f 08       		.uleb128 0x8
 1362 0110 EE000000 		.4byte	0xee
 1363 0114 05       		.uleb128 0x5
 1364 0115 63000000 		.4byte	0x63
ARM GAS  C:\Users\SUZUKI~1\AppData\Local\Temp\ccvHEg4p.s 			page 25


 1365 0119 24010000 		.4byte	0x124
 1366 011d 09       		.uleb128 0x9
 1367 011e 95000000 		.4byte	0x95
 1368 0122 0B       		.byte	0xb
 1369 0123 00       		.byte	0
 1370 0124 0A       		.uleb128 0xa
 1371 0125 26000000 		.4byte	.LASF17
 1372 0129 01       		.byte	0x1
 1373 012a 0601     		.2byte	0x106
 1374 012c 36010000 		.4byte	0x136
 1375 0130 05       		.uleb128 0x5
 1376 0131 03       		.byte	0x3
 1377 0132 00000000 		.4byte	cy_metadata
 1378 0136 08       		.uleb128 0x8
 1379 0137 14010000 		.4byte	0x114
 1380 013b 00       		.byte	0
 1381              		.section	.debug_abbrev,"",%progbits
 1382              	.Ldebug_abbrev0:
 1383 0000 01       		.uleb128 0x1
 1384 0001 11       		.uleb128 0x11
 1385 0002 01       		.byte	0x1
 1386 0003 25       		.uleb128 0x25
 1387 0004 0E       		.uleb128 0xe
 1388 0005 13       		.uleb128 0x13
 1389 0006 0B       		.uleb128 0xb
 1390 0007 03       		.uleb128 0x3
 1391 0008 0E       		.uleb128 0xe
 1392 0009 1B       		.uleb128 0x1b
 1393 000a 0E       		.uleb128 0xe
 1394 000b 10       		.uleb128 0x10
 1395 000c 17       		.uleb128 0x17
 1396 000d 00       		.byte	0
 1397 000e 00       		.byte	0
 1398 000f 02       		.uleb128 0x2
 1399 0010 24       		.uleb128 0x24
 1400 0011 00       		.byte	0
 1401 0012 0B       		.uleb128 0xb
 1402 0013 0B       		.uleb128 0xb
 1403 0014 3E       		.uleb128 0x3e
 1404 0015 0B       		.uleb128 0xb
 1405 0016 03       		.uleb128 0x3
 1406 0017 0E       		.uleb128 0xe
 1407 0018 00       		.byte	0
 1408 0019 00       		.byte	0
 1409 001a 03       		.uleb128 0x3
 1410 001b 24       		.uleb128 0x24
 1411 001c 00       		.byte	0
 1412 001d 0B       		.uleb128 0xb
 1413 001e 0B       		.uleb128 0xb
 1414 001f 3E       		.uleb128 0x3e
 1415 0020 0B       		.uleb128 0xb
 1416 0021 03       		.uleb128 0x3
 1417 0022 08       		.uleb128 0x8
 1418 0023 00       		.byte	0
 1419 0024 00       		.byte	0
 1420 0025 04       		.uleb128 0x4
 1421 0026 16       		.uleb128 0x16
ARM GAS  C:\Users\SUZUKI~1\AppData\Local\Temp\ccvHEg4p.s 			page 26


 1422 0027 00       		.byte	0
 1423 0028 03       		.uleb128 0x3
 1424 0029 0E       		.uleb128 0xe
 1425 002a 3A       		.uleb128 0x3a
 1426 002b 0B       		.uleb128 0xb
 1427 002c 3B       		.uleb128 0x3b
 1428 002d 05       		.uleb128 0x5
 1429 002e 49       		.uleb128 0x49
 1430 002f 13       		.uleb128 0x13
 1431 0030 00       		.byte	0
 1432 0031 00       		.byte	0
 1433 0032 05       		.uleb128 0x5
 1434 0033 01       		.uleb128 0x1
 1435 0034 01       		.byte	0x1
 1436 0035 49       		.uleb128 0x49
 1437 0036 13       		.uleb128 0x13
 1438 0037 01       		.uleb128 0x1
 1439 0038 13       		.uleb128 0x13
 1440 0039 00       		.byte	0
 1441 003a 00       		.byte	0
 1442 003b 06       		.uleb128 0x6
 1443 003c 21       		.uleb128 0x21
 1444 003d 00       		.byte	0
 1445 003e 49       		.uleb128 0x49
 1446 003f 13       		.uleb128 0x13
 1447 0040 2F       		.uleb128 0x2f
 1448 0041 05       		.uleb128 0x5
 1449 0042 00       		.byte	0
 1450 0043 00       		.byte	0
 1451 0044 07       		.uleb128 0x7
 1452 0045 34       		.uleb128 0x34
 1453 0046 00       		.byte	0
 1454 0047 03       		.uleb128 0x3
 1455 0048 0E       		.uleb128 0xe
 1456 0049 3A       		.uleb128 0x3a
 1457 004a 0B       		.uleb128 0xb
 1458 004b 3B       		.uleb128 0x3b
 1459 004c 0B       		.uleb128 0xb
 1460 004d 49       		.uleb128 0x49
 1461 004e 13       		.uleb128 0x13
 1462 004f 3F       		.uleb128 0x3f
 1463 0050 19       		.uleb128 0x19
 1464 0051 02       		.uleb128 0x2
 1465 0052 18       		.uleb128 0x18
 1466 0053 00       		.byte	0
 1467 0054 00       		.byte	0
 1468 0055 08       		.uleb128 0x8
 1469 0056 26       		.uleb128 0x26
 1470 0057 00       		.byte	0
 1471 0058 49       		.uleb128 0x49
 1472 0059 13       		.uleb128 0x13
 1473 005a 00       		.byte	0
 1474 005b 00       		.byte	0
 1475 005c 09       		.uleb128 0x9
 1476 005d 21       		.uleb128 0x21
 1477 005e 00       		.byte	0
 1478 005f 49       		.uleb128 0x49
ARM GAS  C:\Users\SUZUKI~1\AppData\Local\Temp\ccvHEg4p.s 			page 27


 1479 0060 13       		.uleb128 0x13
 1480 0061 2F       		.uleb128 0x2f
 1481 0062 0B       		.uleb128 0xb
 1482 0063 00       		.byte	0
 1483 0064 00       		.byte	0
 1484 0065 0A       		.uleb128 0xa
 1485 0066 34       		.uleb128 0x34
 1486 0067 00       		.byte	0
 1487 0068 03       		.uleb128 0x3
 1488 0069 0E       		.uleb128 0xe
 1489 006a 3A       		.uleb128 0x3a
 1490 006b 0B       		.uleb128 0xb
 1491 006c 3B       		.uleb128 0x3b
 1492 006d 05       		.uleb128 0x5
 1493 006e 49       		.uleb128 0x49
 1494 006f 13       		.uleb128 0x13
 1495 0070 3F       		.uleb128 0x3f
 1496 0071 19       		.uleb128 0x19
 1497 0072 02       		.uleb128 0x2
 1498 0073 18       		.uleb128 0x18
 1499 0074 00       		.byte	0
 1500 0075 00       		.byte	0
 1501 0076 00       		.byte	0
 1502              		.section	.debug_aranges,"",%progbits
 1503 0000 14000000 		.4byte	0x14
 1504 0004 0200     		.2byte	0x2
 1505 0006 00000000 		.4byte	.Ldebug_info0
 1506 000a 04       		.byte	0x4
 1507 000b 00       		.byte	0
 1508 000c 0000     		.2byte	0
 1509 000e 0000     		.2byte	0
 1510 0010 00000000 		.4byte	0
 1511 0014 00000000 		.4byte	0
 1512              		.section	.debug_line,"",%progbits
 1513              	.Ldebug_line0:
 1514 0000 4F000000 		.section	.debug_str,"MS",%progbits,1
 1514      02004900 
 1514      00000201 
 1514      FB0E0D00 
 1514      01010101 
 1515              	.LASF19:
 1516 0000 2E5C4765 		.ascii	".\\Generated_Source\\PSoC5\\cymetadata.c\000"
 1516      6E657261 
 1516      7465645F 
 1516      536F7572 
 1516      63655C50 
 1517              	.LASF17:
 1518 0026 63795F6D 		.ascii	"cy_metadata\000"
 1518      65746164 
 1518      61746100 
 1519              	.LASF9:
 1520 0032 666C6F61 		.ascii	"float\000"
 1520      7400
 1521              	.LASF1:
 1522 0038 756E7369 		.ascii	"unsigned char\000"
 1522      676E6564 
 1522      20636861 
ARM GAS  C:\Users\SUZUKI~1\AppData\Local\Temp\ccvHEg4p.s 			page 28


 1522      7200
 1523              	.LASF5:
 1524 0046 6C6F6E67 		.ascii	"long unsigned int\000"
 1524      20756E73 
 1524      69676E65 
 1524      6420696E 
 1524      7400
 1525              	.LASF3:
 1526 0058 73686F72 		.ascii	"short unsigned int\000"
 1526      7420756E 
 1526      7369676E 
 1526      65642069 
 1526      6E7400
 1527              	.LASF10:
 1528 006b 646F7562 		.ascii	"double\000"
 1528      6C6500
 1529              	.LASF14:
 1530 0072 63795F6D 		.ascii	"cy_meta_custnvl\000"
 1530      6574615F 
 1530      63757374 
 1530      6E766C00 
 1531              	.LASF13:
 1532 0082 63795F6D 		.ascii	"cy_meta_configecc\000"
 1532      6574615F 
 1532      636F6E66 
 1532      69676563 
 1532      6300
 1533              	.LASF18:
 1534 0094 474E5520 		.ascii	"GNU C 4.9.3 20150303 (release) [ARM/embedded-4_9-br"
 1534      4320342E 
 1534      392E3320 
 1534      32303135 
 1534      30333033 
 1535 00c7 616E6368 		.ascii	"anch revision 221220] -mcpu=cortex-m3 -mthumb -g -O"
 1535      20726576 
 1535      6973696F 
 1535      6E203232 
 1535      31323230 
 1536 00fa 67202D66 		.ascii	"g -ffunction-sections -ffat-lto-objects\000"
 1536      66756E63 
 1536      74696F6E 
 1536      2D736563 
 1536      74696F6E 
 1537              	.LASF8:
 1538 0122 756E7369 		.ascii	"unsigned int\000"
 1538      676E6564 
 1538      20696E74 
 1538      00
 1539              	.LASF7:
 1540 012f 6C6F6E67 		.ascii	"long long unsigned int\000"
 1540      206C6F6E 
 1540      6720756E 
 1540      7369676E 
 1540      65642069 
 1541              	.LASF16:
 1542 0146 63795F6D 		.ascii	"cy_meta_flashprotect\000"
 1542      6574615F 
ARM GAS  C:\Users\SUZUKI~1\AppData\Local\Temp\ccvHEg4p.s 			page 29


 1542      666C6173 
 1542      6870726F 
 1542      74656374 
 1543              	.LASF15:
 1544 015b 63795F6D 		.ascii	"cy_meta_wonvl\000"
 1544      6574615F 
 1544      776F6E76 
 1544      6C00
 1545              	.LASF12:
 1546 0169 73697A65 		.ascii	"sizetype\000"
 1546      74797065 
 1546      00
 1547              	.LASF6:
 1548 0172 6C6F6E67 		.ascii	"long long int\000"
 1548      206C6F6E 
 1548      6720696E 
 1548      7400
 1549              	.LASF11:
 1550 0180 63686172 		.ascii	"char\000"
 1550      00
 1551              	.LASF2:
 1552 0185 73686F72 		.ascii	"short int\000"
 1552      7420696E 
 1552      7400
 1553              	.LASF21:
 1554 018f 75696E74 		.ascii	"uint8\000"
 1554      3800
 1555              	.LASF4:
 1556 0195 6C6F6E67 		.ascii	"long int\000"
 1556      20696E74 
 1556      00
 1557              	.LASF0:
 1558 019e 7369676E 		.ascii	"signed char\000"
 1558      65642063 
 1558      68617200 
 1559              	.LASF20:
 1560 01aa 433A5C55 		.ascii	"C:\\Users\\suzukihajime\\Documents\\PSoC Creator\\b"
 1560      73657273 
 1560      5C73757A 
 1560      756B6968 
 1560      616A696D 
 1561 01d8 6F6F7374 		.ascii	"oost\\boost.cydsn\000"
 1561      5C626F6F 
 1561      73742E63 
 1561      7964736E 
 1561      00
 1562              		.ident	"GCC: (GNU Tools for ARM Embedded Processors) 4.9.3 20150303 (release) [ARM/embedded-4_9-br
