ARM GAS  C:\Users\SUZUKI~1\AppData\Local\Temp\cc1CPjJz.s 			page 1


   1              		.syntax unified
   2              		.cpu cortex-m3
   3              		.fpu softvfp
   4              		.eabi_attribute 20, 1
   5              		.eabi_attribute 21, 1
   6              		.eabi_attribute 23, 3
   7              		.eabi_attribute 24, 1
   8              		.eabi_attribute 25, 1
   9              		.eabi_attribute 26, 1
  10              		.eabi_attribute 30, 4
  11              		.eabi_attribute 34, 1
  12              		.eabi_attribute 18, 4
  13              		.thumb
  14              		.file	"cymetadata.c"
  15              		.text
  16              	.Ltext0:
  17              		.cfi_sections	.debug_frame
  18              		.global	cy_metadata
  19              		.global	cy_meta_flashprotect
  20              		.global	cy_meta_wonvl
  21              		.global	cy_meta_custnvl
  22              		.global	cy_meta_configecc
  23              		.section	.cyconfigecc,"a",%progbits
  24              		.type	cy_meta_configecc, %object
  25              		.size	cy_meta_configecc, 340
  26              	cy_meta_configecc:
  27 0000 01       		.byte	1
  28 0001 52       		.byte	82
  29 0002 00       		.byte	0
  30 0003 40       		.byte	64
  31 0004 01       		.byte	1
  32 0005 5B       		.byte	91
  33 0006 00       		.byte	0
  34 0007 40       		.byte	64
  35 0008 01       		.byte	1
  36 0009 05       		.byte	5
  37 000a 01       		.byte	1
  38 000b 40       		.byte	64
  39 000c 01       		.byte	1
  40 000d 07       		.byte	7
  41 000e 01       		.byte	1
  42 000f 40       		.byte	64
  43 0010 01       		.byte	1
  44 0011 09       		.byte	9
  45 0012 01       		.byte	1
  46 0013 40       		.byte	64
  47 0014 01       		.byte	1
  48 0015 0B       		.byte	11
  49 0016 01       		.byte	1
  50 0017 40       		.byte	64
  51 0018 01       		.byte	1
  52 0019 15       		.byte	21
  53 001a 01       		.byte	1
  54 001b 40       		.byte	64
  55 001c 20       		.byte	32
  56 001d 1A       		.byte	26
  57 001e 01       		.byte	1
ARM GAS  C:\Users\SUZUKI~1\AppData\Local\Temp\cc1CPjJz.s 			page 2


  58 001f 40       		.byte	64
  59 0020 15       		.byte	21
  60 0021 1B       		.byte	27
  61 0022 01       		.byte	1
  62 0023 40       		.byte	64
  63 0024 08       		.byte	8
  64 0025 40       		.byte	64
  65 0026 01       		.byte	1
  66 0027 40       		.byte	64
  67 0028 03       		.byte	3
  68 0029 41       		.byte	65
  69 002a 01       		.byte	1
  70 002b 40       		.byte	64
  71 002c 04       		.byte	4
  72 002d 42       		.byte	66
  73 002e 01       		.byte	1
  74 002f 40       		.byte	64
  75 0030 03       		.byte	3
  76 0031 43       		.byte	67
  77 0032 01       		.byte	1
  78 0033 40       		.byte	64
  79 0034 05       		.byte	5
  80 0035 46       		.byte	70
  81 0036 01       		.byte	1
  82 0037 40       		.byte	64
  83 0038 04       		.byte	4
  84 0039 47       		.byte	71
  85 003a 01       		.byte	1
  86 003b 40       		.byte	64
  87 003c 04       		.byte	4
  88 003d 48       		.byte	72
  89 003e 01       		.byte	1
  90 003f 40       		.byte	64
  91 0040 01       		.byte	1
  92 0041 49       		.byte	73
  93 0042 01       		.byte	1
  94 0043 40       		.byte	64
  95 0044 02       		.byte	2
  96 0045 4C       		.byte	76
  97 0046 01       		.byte	1
  98 0047 40       		.byte	64
  99 0048 07       		.byte	7
 100 0049 4D       		.byte	77
 101 004a 01       		.byte	1
 102 004b 40       		.byte	64
 103 004c 02       		.byte	2
 104 004d 50       		.byte	80
 105 004e 01       		.byte	1
 106 004f 40       		.byte	64
 107 0050 02       		.byte	2
 108 0051 51       		.byte	81
 109 0052 01       		.byte	1
 110 0053 40       		.byte	64
 111 0054 61       		.byte	97
 112 0055 80       		.byte	-128
 113 0056 27       		.byte	39
 114 0057 84       		.byte	-124
ARM GAS  C:\Users\SUZUKI~1\AppData\Local\Temp\cc1CPjJz.s 			page 3


 115 0058 E2       		.byte	-30
 116 0059 40       		.byte	64
 117 005a EE       		.byte	-18
 118 005b 04       		.byte	4
 119 005c EE       		.byte	-18
 120 005d 04       		.byte	4
 121 005e E2       		.byte	-30
 122 005f 40       		.byte	64
 123 0060 EC       		.byte	-20
 124 0061 20       		.byte	32
 125 0062 06       		.byte	6
 126 0063 05       		.byte	5
 127 0064 12       		.byte	18
 128 0065 04       		.byte	4
 129 0066 24       		.byte	36
 130 0067 01       		.byte	1
 131 0068 2E       		.byte	46
 132 0069 02       		.byte	2
 133 006a 30       		.byte	48
 134 006b 04       		.byte	4
 135 006c 32       		.byte	50
 136 006d 01       		.byte	1
 137 006e 34       		.byte	52
 138 006f 02       		.byte	2
 139 0070 40       		.byte	64
 140 0071 20       		.byte	32
 141 0072 41       		.byte	65
 142 0073 05       		.byte	5
 143 0074 45       		.byte	69
 144 0075 01       		.byte	1
 145 0076 47       		.byte	71
 146 0077 20       		.byte	32
 147 0078 48       		.byte	72
 148 0079 21       		.byte	33
 149 007a 49       		.byte	73
 150 007b FF       		.byte	-1
 151 007c 4A       		.byte	74
 152 007d FF       		.byte	-1
 153 007e 4B       		.byte	75
 154 007f FF       		.byte	-1
 155 0080 4D       		.byte	77
 156 0081 A0       		.byte	-96
 157 0082 4F       		.byte	79
 158 0083 04       		.byte	4
 159 0084 50       		.byte	80
 160 0085 18       		.byte	24
 161 0086 52       		.byte	82
 162 0087 80       		.byte	-128
 163 0088 58       		.byte	88
 164 0089 04       		.byte	4
 165 008a 5A       		.byte	90
 166 008b 04       		.byte	4
 167 008c 5B       		.byte	91
 168 008d 04       		.byte	4
 169 008e 5F       		.byte	95
 170 008f 01       		.byte	1
 171 0090 60       		.byte	96
ARM GAS  C:\Users\SUZUKI~1\AppData\Local\Temp\cc1CPjJz.s 			page 4


 172 0091 40       		.byte	64
 173 0092 62       		.byte	98
 174 0093 C0       		.byte	-64
 175 0094 64       		.byte	100
 176 0095 40       		.byte	64
 177 0096 65       		.byte	101
 178 0097 40       		.byte	64
 179 0098 66       		.byte	102
 180 0099 C0       		.byte	-64
 181 009a 68       		.byte	104
 182 009b C0       		.byte	-64
 183 009c 6A       		.byte	106
 184 009d C0       		.byte	-64
 185 009e 6C       		.byte	108
 186 009f C0       		.byte	-64
 187 00a0 6E       		.byte	110
 188 00a1 C0       		.byte	-64
 189 00a2 00       		.byte	0
 190 00a3 04       		.byte	4
 191 00a4 09       		.byte	9
 192 00a5 02       		.byte	2
 193 00a6 10       		.byte	16
 194 00a7 20       		.byte	32
 195 00a8 13       		.byte	19
 196 00a9 40       		.byte	64
 197 00aa 18       		.byte	24
 198 00ab 14       		.byte	20
 199 00ac 1B       		.byte	27
 200 00ad 02       		.byte	2
 201 00ae 40       		.byte	64
 202 00af 04       		.byte	4
 203 00b0 48       		.byte	72
 204 00b1 22       		.byte	34
 205 00b2 50       		.byte	80
 206 00b3 02       		.byte	2
 207 00b4 51       		.byte	81
 208 00b5 02       		.byte	2
 209 00b6 73       		.byte	115
 210 00b7 40       		.byte	64
 211 00b8 80       		.byte	-128
 212 00b9 10       		.byte	16
 213 00ba 87       		.byte	-121
 214 00bb 02       		.byte	2
 215 00bc C0       		.byte	-64
 216 00bd 04       		.byte	4
 217 00be C2       		.byte	-62
 218 00bf 08       		.byte	8
 219 00c0 C4       		.byte	-60
 220 00c1 05       		.byte	5
 221 00c2 D0       		.byte	-48
 222 00c3 04       		.byte	4
 223 00c4 D2       		.byte	-46
 224 00c5 08       		.byte	8
 225 00c6 E0       		.byte	-32
 226 00c7 08       		.byte	8
 227 00c8 E4       		.byte	-28
 228 00c9 01       		.byte	1
ARM GAS  C:\Users\SUZUKI~1\AppData\Local\Temp\cc1CPjJz.s 			page 5


 229 00ca EC       		.byte	-20
 230 00cb 20       		.byte	32
 231 00cc 13       		.byte	19
 232 00cd 04       		.byte	4
 233 00ce 33       		.byte	51
 234 00cf 20       		.byte	32
 235 00d0 37       		.byte	55
 236 00d1 80       		.byte	-128
 237 00d2 3B       		.byte	59
 238 00d3 04       		.byte	4
 239 00d4 3C       		.byte	60
 240 00d5 40       		.byte	64
 241 00d6 C4       		.byte	-60
 242 00d7 10       		.byte	16
 243 00d8 CC       		.byte	-52
 244 00d9 30       		.byte	48
 245 00da CE       		.byte	-50
 246 00db 60       		.byte	96
 247 00dc 94       		.byte	-108
 248 00dd 40       		.byte	64
 249 00de 9F       		.byte	-97
 250 00df 80       		.byte	-128
 251 00e0 A7       		.byte	-89
 252 00e1 20       		.byte	32
 253 00e2 8C       		.byte	-116
 254 00e3 40       		.byte	64
 255 00e4 94       		.byte	-108
 256 00e5 40       		.byte	64
 257 00e6 9F       		.byte	-97
 258 00e7 80       		.byte	-128
 259 00e8 A7       		.byte	-89
 260 00e9 20       		.byte	32
 261 00ea 9F       		.byte	-97
 262 00eb 80       		.byte	-128
 263 00ec AB       		.byte	-85
 264 00ed 20       		.byte	32
 265 00ee EE       		.byte	-18
 266 00ef 20       		.byte	32
 267 00f0 1A       		.byte	26
 268 00f1 20       		.byte	32
 269 00f2 1B       		.byte	27
 270 00f3 04       		.byte	4
 271 00f4 8E       		.byte	-114
 272 00f5 10       		.byte	16
 273 00f6 C6       		.byte	-58
 274 00f7 08       		.byte	8
 275 00f8 E2       		.byte	-30
 276 00f9 02       		.byte	2
 277 00fa 42       		.byte	66
 278 00fb 20       		.byte	32
 279 00fc 44       		.byte	68
 280 00fd 01       		.byte	1
 281 00fe AB       		.byte	-85
 282 00ff 04       		.byte	4
 283 0100 D0       		.byte	-48
 284 0101 06       		.byte	6
 285 0102 20       		.byte	32
ARM GAS  C:\Users\SUZUKI~1\AppData\Local\Temp\cc1CPjJz.s 			page 6


 286 0103 80       		.byte	-128
 287 0104 27       		.byte	39
 288 0105 80       		.byte	-128
 289 0106 9F       		.byte	-97
 290 0107 80       		.byte	-128
 291 0108 C8       		.byte	-56
 292 0109 C0       		.byte	-64
 293 010a B0       		.byte	-80
 294 010b 40       		.byte	64
 295 010c 9C       		.byte	-100
 296 010d 01       		.byte	1
 297 010e 9E       		.byte	-98
 298 010f 20       		.byte	32
 299 0110 70       		.byte	112
 300 0111 04       		.byte	4
 301 0112 80       		.byte	-128
 302 0113 04       		.byte	4
 303 0114 86       		.byte	-122
 304 0115 20       		.byte	32
 305 0116 9E       		.byte	-98
 306 0117 20       		.byte	32
 307 0118 B0       		.byte	-80
 308 0119 01       		.byte	1
 309 011a DC       		.byte	-36
 310 011b 01       		.byte	1
 311 011c EC       		.byte	-20
 312 011d 04       		.byte	4
 313 011e 10       		.byte	16
 314 011f 01       		.byte	1
 315 0120 1C       		.byte	28
 316 0121 01       		.byte	1
 317 0122 00       		.byte	0
 318 0123 0F       		.byte	15
 319 0124 10       		.byte	16
 320 0125 0A       		.byte	10
 321 0126 00       		.byte	0
 322 0127 00       		.byte	0
 323 0128 00       		.byte	0
 324 0129 B0       		.byte	-80
 325 012a B0       		.byte	-80
 326 012b 00       		.byte	0
 327 012c 80       		.byte	-128
 328 012d 00       		.byte	0
 329 012e 00       		.byte	0
 330 012f 00       		.byte	0
 331 0130 00       		.byte	0
 332 0131 00       		.byte	0
 333 0132 00       		.byte	0
 334 0133 00       		.byte	0
 335 0134 00       		.byte	0
 336 0135 00       		.byte	0
 337 0136 02       		.byte	2
 338 0137 00       		.byte	0
 339 0138 00       		.byte	0
 340 0139 D8       		.byte	-40
 341 013a D8       		.byte	-40
 342 013b 00       		.byte	0
ARM GAS  C:\Users\SUZUKI~1\AppData\Local\Temp\cc1CPjJz.s 			page 7


 343 013c 00       		.byte	0
 344 013d 00       		.byte	0
 345 013e 00       		.byte	0
 346 013f 00       		.byte	0
 347 0140 00       		.byte	0
 348 0141 DE       		.byte	-34
 349 0142 DE       		.byte	-34
 350 0143 00       		.byte	0
 351 0144 00       		.byte	0
 352 0145 00       		.byte	0
 353 0146 00       		.byte	0
 354 0147 00       		.byte	0
 355 0148 38       		.byte	56
 356 0149 00       		.byte	0
 357 014a 00       		.byte	0
 358 014b 38       		.byte	56
 359 014c 00       		.byte	0
 360 014d 00       		.byte	0
 361 014e 00       		.byte	0
 362 014f 00       		.byte	0
 363 0150 02       		.byte	2
 364 0151 00       		.byte	0
 365 0152 00       		.byte	0
 366 0153 00       		.byte	0
 367              		.section	.cywolatch,"a",%progbits
 368              		.type	cy_meta_wonvl, %object
 369              		.size	cy_meta_wonvl, 4
 370              	cy_meta_wonvl:
 371 0000 BC       		.byte	-68
 372 0001 90       		.byte	-112
 373 0002 AC       		.byte	-84
 374 0003 AF       		.byte	-81
 375              		.section	.cycustnvl,"a",%progbits
 376              		.type	cy_meta_custnvl, %object
 377              		.size	cy_meta_custnvl, 4
 378              	cy_meta_custnvl:
 379 0000 00       		.byte	0
 380 0001 00       		.byte	0
 381 0002 40       		.byte	64
 382 0003 05       		.byte	5
 383              		.section	.cymeta,"a",%progbits
 384              		.type	cy_metadata, %object
 385              		.size	cy_metadata, 12
 386              	cy_metadata:
 387 0000 00       		.byte	0
 388 0001 01       		.byte	1
 389 0002 2E       		.byte	46
 390 0003 11       		.byte	17
 391 0004 E0       		.byte	-32
 392 0005 69       		.byte	105
 393 0006 00       		.byte	0
 394 0007 01       		.byte	1
 395 0008 00       		.byte	0
 396 0009 00       		.byte	0
 397 000a 00       		.byte	0
 398 000b 00       		.byte	0
 399              		.section	.cyflashprotect,"a",%progbits
ARM GAS  C:\Users\SUZUKI~1\AppData\Local\Temp\cc1CPjJz.s 			page 8


 400              		.type	cy_meta_flashprotect, %object
 401              		.size	cy_meta_flashprotect, 256
 402              	cy_meta_flashprotect:
 403 0000 00000000 		.space	256
 403      00000000 
 403      00000000 
 403      00000000 
 403      00000000 
 404              		.text
 405              	.Letext0:
 406              		.file 1 ".\\Generated_Source\\PSoC5\\cymetadata.c"
 407              		.file 2 ".\\Generated_Source\\PSoC5\\cytypes.h"
 408              		.section	.debug_info,"",%progbits
 409              	.Ldebug_info0:
 410 0000 37010000 		.4byte	0x137
 411 0004 0400     		.2byte	0x4
 412 0006 00000000 		.4byte	.Ldebug_abbrev0
 413 000a 04       		.byte	0x4
 414 000b 01       		.uleb128 0x1
 415 000c 4B010000 		.4byte	.LASF18
 416 0010 01       		.byte	0x1
 417 0011 44000000 		.4byte	.LASF19
 418 0015 00000000 		.4byte	.LASF20
 419 0019 00000000 		.4byte	.Ldebug_line0
 420 001d 02       		.uleb128 0x2
 421 001e 01       		.byte	0x1
 422 001f 06       		.byte	0x6
 423 0020 E2010000 		.4byte	.LASF0
 424 0024 02       		.uleb128 0x2
 425 0025 01       		.byte	0x1
 426 0026 08       		.byte	0x8
 427 0027 82000000 		.4byte	.LASF1
 428 002b 02       		.uleb128 0x2
 429 002c 02       		.byte	0x2
 430 002d 05       		.byte	0x5
 431 002e 41010000 		.4byte	.LASF2
 432 0032 02       		.uleb128 0x2
 433 0033 02       		.byte	0x2
 434 0034 07       		.byte	0x7
 435 0035 A2000000 		.4byte	.LASF3
 436 0039 02       		.uleb128 0x2
 437 003a 04       		.byte	0x4
 438 003b 05       		.byte	0x5
 439 003c D9010000 		.4byte	.LASF4
 440 0040 02       		.uleb128 0x2
 441 0041 04       		.byte	0x4
 442 0042 07       		.byte	0x7
 443 0043 90000000 		.4byte	.LASF5
 444 0047 02       		.uleb128 0x2
 445 0048 08       		.byte	0x8
 446 0049 05       		.byte	0x5
 447 004a 2E010000 		.4byte	.LASF6
 448 004e 02       		.uleb128 0x2
 449 004f 08       		.byte	0x8
 450 0050 07       		.byte	0x7
 451 0051 EB000000 		.4byte	.LASF7
 452 0055 03       		.uleb128 0x3
ARM GAS  C:\Users\SUZUKI~1\AppData\Local\Temp\cc1CPjJz.s 			page 9


 453 0056 04       		.byte	0x4
 454 0057 05       		.byte	0x5
 455 0058 696E7400 		.ascii	"int\000"
 456 005c 02       		.uleb128 0x2
 457 005d 04       		.byte	0x4
 458 005e 07       		.byte	0x7
 459 005f DE000000 		.4byte	.LASF8
 460 0063 04       		.uleb128 0x4
 461 0064 7C000000 		.4byte	.LASF21
 462 0068 02       		.byte	0x2
 463 0069 9201     		.2byte	0x192
 464 006b 24000000 		.4byte	0x24
 465 006f 02       		.uleb128 0x2
 466 0070 04       		.byte	0x4
 467 0071 04       		.byte	0x4
 468 0072 76000000 		.4byte	.LASF9
 469 0076 02       		.uleb128 0x2
 470 0077 08       		.byte	0x8
 471 0078 04       		.byte	0x4
 472 0079 B5000000 		.4byte	.LASF10
 473 007d 02       		.uleb128 0x2
 474 007e 01       		.byte	0x1
 475 007f 08       		.byte	0x8
 476 0080 3C010000 		.4byte	.LASF11
 477 0084 05       		.uleb128 0x5
 478 0085 63000000 		.4byte	0x63
 479 0089 95000000 		.4byte	0x95
 480 008d 06       		.uleb128 0x6
 481 008e 95000000 		.4byte	0x95
 482 0092 5301     		.2byte	0x153
 483 0094 00       		.byte	0
 484 0095 02       		.uleb128 0x2
 485 0096 04       		.byte	0x4
 486 0097 07       		.byte	0x7
 487 0098 25010000 		.4byte	.LASF12
 488 009c 07       		.uleb128 0x7
 489 009d CC000000 		.4byte	.LASF13
 490 00a1 01       		.byte	0x1
 491 00a2 1F       		.byte	0x1f
 492 00a3 AD000000 		.4byte	0xad
 493 00a7 05       		.uleb128 0x5
 494 00a8 03       		.byte	0x3
 495 00a9 00000000 		.4byte	cy_meta_configecc
 496 00ad 08       		.uleb128 0x8
 497 00ae 84000000 		.4byte	0x84
 498 00b2 05       		.uleb128 0x5
 499 00b3 63000000 		.4byte	0x63
 500 00b7 C2000000 		.4byte	0xc2
 501 00bb 09       		.uleb128 0x9
 502 00bc 95000000 		.4byte	0x95
 503 00c0 03       		.byte	0x3
 504 00c1 00       		.byte	0
 505 00c2 07       		.uleb128 0x7
 506 00c3 BC000000 		.4byte	.LASF14
 507 00c7 01       		.byte	0x1
 508 00c8 57       		.byte	0x57
 509 00c9 D3000000 		.4byte	0xd3
ARM GAS  C:\Users\SUZUKI~1\AppData\Local\Temp\cc1CPjJz.s 			page 10


 510 00cd 05       		.uleb128 0x5
 511 00ce 03       		.byte	0x3
 512 00cf 00000000 		.4byte	cy_meta_custnvl
 513 00d3 08       		.uleb128 0x8
 514 00d4 B2000000 		.4byte	0xb2
 515 00d8 07       		.uleb128 0x7
 516 00d9 17010000 		.4byte	.LASF15
 517 00dd 01       		.byte	0x1
 518 00de 65       		.byte	0x65
 519 00df E9000000 		.4byte	0xe9
 520 00e3 05       		.uleb128 0x5
 521 00e4 03       		.byte	0x3
 522 00e5 00000000 		.4byte	cy_meta_wonvl
 523 00e9 08       		.uleb128 0x8
 524 00ea B2000000 		.4byte	0xb2
 525 00ee 05       		.uleb128 0x5
 526 00ef 63000000 		.4byte	0x63
 527 00f3 FE000000 		.4byte	0xfe
 528 00f7 09       		.uleb128 0x9
 529 00f8 95000000 		.4byte	0x95
 530 00fc FF       		.byte	0xff
 531 00fd 00       		.byte	0
 532 00fe 07       		.uleb128 0x7
 533 00ff 02010000 		.4byte	.LASF16
 534 0103 01       		.byte	0x1
 535 0104 73       		.byte	0x73
 536 0105 0F010000 		.4byte	0x10f
 537 0109 05       		.uleb128 0x5
 538 010a 03       		.byte	0x3
 539 010b 00000000 		.4byte	cy_meta_flashprotect
 540 010f 08       		.uleb128 0x8
 541 0110 EE000000 		.4byte	0xee
 542 0114 05       		.uleb128 0x5
 543 0115 63000000 		.4byte	0x63
 544 0119 24010000 		.4byte	0x124
 545 011d 09       		.uleb128 0x9
 546 011e 95000000 		.4byte	0x95
 547 0122 0B       		.byte	0xb
 548 0123 00       		.byte	0
 549 0124 07       		.uleb128 0x7
 550 0125 6A000000 		.4byte	.LASF17
 551 0129 01       		.byte	0x1
 552 012a A0       		.byte	0xa0
 553 012b 35010000 		.4byte	0x135
 554 012f 05       		.uleb128 0x5
 555 0130 03       		.byte	0x3
 556 0131 00000000 		.4byte	cy_metadata
 557 0135 08       		.uleb128 0x8
 558 0136 14010000 		.4byte	0x114
 559 013a 00       		.byte	0
 560              		.section	.debug_abbrev,"",%progbits
 561              	.Ldebug_abbrev0:
 562 0000 01       		.uleb128 0x1
 563 0001 11       		.uleb128 0x11
 564 0002 01       		.byte	0x1
 565 0003 25       		.uleb128 0x25
 566 0004 0E       		.uleb128 0xe
ARM GAS  C:\Users\SUZUKI~1\AppData\Local\Temp\cc1CPjJz.s 			page 11


 567 0005 13       		.uleb128 0x13
 568 0006 0B       		.uleb128 0xb
 569 0007 03       		.uleb128 0x3
 570 0008 0E       		.uleb128 0xe
 571 0009 1B       		.uleb128 0x1b
 572 000a 0E       		.uleb128 0xe
 573 000b 10       		.uleb128 0x10
 574 000c 17       		.uleb128 0x17
 575 000d 00       		.byte	0
 576 000e 00       		.byte	0
 577 000f 02       		.uleb128 0x2
 578 0010 24       		.uleb128 0x24
 579 0011 00       		.byte	0
 580 0012 0B       		.uleb128 0xb
 581 0013 0B       		.uleb128 0xb
 582 0014 3E       		.uleb128 0x3e
 583 0015 0B       		.uleb128 0xb
 584 0016 03       		.uleb128 0x3
 585 0017 0E       		.uleb128 0xe
 586 0018 00       		.byte	0
 587 0019 00       		.byte	0
 588 001a 03       		.uleb128 0x3
 589 001b 24       		.uleb128 0x24
 590 001c 00       		.byte	0
 591 001d 0B       		.uleb128 0xb
 592 001e 0B       		.uleb128 0xb
 593 001f 3E       		.uleb128 0x3e
 594 0020 0B       		.uleb128 0xb
 595 0021 03       		.uleb128 0x3
 596 0022 08       		.uleb128 0x8
 597 0023 00       		.byte	0
 598 0024 00       		.byte	0
 599 0025 04       		.uleb128 0x4
 600 0026 16       		.uleb128 0x16
 601 0027 00       		.byte	0
 602 0028 03       		.uleb128 0x3
 603 0029 0E       		.uleb128 0xe
 604 002a 3A       		.uleb128 0x3a
 605 002b 0B       		.uleb128 0xb
 606 002c 3B       		.uleb128 0x3b
 607 002d 05       		.uleb128 0x5
 608 002e 49       		.uleb128 0x49
 609 002f 13       		.uleb128 0x13
 610 0030 00       		.byte	0
 611 0031 00       		.byte	0
 612 0032 05       		.uleb128 0x5
 613 0033 01       		.uleb128 0x1
 614 0034 01       		.byte	0x1
 615 0035 49       		.uleb128 0x49
 616 0036 13       		.uleb128 0x13
 617 0037 01       		.uleb128 0x1
 618 0038 13       		.uleb128 0x13
 619 0039 00       		.byte	0
 620 003a 00       		.byte	0
 621 003b 06       		.uleb128 0x6
 622 003c 21       		.uleb128 0x21
 623 003d 00       		.byte	0
ARM GAS  C:\Users\SUZUKI~1\AppData\Local\Temp\cc1CPjJz.s 			page 12


 624 003e 49       		.uleb128 0x49
 625 003f 13       		.uleb128 0x13
 626 0040 2F       		.uleb128 0x2f
 627 0041 05       		.uleb128 0x5
 628 0042 00       		.byte	0
 629 0043 00       		.byte	0
 630 0044 07       		.uleb128 0x7
 631 0045 34       		.uleb128 0x34
 632 0046 00       		.byte	0
 633 0047 03       		.uleb128 0x3
 634 0048 0E       		.uleb128 0xe
 635 0049 3A       		.uleb128 0x3a
 636 004a 0B       		.uleb128 0xb
 637 004b 3B       		.uleb128 0x3b
 638 004c 0B       		.uleb128 0xb
 639 004d 49       		.uleb128 0x49
 640 004e 13       		.uleb128 0x13
 641 004f 3F       		.uleb128 0x3f
 642 0050 19       		.uleb128 0x19
 643 0051 02       		.uleb128 0x2
 644 0052 18       		.uleb128 0x18
 645 0053 00       		.byte	0
 646 0054 00       		.byte	0
 647 0055 08       		.uleb128 0x8
 648 0056 26       		.uleb128 0x26
 649 0057 00       		.byte	0
 650 0058 49       		.uleb128 0x49
 651 0059 13       		.uleb128 0x13
 652 005a 00       		.byte	0
 653 005b 00       		.byte	0
 654 005c 09       		.uleb128 0x9
 655 005d 21       		.uleb128 0x21
 656 005e 00       		.byte	0
 657 005f 49       		.uleb128 0x49
 658 0060 13       		.uleb128 0x13
 659 0061 2F       		.uleb128 0x2f
 660 0062 0B       		.uleb128 0xb
 661 0063 00       		.byte	0
 662 0064 00       		.byte	0
 663 0065 00       		.byte	0
 664              		.section	.debug_aranges,"",%progbits
 665 0000 14000000 		.4byte	0x14
 666 0004 0200     		.2byte	0x2
 667 0006 00000000 		.4byte	.Ldebug_info0
 668 000a 04       		.byte	0x4
 669 000b 00       		.byte	0
 670 000c 0000     		.2byte	0
 671 000e 0000     		.2byte	0
 672 0010 00000000 		.4byte	0
 673 0014 00000000 		.4byte	0
 674              		.section	.debug_line,"",%progbits
 675              	.Ldebug_line0:
 676 0000 4F000000 		.section	.debug_str,"MS",%progbits,1
 676      02004900 
 676      00000201 
 676      FB0E0D00 
 676      01010101 
ARM GAS  C:\Users\SUZUKI~1\AppData\Local\Temp\cc1CPjJz.s 			page 13


 677              	.LASF20:
 678 0000 433A5C55 		.ascii	"C:\\Users\\suzukihajime\\Documents\\PSoC Creator\\b"
 678      73657273 
 678      5C73757A 
 678      756B6968 
 678      616A696D 
 679 002e 6F6F7374 		.ascii	"oost\\boost.soft.cydsn\000"
 679      5C626F6F 
 679      73742E73 
 679      6F66742E 
 679      63796473 
 680              	.LASF19:
 681 0044 2E5C4765 		.ascii	".\\Generated_Source\\PSoC5\\cymetadata.c\000"
 681      6E657261 
 681      7465645F 
 681      536F7572 
 681      63655C50 
 682              	.LASF17:
 683 006a 63795F6D 		.ascii	"cy_metadata\000"
 683      65746164 
 683      61746100 
 684              	.LASF9:
 685 0076 666C6F61 		.ascii	"float\000"
 685      7400
 686              	.LASF21:
 687 007c 75696E74 		.ascii	"uint8\000"
 687      3800
 688              	.LASF1:
 689 0082 756E7369 		.ascii	"unsigned char\000"
 689      676E6564 
 689      20636861 
 689      7200
 690              	.LASF5:
 691 0090 6C6F6E67 		.ascii	"long unsigned int\000"
 691      20756E73 
 691      69676E65 
 691      6420696E 
 691      7400
 692              	.LASF3:
 693 00a2 73686F72 		.ascii	"short unsigned int\000"
 693      7420756E 
 693      7369676E 
 693      65642069 
 693      6E7400
 694              	.LASF10:
 695 00b5 646F7562 		.ascii	"double\000"
 695      6C6500
 696              	.LASF14:
 697 00bc 63795F6D 		.ascii	"cy_meta_custnvl\000"
 697      6574615F 
 697      63757374 
 697      6E766C00 
 698              	.LASF13:
 699 00cc 63795F6D 		.ascii	"cy_meta_configecc\000"
 699      6574615F 
 699      636F6E66 
 699      69676563 
ARM GAS  C:\Users\SUZUKI~1\AppData\Local\Temp\cc1CPjJz.s 			page 14


 699      6300
 700              	.LASF8:
 701 00de 756E7369 		.ascii	"unsigned int\000"
 701      676E6564 
 701      20696E74 
 701      00
 702              	.LASF7:
 703 00eb 6C6F6E67 		.ascii	"long long unsigned int\000"
 703      206C6F6E 
 703      6720756E 
 703      7369676E 
 703      65642069 
 704              	.LASF16:
 705 0102 63795F6D 		.ascii	"cy_meta_flashprotect\000"
 705      6574615F 
 705      666C6173 
 705      6870726F 
 705      74656374 
 706              	.LASF15:
 707 0117 63795F6D 		.ascii	"cy_meta_wonvl\000"
 707      6574615F 
 707      776F6E76 
 707      6C00
 708              	.LASF12:
 709 0125 73697A65 		.ascii	"sizetype\000"
 709      74797065 
 709      00
 710              	.LASF6:
 711 012e 6C6F6E67 		.ascii	"long long int\000"
 711      206C6F6E 
 711      6720696E 
 711      7400
 712              	.LASF11:
 713 013c 63686172 		.ascii	"char\000"
 713      00
 714              	.LASF2:
 715 0141 73686F72 		.ascii	"short int\000"
 715      7420696E 
 715      7400
 716              	.LASF18:
 717 014b 474E5520 		.ascii	"GNU C 4.9.3 20150303 (release) [ARM/embedded-4_9-br"
 717      4320342E 
 717      392E3320 
 717      32303135 
 717      30333033 
 718 017e 616E6368 		.ascii	"anch revision 221220] -mcpu=cortex-m3 -mthumb -g -O"
 718      20726576 
 718      6973696F 
 718      6E203232 
 718      31323230 
 719 01b1 73202D66 		.ascii	"s -ffunction-sections -ffat-lto-objects\000"
 719      66756E63 
 719      74696F6E 
 719      2D736563 
 719      74696F6E 
 720              	.LASF4:
 721 01d9 6C6F6E67 		.ascii	"long int\000"
ARM GAS  C:\Users\SUZUKI~1\AppData\Local\Temp\cc1CPjJz.s 			page 15


 721      20696E74 
 721      00
 722              	.LASF0:
 723 01e2 7369676E 		.ascii	"signed char\000"
 723      65642063 
 723      68617200 
 724              		.ident	"GCC: (GNU Tools for ARM Embedded Processors) 4.9.3 20150303 (release) [ARM/embedded-4_9-br
