#***************************************************************************

#sjplacer

#Version:            1.1

#Build Date:         Apr 25 2016 12:55:34

#File Generated:     Sep 17 2016 01:21:25

#Purpose:            

#Copyright (C) 2010-2011 by Softjin Technologies Pvt Ltd. All rights reserved.

#***************************************************************************

Executing : C:\Program Files (x86)\Cypress\PSoC Creator\3.3\PSoC Creator\bin/sjplacer.exe --proj-name boost --netlist-vh2 boost_p.vh2 --arch-file C:\Program Files (x86)\Cypress\PSoC Creator\3.3\PSoC Creator\dev/arch/p35_udb4x6.ark --rrg-file C:\Program Files (x86)\Cypress\PSoC Creator\3.3\PSoC Creator\dev/psoc5/psoc5lp/route_arch-rrg.cydata --irq-file C:\Program Files (x86)\Cypress\PSoC Creator\3.3\PSoC Creator\dev/psoc5/psoc5lp/irqconn.cydata --drq-file C:\Program Files (x86)\Cypress\PSoC Creator\3.3\PSoC Creator\dev/psoc5/psoc5lp/dmaconn.cydata --dsi-conn-file C:\Program Files (x86)\Cypress\PSoC Creator\3.3\PSoC Creator\dev/psoc5/psoc5lp/dsiconn.cydata --pins-file pins_68-QFN.xml --lib-file boost_p.lib --sdc-file boost.sdc --io-pcf boost.pci --outdir .

		Softjin Techologies Placer, Version 1.1

Build Date : Apr 25 2016	12:53:53

D2004: Option and Settings Summary
=============================================================
Netlist vh2 file          - boost_p.vh2
Architecture file         - C:\Program Files (x86)\Cypress\PSoC Creator\3.3\PSoC Creator\dev/arch/p35_udb4x6.ark
Package                   - 
Defparam file             - 
SDC file                  - boost.sdc
Output directory          - .
Timing library            - boost_p.lib
IO Placement file         - boost.pci

D2050: Starting reading inputs for placer
=============================================================
D2065: Reading netlist file : "boost_p.vh2"
D2065: Reading arch file : "C:\Program Files (x86)\Cypress\PSoC Creator\3.3\PSoC Creator\dev/arch/p35_udb4x6.ark"
D2051: Reading of inputs for placer completed successfully

D2053: Starting placement of the design
=============================================================

Phase 2
Phase 3

Design Statistics after Packing
    Number of Combinational MCs 	:	10
    Number of Sequential MCs    	:	18
    Number of DPs               	:	4
    Number of Controls          	:	6
    Number of Status            	:	0
    Number of SyncCells         	:	0
    Number of count7cells       	:	4

Device Utilization Summary after Packing
    Macrocells                  :	28/192
    UDBS                        :	6/24
    IOs                         :	18/72


D2088: Phase 3, elapsed time : 0.0 (sec)

Phase 4
D2088: Phase 4, elapsed time : 0.0 (sec)

Phase 5
D2088: Phase 5, elapsed time : 0.0 (sec)

Phase 6

######################################################################
Placement Timing Summary

The timing summary is based on estimated routing delays after
placement. For final timing report, please carry out the timing
analysis after routing.
======================================================================

######################################################################
                     Clock Summary 
======================================================================
Number of clocks: 10
Clock: ADC_theACLK          | Frequency: N/A       | Target:   1.2 MHz
Clock: ADC_theACLK(routed)  | Frequency: N/A       | Target:   1.2 MHz
Clock: Clock_1              | Frequency:  92.4 MHz | Target:   0.0 MHz
Clock: CyBUS_CLK            | Frequency:  61.4 MHz | Target:  24.0 MHz
Clock: CyILO                | Frequency: N/A       | Target:   0.0 MHz
Clock: CyIMO                | Frequency: N/A       | Target:   3.0 MHz
Clock: CyMASTER_CLK         | Frequency:  92.4 MHz | Target:  24.0 MHz
Clock: CyPLL_OUT            | Frequency: N/A       | Target:  24.0 MHz
Clock: clk                  | Frequency:  85.5 MHz | Target:  12.0 MHz
Clock: khz                  | Frequency:  38.2 MHz | Target:   0.0 MHz

======================================================================
                     End of Clock Summary
######################################################################

D2088: Phase 6, elapsed time : 0.0 (sec)

Phase 7
######################################################################
                     Clock Summary 
======================================================================
Number of clocks: 10
Clock: ADC_theACLK          | Frequency: N/A       | Target:   1.2 MHz
Clock: ADC_theACLK(routed)  | Frequency: N/A       | Target:   1.2 MHz
Clock: Clock_1              | Frequency:  92.4 MHz | Target:   0.0 MHz
Clock: CyBUS_CLK            | Frequency:   3.2 MHz | Target:  24.0 MHz
Clock: CyILO                | Frequency: N/A       | Target:   0.0 MHz
Clock: CyIMO                | Frequency: N/A       | Target:   3.0 MHz
Clock: CyMASTER_CLK         | Frequency:  92.4 MHz | Target:  24.0 MHz
Clock: CyPLL_OUT            | Frequency: N/A       | Target:  24.0 MHz
Clock: clk                  | Frequency:  85.5 MHz | Target:  12.0 MHz
Clock: khz                  | Frequency:   3.2 MHz | Target:   0.0 MHz

======================================================================
                     End of Clock Summary
######################################################################
D2088: Phase 7, elapsed time : 0.2 (sec)

Final Design Statistics
    Number of Combinational MCs 	:	10
    Number of Sequential MCs    	:	18
    Number of DPs               	:	4
    Number of Controls          	:	6
    Number of Status            	:	0
    Number of SyncCells         	:	0
    Number of count7cells       	:	4
    Number of IOs       	:	18

Device Utilization Summary
    Macrocells                  :	28/192
    IOs                         :	18/72



######################################################################
Placement Timing Summary

The timing summary is based on estimated routing delays after
placement. For final timing report, please carry out the timing
analysis after routing.
======================================================================


######################################################################
                     Clock Summary 
======================================================================
Number of clocks: 10
Clock: ADC_theACLK          | Frequency: N/A       | Target:   1.2 MHz
Clock: ADC_theACLK(routed)  | Frequency: N/A       | Target:   1.2 MHz
Clock: Clock_1              | Frequency: 114.7 MHz | Target:   0.0 MHz
Clock: CyBUS_CLK            | Frequency:   3.3 MHz | Target:  24.0 MHz
Clock: CyILO                | Frequency: N/A       | Target:   0.0 MHz
Clock: CyIMO                | Frequency: N/A       | Target:   3.0 MHz
Clock: CyMASTER_CLK         | Frequency: 131.2 MHz | Target:  24.0 MHz
Clock: CyPLL_OUT            | Frequency: N/A       | Target:  24.0 MHz
Clock: clk                  | Frequency:  85.5 MHz | Target:  12.0 MHz
Clock: khz                  | Frequency:   3.3 MHz | Target:   0.0 MHz

======================================================================
                     End of Clock Summary
######################################################################

Phase 8
D2088: Phase 8, elapsed time : 0.0 (sec)

D2054: Placement of the design completed successfully

I2076: Total run-time: 0.8 sec.

